<?xml version="1.0" encoding="UTF-8"?>
<!-- Generated by org.testng.reporters.JUnitXMLReporter -->
<testsuite hostname="Santhosh" ignored="38" name="IMCL LCO Test end-to-end." tests="20" failures="0" timestamp="17 Jul 2017 17:21:18 GMT" time="0.104" errors="0">
  <testcase name="@BeforeSuite initApplication" time="28.398" classname="com.constant.lcoportal.imcl.BaseTest">
    <failure type="java.lang.NullPointerException">
      <![CDATA[java.lang.NullPointerException
	at com.constant.lcoportal.imcl.BaseTest.preCondition(BaseTest.java:158)
	at com.constant.lcoportal.imcl.BaseTest.initApplication(BaseTest.java:119)
... Removed 19 stack frames]]>
    </failure>
  </testcase> <!-- @BeforeSuite initApplication -->
  <testcase name="testAddBasePackValidationTest" time="0.0" classname="com.IMCL.tests.AddBasePackValidationTest">
    <skipped/>
  </testcase> <!-- testAddBasePackValidationTest -->
  <testcase name="testIsBulkActivateButtonPresent" time="0.0" classname="com.IMCL.tests.AddAddOnPackValidationTest">
    <skipped/>
  </testcase> <!-- testIsBulkActivateButtonPresent -->
  <testcase name="testAddSchemeBasedPackValidationTest" time="0.0" classname="com.IMCL.tests.AddSchemeBasedPackValidationTest">
    <skipped/>
  </testcase> <!-- testAddSchemeBasedPackValidationTest -->
  <testcase name="testAddRenewPlanPageValidation" time="0.0" classname="com.IMCL.tests.AddRenewPlanPageValidationTest">
    <skipped/>
  </testcase> <!-- testAddRenewPlanPageValidation -->
  <testcase name="testAddRenewHDBasePackPageValidationTest" time="0.0" classname="com.IMCL.tests.AddRenewHDBasePackPageValidationTest">
    <skipped/>
  </testcase> <!-- testAddRenewHDBasePackPageValidationTest -->
  <testcase name="testAddRenewChangeValidityPlanPageValidationTest" time="0.0" classname="com.IMCL.tests.AddRenewChangeValidityPlanPageValidationTest">
    <skipped/>
  </testcase> <!-- testAddRenewChangeValidityPlanPageValidationTest -->
  <testcase name="testAddRenewChangeBasePackPlanValidationTest" time="0.0" classname="com.IMCL.tests.AddRenewChangeBasePackPlanValidationTest">
    <skipped/>
  </testcase> <!-- testAddRenewChangeBasePackPlanValidationTest -->
  <testcase name="testAddPlansDisconnectPlanPageTest" time="0.0" classname="com.IMCL.tests.AddPlansDisconnectPlanPageTest">
    <skipped/>
  </testcase> <!-- testAddPlansDisconnectPlanPageTest -->
  <testcase name="testPlans_ReconnectThePlanPackTest" time="0.0" classname="com.IMCL.tests.Plans_ReconnectThePlanPackTest">
    <skipped/>
  </testcase> <!-- testPlans_ReconnectThePlanPackTest -->
  <testcase name="testAddCreditToTheAccountPlanPageTest" time="0.0" classname="com.IMCL.tests.AddCreditFromCardToTheAccountPlanPageTest">
    <skipped/>
  </testcase> <!-- testAddCreditToTheAccountPlanPageTest -->
  <testcase name="testAddCreditFromWalletToAccountPlanPage" time="0.0" classname="com.IMCL.tests.AddCreditFromWalletToAccountPlanPage">
    <skipped/>
  </testcase> <!-- testAddCreditFromWalletToAccountPlanPage -->
  <testcase name="testToDownloadActivationButtonTest" time="0.0" classname="com.IMCL.tests.ToDownloadReportSchedulesButtonTest">
    <skipped/>
  </testcase> <!-- testToDownloadActivationButtonTest -->
  <testcase name="testPostPaidPlan_BillsPageTest" time="0.0" classname="com.IMCL.tests.PostPaidPlan_BillsPageTest">
    <skipped/>
  </testcase> <!-- testPostPaidPlan_BillsPageTest -->
  <testcase name="testPostPaidMenu_PastPaidPaymentPageTest" time="0.0" classname="com.IMCL.tests.PostPaidMenu_PostPaidPaymentPageTest">
    <skipped/>
  </testcase> <!-- testPostPaidMenu_PastPaidPaymentPageTest -->
  <testcase name="testHardWareMenu_RetrackTest" time="0.0" classname="com.IMCL.tests.HardWareMenu1_RetrackTest">
    <skipped/>
  </testcase> <!-- testHardWareMenu_RetrackTest -->
  <testcase name="testModifyCustomerPageTest" time="0.0" classname="com.IMCL.tests.ModifyCustomerPageTest">
    <skipped/>
  </testcase> <!-- testModifyCustomerPageTest -->
  <testcase name="testTickectsPageTest" time="0.0" classname="com.IMCL.tests.TickectsPageTest">
    <skipped/>
  </testcase> <!-- testTickectsPageTest -->
  <testcase name="testDownloadRecepitsPageTest" time="0.0" classname="com.IMCL.tests.DownloadRecepitsPageTest">
    <skipped/>
  </testcase> <!-- testDownloadRecepitsPageTest -->
  <testcase name="testChangingProfilePageTest" time="0.0" classname="com.IMCL.tests.ProfileChangingPageTest">
    <skipped/>
  </testcase> <!-- testChangingProfilePageTest -->
  <testcase name="testChangePasswordPageTest" time="0.0" classname="com.IMCL.tests.ChangePasswordPageTest">
    <skipped/>
  </testcase> <!-- testChangePasswordPageTest -->
  <testcase name="@BeforeSuite initApplication" time="0.0" classname="com.constant.lcoportal.imcl.BaseTest">
    <ignored/>
  </testcase> <!-- @BeforeSuite initApplication -->
  <testcase name="@BeforeSuite initApplication" time="0.0" classname="com.constant.lcoportal.imcl.BaseTest">
    <ignored/>
  </testcase> <!-- @BeforeSuite initApplication -->
  <testcase name="@BeforeSuite initApplication" time="0.0" classname="com.constant.lcoportal.imcl.BaseTest">
    <ignored/>
  </testcase> <!-- @BeforeSuite initApplication -->
  <testcase name="@BeforeSuite initApplication" time="0.0" classname="com.constant.lcoportal.imcl.BaseTest">
    <ignored/>
  </testcase> <!-- @BeforeSuite initApplication -->
  <testcase name="@BeforeSuite initApplication" time="0.0" classname="com.constant.lcoportal.imcl.BaseTest">
    <ignored/>
  </testcase> <!-- @BeforeSuite initApplication -->
  <testcase name="@BeforeSuite initApplication" time="0.0" classname="com.constant.lcoportal.imcl.BaseTest">
    <ignored/>
  </testcase> <!-- @BeforeSuite initApplication -->
  <testcase name="@BeforeSuite initApplication" time="0.0" classname="com.constant.lcoportal.imcl.BaseTest">
    <ignored/>
  </testcase> <!-- @BeforeSuite initApplication -->
  <testcase name="@BeforeSuite initApplication" time="0.0" classname="com.constant.lcoportal.imcl.BaseTest">
    <ignored/>
  </testcase> <!-- @BeforeSuite initApplication -->
  <testcase name="@BeforeSuite initApplication" time="0.0" classname="com.constant.lcoportal.imcl.BaseTest">
    <ignored/>
  </testcase> <!-- @BeforeSuite initApplication -->
  <testcase name="@BeforeSuite initApplication" time="0.0" classname="com.constant.lcoportal.imcl.BaseTest">
    <ignored/>
  </testcase> <!-- @BeforeSuite initApplication -->
  <testcase name="@BeforeSuite initApplication" time="0.0" classname="com.constant.lcoportal.imcl.BaseTest">
    <ignored/>
  </testcase> <!-- @BeforeSuite initApplication -->
  <testcase name="@BeforeSuite initApplication" time="0.0" classname="com.constant.lcoportal.imcl.BaseTest">
    <ignored/>
  </testcase> <!-- @BeforeSuite initApplication -->
  <testcase name="@BeforeSuite initApplication" time="0.0" classname="com.constant.lcoportal.imcl.BaseTest">
    <ignored/>
  </testcase> <!-- @BeforeSuite initApplication -->
  <testcase name="@BeforeSuite initApplication" time="0.0" classname="com.constant.lcoportal.imcl.BaseTest">
    <ignored/>
  </testcase> <!-- @BeforeSuite initApplication -->
  <testcase name="@BeforeSuite initApplication" time="0.0" classname="com.constant.lcoportal.imcl.BaseTest">
    <ignored/>
  </testcase> <!-- @BeforeSuite initApplication -->
  <testcase name="@BeforeSuite initApplication" time="0.0" classname="com.constant.lcoportal.imcl.BaseTest">
    <ignored/>
  </testcase> <!-- @BeforeSuite initApplication -->
  <testcase name="@BeforeSuite initApplication" time="0.0" classname="com.constant.lcoportal.imcl.BaseTest">
    <ignored/>
  </testcase> <!-- @BeforeSuite initApplication -->
  <testcase name="@BeforeSuite initApplication" time="0.0" classname="com.constant.lcoportal.imcl.BaseTest">
    <ignored/>
  </testcase> <!-- @BeforeSuite initApplication -->
  <testcase name="@BeforeSuite initApplication" time="0.0" classname="com.constant.lcoportal.imcl.BaseTest">
    <ignored/>
  </testcase> <!-- @BeforeSuite initApplication -->
  <testcase name="@AfterSuite closeFrameWork" time="0.0" classname="com.constant.lcoportal.imcl.BaseTest">
    <ignored/>
  </testcase> <!-- @AfterSuite closeFrameWork -->
  <testcase name="@AfterSuite closeFrameWork" time="0.0" classname="com.constant.lcoportal.imcl.BaseTest">
    <ignored/>
  </testcase> <!-- @AfterSuite closeFrameWork -->
  <testcase name="@AfterSuite closeFrameWork" time="0.0" classname="com.constant.lcoportal.imcl.BaseTest">
    <ignored/>
  </testcase> <!-- @AfterSuite closeFrameWork -->
  <testcase name="@AfterSuite closeFrameWork" time="0.0" classname="com.constant.lcoportal.imcl.BaseTest">
    <ignored/>
  </testcase> <!-- @AfterSuite closeFrameWork -->
  <testcase name="@AfterSuite closeFrameWork" time="0.0" classname="com.constant.lcoportal.imcl.BaseTest">
    <ignored/>
  </testcase> <!-- @AfterSuite closeFrameWork -->
  <testcase name="@AfterSuite closeFrameWork" time="0.0" classname="com.constant.lcoportal.imcl.BaseTest">
    <ignored/>
  </testcase> <!-- @AfterSuite closeFrameWork -->
  <testcase name="@AfterSuite closeFrameWork" time="0.0" classname="com.constant.lcoportal.imcl.BaseTest">
    <ignored/>
  </testcase> <!-- @AfterSuite closeFrameWork -->
  <testcase name="@AfterSuite closeFrameWork" time="0.0" classname="com.constant.lcoportal.imcl.BaseTest">
    <ignored/>
  </testcase> <!-- @AfterSuite closeFrameWork -->
  <testcase name="@AfterSuite closeFrameWork" time="0.0" classname="com.constant.lcoportal.imcl.BaseTest">
    <ignored/>
  </testcase> <!-- @AfterSuite closeFrameWork -->
  <testcase name="@AfterSuite closeFrameWork" time="0.0" classname="com.constant.lcoportal.imcl.BaseTest">
    <ignored/>
  </testcase> <!-- @AfterSuite closeFrameWork -->
  <testcase name="@AfterSuite closeFrameWork" time="0.0" classname="com.constant.lcoportal.imcl.BaseTest">
    <ignored/>
  </testcase> <!-- @AfterSuite closeFrameWork -->
  <testcase name="@AfterSuite closeFrameWork" time="0.0" classname="com.constant.lcoportal.imcl.BaseTest">
    <ignored/>
  </testcase> <!-- @AfterSuite closeFrameWork -->
  <testcase name="@AfterSuite closeFrameWork" time="0.0" classname="com.constant.lcoportal.imcl.BaseTest">
    <ignored/>
  </testcase> <!-- @AfterSuite closeFrameWork -->
  <testcase name="@AfterSuite closeFrameWork" time="0.0" classname="com.constant.lcoportal.imcl.BaseTest">
    <ignored/>
  </testcase> <!-- @AfterSuite closeFrameWork -->
  <testcase name="@AfterSuite closeFrameWork" time="0.0" classname="com.constant.lcoportal.imcl.BaseTest">
    <ignored/>
  </testcase> <!-- @AfterSuite closeFrameWork -->
  <testcase name="@AfterSuite closeFrameWork" time="0.0" classname="com.constant.lcoportal.imcl.BaseTest">
    <ignored/>
  </testcase> <!-- @AfterSuite closeFrameWork -->
  <testcase name="@AfterSuite closeFrameWork" time="0.0" classname="com.constant.lcoportal.imcl.BaseTest">
    <ignored/>
  </testcase> <!-- @AfterSuite closeFrameWork -->
  <testcase name="@AfterSuite closeFrameWork" time="0.0" classname="com.constant.lcoportal.imcl.BaseTest">
    <ignored/>
  </testcase> <!-- @AfterSuite closeFrameWork -->
  <testcase name="@AfterSuite closeFrameWork" time="0.0" classname="com.constant.lcoportal.imcl.BaseTest">
    <ignored/>
  </testcase> <!-- @AfterSuite closeFrameWork -->
</testsuite> <!-- IMCL LCO Test end-to-end. -->
