<html xmlns:math="http://exslt.org/math" xmlns:testng="http://testng.org">
   <head>
      <title>TestNG Results</title>
      <meta http-equiv="content-type" content="text/html; charset=utf-8"></meta>
      <meta http-equiv="pragma" content="no-cache"></meta>
      <meta http-equiv="cache-control" content="max-age=0"></meta>
      <meta http-equiv="cache-control" content="no-cache"></meta>
      <meta http-equiv="cache-control" content="no-store"></meta>
      <LINK rel="stylesheet" href="style.css"></LINK>
      <script type="text/javascript" src="main.js"></script>
   </head>
   <body>
      <table width="100%" style="font-size: 16px; margin-bottom: 10px;" cellspacing="1">
         <tr>
            <td width="100%">
               All methods in suite
               
               <b>HITS LCO PORTAL.</b>
            </td>
            <td style="background-color: #FFBBBB; padding: 3px 3px 3px 0;" align="center">
               <div style="width: 50px;">6</div>
            </td>
            <td style="background-color: lightgreen; padding: 3px 3px 3px 0;" align="center">
               <div style="width: 50px;">20</div>
            </td>
            <td style="background-color: #FFFFBB; padding: 3px 3px 3px 0;" align="center">
               <div style="width: 50px;">0</div>
            </td>
            <td align="center" style="background-color: #eaf0f7; padding: 3px 3px 3px 0;">
               <div style="width: 50px;">26</div>
            </td>
            <td align="center"
                style="font-weight: bold; background-color: #eaf0f7; padding: 3px 3px 3px 0;">
               <div style="width: 50px;">77%</div>
            </td>
            <td style="background-color: #eaf0f7; padding: 3px 3px 3px 0;" align="center"
                nowrap="true">10m
               17s
               
            </td>
         </tr>
      </table>
      <div style="width: 200px;">
         <label for="groupMethodsCheckBox" style="font-weight: bold; margin: 0;">
            <input id="groupMethodsCheckBox" type="checkbox" onclick="switchTestMethodsView(this)"
                   checked=""></input>
            Group by class
            
         </label>
         <br></br>
         <label for="methodsFilter_ALL" style="font-weight: bold; margin: 0;">
            <input id="methodsFilter_ALL" type="checkbox"
                   onclick="testMethodsFilterChanged(this, 'ALL')"
                   checked=""></input>
            All
            
         </label>
      </div>
      <label for="methodsFilter_FAIL" style="margin-left: 20px;">
         <input id="methodsFilter_FAIL" type="checkbox"
                onclick="testMethodsFilterChanged(this, 'FAIL')"
                checked=""></input>
         Failed
         
      </label>
      <label for="methodsFilter_PASS">
         <input id="methodsFilter_PASS" type="checkbox"
                onclick="testMethodsFilterChanged(this, 'PASS')"
                checked=""></input>
         Passed
         
      </label>
      <label for="methodsFilter_SKIP">
         <input id="methodsFilter_SKIP" type="checkbox"
                onclick="testMethodsFilterChanged(this, 'SKIP')"
                checked=""></input>
         Skipped
         
      </label>
      <label for="methodsFilter_CONF">
         <input id="methodsFilter_CONF" type="checkbox"
                onclick="testMethodsFilterChanged(this, 'CONF')"
                checked=""></input>
         Config
         
      </label>
      <br></br>
      <div id="testMethodsByStatus" style="display: none;">
         <table class="testMethodsTable" cellpadding="0" cellspacing="0">
            <tr class="methodsTableHeader">
               <td width="100%">Name</td>
               <td nowrap="true">Started</td>
               <td nowrap="true">Duration</td>
               <td>Exception</td>
            </tr>
            <tr id="com.mobiotics.hits.TESTCASES.Payment_PayForBoxPageTest_testPayment_PayForBoxPageTest_byStatus_failed_FAIL1_row"
                class="testMethodStatusFAIL">
               <td width="100%" class="firstMethodCell">
                  <a onclick="toggleDetailsVisibility('com.mobiotics.hits.TESTCASES.Payment_PayForBoxPageTest_testPayment_PayForBoxPageTest_byStatus_failed_FAIL1_details')">testPayment_PayForBoxPageTest()</a>
               </td>
               <td nowrap="true">20:28:56</td>
               <td nowrap="true" align="right">1m
                  9s
                  
               </td>
               <td nowrap="true">
                  <a onclick="toggleDetailsVisibility('com.mobiotics.hits.TESTCASES.Payment_PayForBoxPageTest_testPayment_PayForBoxPageTest_byStatus_failed_FAIL1_exception')">org.openqa.selenium.TimeoutException: 
                     Expected condition failed: waiting for visibility of Proxy element for: DefaultElementLocator 'By.xpath: //input[@id='systemp_Mobile']'
                     (tried for 20 second(s) with 500 MILLISECONDS interval)
                     
                  </a>
                   
                  
               </td>
            </tr>
            <tr>
               <td colspan="4" class="detailsBox">
                  <div id="com.mobiotics.hits.TESTCASES.Payment_PayForBoxPageTest_testPayment_PayForBoxPageTest_byStatus_failed_FAIL1_details"
                       class="testMethodDetails">
                     <div>
                        <b>Name: </b>testPayment_PayForBoxPageTest
                     </div>
                     <div>
                        <b>Signature: </b>testPayment_PayForBoxPageTest()[pri:0, instance:com.mobiotics.hits.TESTCASES.Payment_PayForBoxPageTest@1f57539]
                     </div>
                     <div>
                        <b>Start time: </b>20:28:56
                     </div>
                     <div>
                        <b>End time: </b>20:30:05
                     </div>
                     <div>
                        <b>Duration: </b>1m
                        9s
                        
                     </div>
                  </div>
               </td>
            </tr>
            <tr>
               <td colspan="4" class="detailsBox">
                  <div id="com.mobiotics.hits.TESTCASES.Payment_PayForBoxPageTest_testPayment_PayForBoxPageTest_byStatus_failed_FAIL1_exception"
                       class="testMethodDetails">
                     <pre style="padding: 5px; margin: 0;">org.openqa.selenium.TimeoutException: Expected condition failed: waiting for visibility of Proxy element for: DefaultElementLocator
                        'By.xpath: //input[@id='systemp_Mobile']' (tried for 20 second(s) with 500 MILLISECONDS interval)
                        	at org.openqa.selenium.support.ui.WebDriverWait.timeoutException(WebDriverWait.java:80)
                        	at org.openqa.selenium.support.ui.FluentWait.until(FluentWait.java:232)
                        	at com.mobiotics.hits.commompages.BasePage.waitTillElementIsVisible(BasePage.java:32)
                        	at com.mobiotics.hits.paymentmenu_AddPayment.CitrusPaymentPage.goToCirtusPaymentPage(CitrusPaymentPage.java:57)
                        	at com.mobiotics.hits.paymentmenu_PayForBox.PayForBoxPage.goTOPayForBoxReport(PayForBoxPage.java:115)
                        	at com.mobiotics.hits.TESTCASES.Payment_PayForBoxPageTest.testPayment_PayForBoxPageTest(Payment_PayForBoxPageTest.java:16)
                        	at sun.reflect.NativeMethodAccessorImpl.invoke0(Native Method)
                        	at sun.reflect.NativeMethodAccessorImpl.invoke(NativeMethodAccessorImpl.java:62)
                        	at sun.reflect.DelegatingMethodAccessorImpl.invoke(DelegatingMethodAccessorImpl.java:43)
                        	at java.lang.reflect.Method.invoke(Method.java:498)
                        	at org.testng.internal.MethodInvocationHelper.invokeMethod(MethodInvocationHelper.java:108)
                        	at org.testng.internal.Invoker.invokeMethod(Invoker.java:661)
                        	at org.testng.internal.Invoker.invokeTestMethod(Invoker.java:869)
                        	at org.testng.internal.Invoker.invokeTestMethods(Invoker.java:1193)
                        	at org.testng.internal.TestMethodWorker.invokeTestMethods(TestMethodWorker.java:126)
                        	at org.testng.internal.TestMethodWorker.run(TestMethodWorker.java:109)
                        	at org.testng.TestRunner.privateRun(TestRunner.java:744)
                        	at org.testng.TestRunner.run(TestRunner.java:602)
                        	at org.testng.SuiteRunner.runTest(SuiteRunner.java:380)
                        	at org.testng.SuiteRunner.runSequentially(SuiteRunner.java:375)
                        	at org.testng.SuiteRunner.privateRun(SuiteRunner.java:340)
                        	at org.testng.SuiteRunner.run(SuiteRunner.java:289)
                        	at org.testng.SuiteRunnerWorker.runSuite(SuiteRunnerWorker.java:52)
                        	at org.testng.SuiteRunnerWorker.run(SuiteRunnerWorker.java:86)
                        	at org.testng.TestNG.runSuitesSequentially(TestNG.java:1301)
                        	at org.testng.TestNG.runSuitesLocally(TestNG.java:1226)
                        	at org.testng.TestNG.runSuites(TestNG.java:1144)
                        	at org.testng.TestNG.run(TestNG.java:1115)
                        	at org.testng.remote.AbstractRemoteTestNG.run(AbstractRemoteTestNG.java:132)
                        	at org.testng.remote.RemoteTestNG.initAndRun(RemoteTestNG.java:230)
                        	at org.testng.remote.RemoteTestNG.main(RemoteTestNG.java:76)
                        Caused by: org.openqa.selenium.NoSuchElementException: no such element: Unable to locate element: {"method":"xpath","selector":"//input[@id='systemp_Mobile']"}
                        (Session info: chrome=59.0.3071.115)
                        (Driver info: chromedriver=2.28.455520 (cc17746adff54984afff480136733114c6b3704b),platform=Windows NT 6.1.7601 SP1 x86_64)
                        (WARNING: The server did not provide any stacktrace information)
                        Command duration or timeout: 23.00 seconds
                        For documentation on this error, please visit: http://seleniumhq.org/exceptions/no_such_element.html
                        Build info: version: 'unknown', revision: '5234b32', time: '2017-03-10 09:00:17 -0800'
                        System info: host: 'SANTHOSH', ip: '192.168.91.1', os.name: 'Windows 7', os.arch: 'amd64', os.version: '6.1', java.version:
                        '1.8.0_121'
                        Driver info: org.openqa.selenium.chrome.ChromeDriver
                        Capabilities [{applicationCacheEnabled=false, rotatable=false, mobileEmulationEnabled=false, networkConnectionEnabled=false,
                        chrome={chromedriverVersion=2.28.455520 (cc17746adff54984afff480136733114c6b3704b), userDataDir=C:\Users\Santhu\AppData\Local\Temp\scoped_dir5456_23865},
                        takesHeapSnapshot=true, pageLoadStrategy=normal, databaseEnabled=false, handlesAlerts=true, hasTouchScreen=false, version=59.0.3071.115,
                        platform=XP, browserConnectionEnabled=false, nativeEvents=true, acceptSslCerts=true, locationContextEnabled=true, webStorageEnabled=true,
                        browserName=chrome, takesScreenshot=true, javascriptEnabled=true, cssSelectorsEnabled=true, unexpectedAlertBehaviour=}]
                        Session ID: 28c53deab18adc3f67684c4c35f80194
                        *** Element info: {Using=xpath, value=//input[@id='systemp_Mobile']}
                        	at sun.reflect.NativeConstructorAccessorImpl.newInstance0(Native Method)
                        	at sun.reflect.NativeConstructorAccessorImpl.newInstance(NativeConstructorAccessorImpl.java:62)
                        	at sun.reflect.DelegatingConstructorAccessorImpl.newInstance(DelegatingConstructorAccessorImpl.java:45)
                        	at java.lang.reflect.Constructor.newInstance(Constructor.java:423)
                        	at org.openqa.selenium.remote.ErrorHandler.createThrowable(ErrorHandler.java:216)
                        	at org.openqa.selenium.remote.ErrorHandler.throwIfResponseFailed(ErrorHandler.java:168)
                        	at org.openqa.selenium.remote.RemoteWebDriver.execute(RemoteWebDriver.java:638)
                        	at org.openqa.selenium.remote.RemoteWebDriver.findElement(RemoteWebDriver.java:371)
                        	at org.openqa.selenium.remote.RemoteWebDriver.findElementByXPath(RemoteWebDriver.java:476)
                        	at org.openqa.selenium.By$ByXPath.findElement(By.java:361)
                        	at org.openqa.selenium.remote.RemoteWebDriver.findElement(RemoteWebDriver.java:363)
                        	at org.openqa.selenium.support.pagefactory.DefaultElementLocator.findElement(DefaultElementLocator.java:69)
                        	at org.openqa.selenium.support.pagefactory.internal.LocatingElementHandler.invoke(LocatingElementHandler.java:38)
                        	at com.sun.proxy.$Proxy10.isDisplayed(Unknown Source)
                        	at org.openqa.selenium.support.ui.ExpectedConditions.elementIfVisible(ExpectedConditions.java:305)
                        	at org.openqa.selenium.support.ui.ExpectedConditions.access$100(ExpectedConditions.java:44)
                        	at org.openqa.selenium.support.ui.ExpectedConditions$10.apply(ExpectedConditions.java:291)
                        	at org.openqa.selenium.support.ui.ExpectedConditions$10.apply(ExpectedConditions.java:288)
                        	at org.openqa.selenium.support.ui.FluentWait.until(FluentWait.java:209)
                        	... 29 more
                     </pre>
                  </div>
               </td>
            </tr>
            <tr id="com.mobiotics.hits.TESTCASES.Profile_MyProfilePageTest_testProfile_MyProfilePageTest_byStatus_failed_FAIL2_row"
                class="testMethodStatusFAIL">
               <td width="100%" class="firstMethodCell">
                  <a onclick="toggleDetailsVisibility('com.mobiotics.hits.TESTCASES.Profile_MyProfilePageTest_testProfile_MyProfilePageTest_byStatus_failed_FAIL2_details')">testProfile_MyProfilePageTest()</a>
               </td>
               <td nowrap="true">20:37:58</td>
               <td nowrap="true" align="right">183 ms
                  
               </td>
               <td nowrap="true">
                  <a onclick="toggleDetailsVisibility('com.mobiotics.hits.TESTCASES.Profile_MyProfilePageTest_testProfile_MyProfilePageTest_byStatus_failed_FAIL2_exception')">org.openqa.selenium.WebDriverException: 
                     unknown error: Element &lt;a class="dropdown-toggle" data-toggle="dropdown" role="button" href=""&gt;...&lt;/a&gt; is not clickable at
                     point (1211, 36). Other element would receive the click: &lt;div class="loading"&gt;&lt;/div&gt;
                     (Session info: chrome=59.0.3071.115)
                     (Driver info: chromedriver=2.28.455520 (cc17746adff54984afff480136733114c6b3704b),platform=Windows NT 6.1.7601 SP1 x86_64)
                     (WARNING: The server did not provide any stacktrace information)
                     Command duration or timeout: 136 milliseconds
                     Build info: version: 'unknown', revision: '5234b32', time: '2017-03-10 09:00:17 -0800'
                     System info: host: 'SANTHOSH', ip: '192.168.91.1', os.name: 'Windows 7', os.arch: 'amd64', os.version: '6.1', java.version:
                     '1.8.0_121'
                     Driver info: org.openqa.selenium.chrome.ChromeDriver
                     Capabilities [{applicationCacheEnabled=false, rotatable=false, mobileEmulationEnabled=false, networkConnectionEnabled=false,
                     chrome={chromedriverVersion=2.28.455520 (cc17746adff54984afff480136733114c6b3704b), userDataDir=C:\Users\Santhu\AppData\Local\Temp\scoped_dir5456_23865},
                     takesHeapSnapshot=true, pageLoadStrategy=normal, databaseEnabled=false, handlesAlerts=true, hasTouchScreen=false, version=59.0.3071.115,
                     platform=XP, browserConnectionEnabled=false, nativeEvents=true, acceptSslCerts=true, locationContextEnabled=true, webStorageEnabled=true,
                     browserName=chrome, takesScreenshot=true, javascriptEnabled=true, cssSelectorsEnabled=true, unexpectedAlertBehaviour=}]
                     Session ID: 28c53deab18adc3f67684c4c35f80194
                     
                  </a>
                   
                  
               </td>
            </tr>
            <tr>
               <td colspan="4" class="detailsBox">
                  <div id="com.mobiotics.hits.TESTCASES.Profile_MyProfilePageTest_testProfile_MyProfilePageTest_byStatus_failed_FAIL2_details"
                       class="testMethodDetails">
                     <div>
                        <b>Name: </b>testProfile_MyProfilePageTest
                     </div>
                     <div>
                        <b>Signature: </b>testProfile_MyProfilePageTest()[pri:0, instance:com.mobiotics.hits.TESTCASES.Profile_MyProfilePageTest@33c7e1bb]
                     </div>
                     <div>
                        <b>Start time: </b>20:37:58
                     </div>
                     <div>
                        <b>End time: </b>20:37:58
                     </div>
                     <div>
                        <b>Duration: </b>183 ms
                        
                     </div>
                  </div>
               </td>
            </tr>
            <tr>
               <td colspan="4" class="detailsBox">
                  <div id="com.mobiotics.hits.TESTCASES.Profile_MyProfilePageTest_testProfile_MyProfilePageTest_byStatus_failed_FAIL2_exception"
                       class="testMethodDetails">
                     <pre style="padding: 5px; margin: 0;">org.openqa.selenium.WebDriverException: unknown error: Element &lt;a class="dropdown-toggle" data-toggle="dropdown" role="button"
                        href=""&gt;...&lt;/a&gt; is not clickable at point (1211, 36). Other element would receive the click: &lt;div class="loading"&gt;&lt;/div&gt;
                        (Session info: chrome=59.0.3071.115)
                        (Driver info: chromedriver=2.28.455520 (cc17746adff54984afff480136733114c6b3704b),platform=Windows NT 6.1.7601 SP1 x86_64)
                        (WARNING: The server did not provide any stacktrace information)
                        Command duration or timeout: 136 milliseconds
                        Build info: version: 'unknown', revision: '5234b32', time: '2017-03-10 09:00:17 -0800'
                        System info: host: 'SANTHOSH', ip: '192.168.91.1', os.name: 'Windows 7', os.arch: 'amd64', os.version: '6.1', java.version:
                        '1.8.0_121'
                        Driver info: org.openqa.selenium.chrome.ChromeDriver
                        Capabilities [{applicationCacheEnabled=false, rotatable=false, mobileEmulationEnabled=false, networkConnectionEnabled=false,
                        chrome={chromedriverVersion=2.28.455520 (cc17746adff54984afff480136733114c6b3704b), userDataDir=C:\Users\Santhu\AppData\Local\Temp\scoped_dir5456_23865},
                        takesHeapSnapshot=true, pageLoadStrategy=normal, databaseEnabled=false, handlesAlerts=true, hasTouchScreen=false, version=59.0.3071.115,
                        platform=XP, browserConnectionEnabled=false, nativeEvents=true, acceptSslCerts=true, locationContextEnabled=true, webStorageEnabled=true,
                        browserName=chrome, takesScreenshot=true, javascriptEnabled=true, cssSelectorsEnabled=true, unexpectedAlertBehaviour=}]
                        Session ID: 28c53deab18adc3f67684c4c35f80194
                        	at sun.reflect.NativeConstructorAccessorImpl.newInstance0(Native Method)
                        	at sun.reflect.NativeConstructorAccessorImpl.newInstance(NativeConstructorAccessorImpl.java:62)
                        	at sun.reflect.DelegatingConstructorAccessorImpl.newInstance(DelegatingConstructorAccessorImpl.java:45)
                        	at java.lang.reflect.Constructor.newInstance(Constructor.java:423)
                        	at org.openqa.selenium.remote.ErrorHandler.createThrowable(ErrorHandler.java:216)
                        	at org.openqa.selenium.remote.ErrorHandler.throwIfResponseFailed(ErrorHandler.java:168)
                        	at org.openqa.selenium.remote.RemoteWebDriver.execute(RemoteWebDriver.java:638)
                        	at org.openqa.selenium.remote.RemoteWebElement.execute(RemoteWebElement.java:274)
                        	at org.openqa.selenium.remote.RemoteWebElement.click(RemoteWebElement.java:84)
                        	at sun.reflect.GeneratedMethodAccessor2.invoke(Unknown Source)
                        	at sun.reflect.DelegatingMethodAccessorImpl.invoke(DelegatingMethodAccessorImpl.java:43)
                        	at java.lang.reflect.Method.invoke(Method.java:498)
                        	at org.openqa.selenium.support.pagefactory.internal.LocatingElementHandler.invoke(LocatingElementHandler.java:51)
                        	at com.sun.proxy.$Proxy10.click(Unknown Source)
                        	at com.mobiotics.hits.commompages.HomePage.navigateToProfileMenu_MyProfile(HomePage.java:304)
                        	at com.mobiotics.hits.TESTCASES.Profile_MyProfilePageTest.testProfile_MyProfilePageTest(Profile_MyProfilePageTest.java:14)
                        	at sun.reflect.NativeMethodAccessorImpl.invoke0(Native Method)
                        	at sun.reflect.NativeMethodAccessorImpl.invoke(NativeMethodAccessorImpl.java:62)
                        	at sun.reflect.DelegatingMethodAccessorImpl.invoke(DelegatingMethodAccessorImpl.java:43)
                        	at java.lang.reflect.Method.invoke(Method.java:498)
                        	at org.testng.internal.MethodInvocationHelper.invokeMethod(MethodInvocationHelper.java:108)
                        	at org.testng.internal.Invoker.invokeMethod(Invoker.java:661)
                        	at org.testng.internal.Invoker.invokeTestMethod(Invoker.java:869)
                        	at org.testng.internal.Invoker.invokeTestMethods(Invoker.java:1193)
                        	at org.testng.internal.TestMethodWorker.invokeTestMethods(TestMethodWorker.java:126)
                        	at org.testng.internal.TestMethodWorker.run(TestMethodWorker.java:109)
                        	at org.testng.TestRunner.privateRun(TestRunner.java:744)
                        	at org.testng.TestRunner.run(TestRunner.java:602)
                        	at org.testng.SuiteRunner.runTest(SuiteRunner.java:380)
                        	at org.testng.SuiteRunner.runSequentially(SuiteRunner.java:375)
                        	at org.testng.SuiteRunner.privateRun(SuiteRunner.java:340)
                        	at org.testng.SuiteRunner.run(SuiteRunner.java:289)
                        	at org.testng.SuiteRunnerWorker.runSuite(SuiteRunnerWorker.java:52)
                        	at org.testng.SuiteRunnerWorker.run(SuiteRunnerWorker.java:86)
                        	at org.testng.TestNG.runSuitesSequentially(TestNG.java:1301)
                        	at org.testng.TestNG.runSuitesLocally(TestNG.java:1226)
                        	at org.testng.TestNG.runSuites(TestNG.java:1144)
                        	at org.testng.TestNG.run(TestNG.java:1115)
                        	at org.testng.remote.AbstractRemoteTestNG.run(AbstractRemoteTestNG.java:132)
                        	at org.testng.remote.RemoteTestNG.initAndRun(RemoteTestNG.java:230)
                        	at org.testng.remote.RemoteTestNG.main(RemoteTestNG.java:76)
                     </pre>
                  </div>
               </td>
            </tr>
            <tr id="com.mobiotics.hits.TESTCASES.Product_ProductDisconnectPageTest_testProduct_ProductDisconnectPageTest_byStatus_failed_FAIL3_row"
                class="testMethodStatusFAIL">
               <td width="100%" class="firstMethodCell">
                  <a onclick="toggleDetailsVisibility('com.mobiotics.hits.TESTCASES.Product_ProductDisconnectPageTest_testProduct_ProductDisconnectPageTest_byStatus_failed_FAIL3_details')">testProduct_ProductDisconnectPageTest()</a>
               </td>
               <td nowrap="true">20:33:10</td>
               <td nowrap="true" align="right">21s
                  
               </td>
               <td nowrap="true">
                  <a onclick="toggleDetailsVisibility('com.mobiotics.hits.TESTCASES.Product_ProductDisconnectPageTest_testProduct_ProductDisconnectPageTest_byStatus_failed_FAIL3_exception')">org.openqa.selenium.NoSuchElementException: 
                     no such element: Unable to locate element: {"method":"xpath","selector":"//div[@class='productsubscription table-responsive']//tbody//td[5]"}
                     (Session info: chrome=59.0.3071.115)
                     (Driver info: chromedriver=2.28.455520 (cc17746adff54984afff480136733114c6b3704b),platform=Windows NT 6.1.7601 SP1 x86_64)
                     (WARNING: The server did not provide any stacktrace information)
                     Command duration or timeout: 20.05 seconds
                     For documentation on this error, please visit: http://seleniumhq.org/exceptions/no_such_element.html
                     Build info: version: 'unknown', revision: '5234b32', time: '2017-03-10 09:00:17 -0800'
                     System info: host: 'SANTHOSH', ip: '192.168.91.1', os.name: 'Windows 7', os.arch: 'amd64', os.version: '6.1', java.version:
                     '1.8.0_121'
                     Driver info: org.openqa.selenium.chrome.ChromeDriver
                     Capabilities [{applicationCacheEnabled=false, rotatable=false, mobileEmulationEnabled=false, networkConnectionEnabled=false,
                     chrome={chromedriverVersion=2.28.455520 (cc17746adff54984afff480136733114c6b3704b), userDataDir=C:\Users\Santhu\AppData\Local\Temp\scoped_dir5456_23865},
                     takesHeapSnapshot=true, pageLoadStrategy=normal, databaseEnabled=false, handlesAlerts=true, hasTouchScreen=false, version=59.0.3071.115,
                     platform=XP, browserConnectionEnabled=false, nativeEvents=true, acceptSslCerts=true, locationContextEnabled=true, webStorageEnabled=true,
                     browserName=chrome, takesScreenshot=true, javascriptEnabled=true, cssSelectorsEnabled=true, unexpectedAlertBehaviour=}]
                     Session ID: 28c53deab18adc3f67684c4c35f80194
                     *** Element info: {Using=xpath, value=//div[@class='productsubscription table-responsive']//tbody//td[5]}
                     
                  </a>
                   
                  
               </td>
            </tr>
            <tr>
               <td colspan="4" class="detailsBox">
                  <div id="com.mobiotics.hits.TESTCASES.Product_ProductDisconnectPageTest_testProduct_ProductDisconnectPageTest_byStatus_failed_FAIL3_details"
                       class="testMethodDetails">
                     <div>
                        <b>Name: </b>testProduct_ProductDisconnectPageTest
                     </div>
                     <div>
                        <b>Signature: </b>testProduct_ProductDisconnectPageTest()[pri:0, instance:com.mobiotics.hits.TESTCASES.Product_ProductDisconnectPageTest@57e1b0c]
                     </div>
                     <div>
                        <b>Start time: </b>20:33:10
                     </div>
                     <div>
                        <b>End time: </b>20:33:32
                     </div>
                     <div>
                        <b>Duration: </b>21s
                        
                     </div>
                  </div>
               </td>
            </tr>
            <tr>
               <td colspan="4" class="detailsBox">
                  <div id="com.mobiotics.hits.TESTCASES.Product_ProductDisconnectPageTest_testProduct_ProductDisconnectPageTest_byStatus_failed_FAIL3_exception"
                       class="testMethodDetails">
                     <pre style="padding: 5px; margin: 0;">org.openqa.selenium.NoSuchElementException: no such element: Unable to locate element: {"method":"xpath","selector":"//div[@class='productsubscription
                        table-responsive']//tbody//td[5]"}
                        (Session info: chrome=59.0.3071.115)
                        (Driver info: chromedriver=2.28.455520 (cc17746adff54984afff480136733114c6b3704b),platform=Windows NT 6.1.7601 SP1 x86_64)
                        (WARNING: The server did not provide any stacktrace information)
                        Command duration or timeout: 20.05 seconds
                        For documentation on this error, please visit: http://seleniumhq.org/exceptions/no_such_element.html
                        Build info: version: 'unknown', revision: '5234b32', time: '2017-03-10 09:00:17 -0800'
                        System info: host: 'SANTHOSH', ip: '192.168.91.1', os.name: 'Windows 7', os.arch: 'amd64', os.version: '6.1', java.version:
                        '1.8.0_121'
                        Driver info: org.openqa.selenium.chrome.ChromeDriver
                        Capabilities [{applicationCacheEnabled=false, rotatable=false, mobileEmulationEnabled=false, networkConnectionEnabled=false,
                        chrome={chromedriverVersion=2.28.455520 (cc17746adff54984afff480136733114c6b3704b), userDataDir=C:\Users\Santhu\AppData\Local\Temp\scoped_dir5456_23865},
                        takesHeapSnapshot=true, pageLoadStrategy=normal, databaseEnabled=false, handlesAlerts=true, hasTouchScreen=false, version=59.0.3071.115,
                        platform=XP, browserConnectionEnabled=false, nativeEvents=true, acceptSslCerts=true, locationContextEnabled=true, webStorageEnabled=true,
                        browserName=chrome, takesScreenshot=true, javascriptEnabled=true, cssSelectorsEnabled=true, unexpectedAlertBehaviour=}]
                        Session ID: 28c53deab18adc3f67684c4c35f80194
                        *** Element info: {Using=xpath, value=//div[@class='productsubscription table-responsive']//tbody//td[5]}
                        	at sun.reflect.NativeConstructorAccessorImpl.newInstance0(Native Method)
                        	at sun.reflect.NativeConstructorAccessorImpl.newInstance(NativeConstructorAccessorImpl.java:62)
                        	at sun.reflect.DelegatingConstructorAccessorImpl.newInstance(DelegatingConstructorAccessorImpl.java:45)
                        	at java.lang.reflect.Constructor.newInstance(Constructor.java:423)
                        	at org.openqa.selenium.remote.ErrorHandler.createThrowable(ErrorHandler.java:216)
                        	at org.openqa.selenium.remote.ErrorHandler.throwIfResponseFailed(ErrorHandler.java:168)
                        	at org.openqa.selenium.remote.RemoteWebDriver.execute(RemoteWebDriver.java:638)
                        	at org.openqa.selenium.remote.RemoteWebDriver.findElement(RemoteWebDriver.java:371)
                        	at org.openqa.selenium.remote.RemoteWebDriver.findElementByXPath(RemoteWebDriver.java:476)
                        	at org.openqa.selenium.By$ByXPath.findElement(By.java:361)
                        	at org.openqa.selenium.remote.RemoteWebDriver.findElement(RemoteWebDriver.java:363)
                        	at org.openqa.selenium.support.pagefactory.DefaultElementLocator.findElement(DefaultElementLocator.java:69)
                        	at org.openqa.selenium.support.pagefactory.internal.LocatingElementHandler.invoke(LocatingElementHandler.java:38)
                        	at com.sun.proxy.$Proxy10.isEnabled(Unknown Source)
                        	at com.mobiotics.hits.product_ProductDisconnect.ProductDisconnectPage.disconnectPlan(ProductDisconnectPage.java:65)
                        	at com.mobiotics.hits.TESTCASES.Product_ProductDisconnectPageTest.testProduct_ProductDisconnectPageTest(Product_ProductDisconnectPageTest.java:16)
                        	at sun.reflect.NativeMethodAccessorImpl.invoke0(Native Method)
                        	at sun.reflect.NativeMethodAccessorImpl.invoke(NativeMethodAccessorImpl.java:62)
                        	at sun.reflect.DelegatingMethodAccessorImpl.invoke(DelegatingMethodAccessorImpl.java:43)
                        	at java.lang.reflect.Method.invoke(Method.java:498)
                        	at org.testng.internal.MethodInvocationHelper.invokeMethod(MethodInvocationHelper.java:108)
                        	at org.testng.internal.Invoker.invokeMethod(Invoker.java:661)
                        	at org.testng.internal.Invoker.invokeTestMethod(Invoker.java:869)
                        	at org.testng.internal.Invoker.invokeTestMethods(Invoker.java:1193)
                        	at org.testng.internal.TestMethodWorker.invokeTestMethods(TestMethodWorker.java:126)
                        	at org.testng.internal.TestMethodWorker.run(TestMethodWorker.java:109)
                        	at org.testng.TestRunner.privateRun(TestRunner.java:744)
                        	at org.testng.TestRunner.run(TestRunner.java:602)
                        	at org.testng.SuiteRunner.runTest(SuiteRunner.java:380)
                        	at org.testng.SuiteRunner.runSequentially(SuiteRunner.java:375)
                        	at org.testng.SuiteRunner.privateRun(SuiteRunner.java:340)
                        	at org.testng.SuiteRunner.run(SuiteRunner.java:289)
                        	at org.testng.SuiteRunnerWorker.runSuite(SuiteRunnerWorker.java:52)
                        	at org.testng.SuiteRunnerWorker.run(SuiteRunnerWorker.java:86)
                        	at org.testng.TestNG.runSuitesSequentially(TestNG.java:1301)
                        	at org.testng.TestNG.runSuitesLocally(TestNG.java:1226)
                        	at org.testng.TestNG.runSuites(TestNG.java:1144)
                        	at org.testng.TestNG.run(TestNG.java:1115)
                        	at org.testng.remote.AbstractRemoteTestNG.run(AbstractRemoteTestNG.java:132)
                        	at org.testng.remote.RemoteTestNG.initAndRun(RemoteTestNG.java:230)
                        	at org.testng.remote.RemoteTestNG.main(RemoteTestNG.java:76)
                     </pre>
                  </div>
               </td>
            </tr>
            <tr id="com.mobiotics.hits.TESTCASES.Renew_BeforeExpiryPageTest_testRenew_BeforeExpiryPageTest_byStatus_failed_FAIL4_row"
                class="testMethodStatusFAIL">
               <td width="100%" class="firstMethodCell">
                  <a onclick="toggleDetailsVisibility('com.mobiotics.hits.TESTCASES.Renew_BeforeExpiryPageTest_testRenew_BeforeExpiryPageTest_byStatus_failed_FAIL4_details')">testRenew_BeforeExpiryPageTest()</a>
               </td>
               <td nowrap="true">20:34:21</td>
               <td nowrap="true" align="right">117 ms
                  
               </td>
               <td nowrap="true">
                  <a onclick="toggleDetailsVisibility('com.mobiotics.hits.TESTCASES.Renew_BeforeExpiryPageTest_testRenew_BeforeExpiryPageTest_byStatus_failed_FAIL4_exception')">org.openqa.selenium.WebDriverException: 
                     unknown error: Element &lt;a class="dropdown-toggle" data-toggle="dropdown" role="button" href=""&gt;...&lt;/a&gt; is not clickable at
                     point (860, 36). Other element would receive the click: &lt;h4 class="modal-title" id="myModalLabel"&gt;...&lt;/h4&gt;
                     (Session info: chrome=59.0.3071.115)
                     (Driver info: chromedriver=2.28.455520 (cc17746adff54984afff480136733114c6b3704b),platform=Windows NT 6.1.7601 SP1 x86_64)
                     (WARNING: The server did not provide any stacktrace information)
                     Command duration or timeout: 86 milliseconds
                     Build info: version: 'unknown', revision: '5234b32', time: '2017-03-10 09:00:17 -0800'
                     System info: host: 'SANTHOSH', ip: '192.168.91.1', os.name: 'Windows 7', os.arch: 'amd64', os.version: '6.1', java.version:
                     '1.8.0_121'
                     Driver info: org.openqa.selenium.chrome.ChromeDriver
                     Capabilities [{applicationCacheEnabled=false, rotatable=false, mobileEmulationEnabled=false, networkConnectionEnabled=false,
                     chrome={chromedriverVersion=2.28.455520 (cc17746adff54984afff480136733114c6b3704b), userDataDir=C:\Users\Santhu\AppData\Local\Temp\scoped_dir5456_23865},
                     takesHeapSnapshot=true, pageLoadStrategy=normal, databaseEnabled=false, handlesAlerts=true, hasTouchScreen=false, version=59.0.3071.115,
                     platform=XP, browserConnectionEnabled=false, nativeEvents=true, acceptSslCerts=true, locationContextEnabled=true, webStorageEnabled=true,
                     browserName=chrome, takesScreenshot=true, javascriptEnabled=true, cssSelectorsEnabled=true, unexpectedAlertBehaviour=}]
                     Session ID: 28c53deab18adc3f67684c4c35f80194
                     
                  </a>
                   
                  
               </td>
            </tr>
            <tr>
               <td colspan="4" class="detailsBox">
                  <div id="com.mobiotics.hits.TESTCASES.Renew_BeforeExpiryPageTest_testRenew_BeforeExpiryPageTest_byStatus_failed_FAIL4_details"
                       class="testMethodDetails">
                     <div>
                        <b>Name: </b>testRenew_BeforeExpiryPageTest
                     </div>
                     <div>
                        <b>Signature: </b>testRenew_BeforeExpiryPageTest()[pri:0, instance:com.mobiotics.hits.TESTCASES.Renew_BeforeExpiryPageTest@458c1321]
                     </div>
                     <div>
                        <b>Start time: </b>20:34:21
                     </div>
                     <div>
                        <b>End time: </b>20:34:21
                     </div>
                     <div>
                        <b>Duration: </b>117 ms
                        
                     </div>
                  </div>
               </td>
            </tr>
            <tr>
               <td colspan="4" class="detailsBox">
                  <div id="com.mobiotics.hits.TESTCASES.Renew_BeforeExpiryPageTest_testRenew_BeforeExpiryPageTest_byStatus_failed_FAIL4_exception"
                       class="testMethodDetails">
                     <pre style="padding: 5px; margin: 0;">org.openqa.selenium.WebDriverException: unknown error: Element &lt;a class="dropdown-toggle" data-toggle="dropdown" role="button"
                        href=""&gt;...&lt;/a&gt; is not clickable at point (860, 36). Other element would receive the click: &lt;h4 class="modal-title" id="myModalLabel"&gt;...&lt;/h4&gt;
                        (Session info: chrome=59.0.3071.115)
                        (Driver info: chromedriver=2.28.455520 (cc17746adff54984afff480136733114c6b3704b),platform=Windows NT 6.1.7601 SP1 x86_64)
                        (WARNING: The server did not provide any stacktrace information)
                        Command duration or timeout: 86 milliseconds
                        Build info: version: 'unknown', revision: '5234b32', time: '2017-03-10 09:00:17 -0800'
                        System info: host: 'SANTHOSH', ip: '192.168.91.1', os.name: 'Windows 7', os.arch: 'amd64', os.version: '6.1', java.version:
                        '1.8.0_121'
                        Driver info: org.openqa.selenium.chrome.ChromeDriver
                        Capabilities [{applicationCacheEnabled=false, rotatable=false, mobileEmulationEnabled=false, networkConnectionEnabled=false,
                        chrome={chromedriverVersion=2.28.455520 (cc17746adff54984afff480136733114c6b3704b), userDataDir=C:\Users\Santhu\AppData\Local\Temp\scoped_dir5456_23865},
                        takesHeapSnapshot=true, pageLoadStrategy=normal, databaseEnabled=false, handlesAlerts=true, hasTouchScreen=false, version=59.0.3071.115,
                        platform=XP, browserConnectionEnabled=false, nativeEvents=true, acceptSslCerts=true, locationContextEnabled=true, webStorageEnabled=true,
                        browserName=chrome, takesScreenshot=true, javascriptEnabled=true, cssSelectorsEnabled=true, unexpectedAlertBehaviour=}]
                        Session ID: 28c53deab18adc3f67684c4c35f80194
                        	at sun.reflect.NativeConstructorAccessorImpl.newInstance0(Native Method)
                        	at sun.reflect.NativeConstructorAccessorImpl.newInstance(NativeConstructorAccessorImpl.java:62)
                        	at sun.reflect.DelegatingConstructorAccessorImpl.newInstance(DelegatingConstructorAccessorImpl.java:45)
                        	at java.lang.reflect.Constructor.newInstance(Constructor.java:423)
                        	at org.openqa.selenium.remote.ErrorHandler.createThrowable(ErrorHandler.java:216)
                        	at org.openqa.selenium.remote.ErrorHandler.throwIfResponseFailed(ErrorHandler.java:168)
                        	at org.openqa.selenium.remote.RemoteWebDriver.execute(RemoteWebDriver.java:638)
                        	at org.openqa.selenium.remote.RemoteWebElement.execute(RemoteWebElement.java:274)
                        	at org.openqa.selenium.remote.RemoteWebElement.click(RemoteWebElement.java:84)
                        	at sun.reflect.GeneratedMethodAccessor2.invoke(Unknown Source)
                        	at sun.reflect.DelegatingMethodAccessorImpl.invoke(DelegatingMethodAccessorImpl.java:43)
                        	at java.lang.reflect.Method.invoke(Method.java:498)
                        	at org.openqa.selenium.support.pagefactory.internal.LocatingElementHandler.invoke(LocatingElementHandler.java:51)
                        	at com.sun.proxy.$Proxy10.click(Unknown Source)
                        	at com.mobiotics.hits.commompages.HomePage.navigateToRenewMenu_BeforeExpiryPage(HomePage.java:204)
                        	at com.mobiotics.hits.TESTCASES.Renew_BeforeExpiryPageTest.testRenew_BeforeExpiryPageTest(Renew_BeforeExpiryPageTest.java:14)
                        	at sun.reflect.NativeMethodAccessorImpl.invoke0(Native Method)
                        	at sun.reflect.NativeMethodAccessorImpl.invoke(NativeMethodAccessorImpl.java:62)
                        	at sun.reflect.DelegatingMethodAccessorImpl.invoke(DelegatingMethodAccessorImpl.java:43)
                        	at java.lang.reflect.Method.invoke(Method.java:498)
                        	at org.testng.internal.MethodInvocationHelper.invokeMethod(MethodInvocationHelper.java:108)
                        	at org.testng.internal.Invoker.invokeMethod(Invoker.java:661)
                        	at org.testng.internal.Invoker.invokeTestMethod(Invoker.java:869)
                        	at org.testng.internal.Invoker.invokeTestMethods(Invoker.java:1193)
                        	at org.testng.internal.TestMethodWorker.invokeTestMethods(TestMethodWorker.java:126)
                        	at org.testng.internal.TestMethodWorker.run(TestMethodWorker.java:109)
                        	at org.testng.TestRunner.privateRun(TestRunner.java:744)
                        	at org.testng.TestRunner.run(TestRunner.java:602)
                        	at org.testng.SuiteRunner.runTest(SuiteRunner.java:380)
                        	at org.testng.SuiteRunner.runSequentially(SuiteRunner.java:375)
                        	at org.testng.SuiteRunner.privateRun(SuiteRunner.java:340)
                        	at org.testng.SuiteRunner.run(SuiteRunner.java:289)
                        	at org.testng.SuiteRunnerWorker.runSuite(SuiteRunnerWorker.java:52)
                        	at org.testng.SuiteRunnerWorker.run(SuiteRunnerWorker.java:86)
                        	at org.testng.TestNG.runSuitesSequentially(TestNG.java:1301)
                        	at org.testng.TestNG.runSuitesLocally(TestNG.java:1226)
                        	at org.testng.TestNG.runSuites(TestNG.java:1144)
                        	at org.testng.TestNG.run(TestNG.java:1115)
                        	at org.testng.remote.AbstractRemoteTestNG.run(AbstractRemoteTestNG.java:132)
                        	at org.testng.remote.RemoteTestNG.initAndRun(RemoteTestNG.java:230)
                        	at org.testng.remote.RemoteTestNG.main(RemoteTestNG.java:76)
                     </pre>
                  </div>
               </td>
            </tr>
            <tr id="com.mobiotics.hits.TESTCASES.Payment_AddPaymentPageTest_testPayment_AddPaymentPageTest_byStatus_failed_FAIL5_row"
                class="testMethodStatusFAIL">
               <td width="100%" class="firstMethodCell">
                  <a onclick="toggleDetailsVisibility('com.mobiotics.hits.TESTCASES.Payment_AddPaymentPageTest_testPayment_AddPaymentPageTest_byStatus_failed_FAIL5_details')">testPayment_AddPaymentPageTest()</a>
               </td>
               <td nowrap="true">20:27:47</td>
               <td nowrap="true" align="right">41s
                  
               </td>
               <td nowrap="true">
                  <a onclick="toggleDetailsVisibility('com.mobiotics.hits.TESTCASES.Payment_AddPaymentPageTest_testPayment_AddPaymentPageTest_byStatus_failed_FAIL5_exception')">org.openqa.selenium.TimeoutException: 
                     Expected condition failed: waiting for visibility of Proxy element for: DefaultElementLocator 'By.xpath: //input[@id='systemp_Mobile']'
                     (tried for 20 second(s) with 500 MILLISECONDS interval)
                     
                  </a>
                   
                  
               </td>
            </tr>
            <tr>
               <td colspan="4" class="detailsBox">
                  <div id="com.mobiotics.hits.TESTCASES.Payment_AddPaymentPageTest_testPayment_AddPaymentPageTest_byStatus_failed_FAIL5_details"
                       class="testMethodDetails">
                     <div>
                        <b>Name: </b>testPayment_AddPaymentPageTest
                     </div>
                     <div>
                        <b>Signature: </b>testPayment_AddPaymentPageTest()[pri:0, instance:com.mobiotics.hits.TESTCASES.Payment_AddPaymentPageTest@536aaa8d]
                     </div>
                     <div>
                        <b>Start time: </b>20:27:47
                     </div>
                     <div>
                        <b>End time: </b>20:28:29
                     </div>
                     <div>
                        <b>Duration: </b>41s
                        
                     </div>
                  </div>
               </td>
            </tr>
            <tr>
               <td colspan="4" class="detailsBox">
                  <div id="com.mobiotics.hits.TESTCASES.Payment_AddPaymentPageTest_testPayment_AddPaymentPageTest_byStatus_failed_FAIL5_exception"
                       class="testMethodDetails">
                     <pre style="padding: 5px; margin: 0;">org.openqa.selenium.TimeoutException: Expected condition failed: waiting for visibility of Proxy element for: DefaultElementLocator
                        'By.xpath: //input[@id='systemp_Mobile']' (tried for 20 second(s) with 500 MILLISECONDS interval)
                        	at org.openqa.selenium.support.ui.WebDriverWait.timeoutException(WebDriverWait.java:80)
                        	at org.openqa.selenium.support.ui.FluentWait.until(FluentWait.java:232)
                        	at com.mobiotics.hits.commompages.BasePage.waitTillElementIsVisible(BasePage.java:32)
                        	at com.mobiotics.hits.paymentmenu_AddPayment.CitrusPaymentPage.goToCirtusPaymentPage(CitrusPaymentPage.java:57)
                        	at com.mobiotics.hits.TESTCASES.Payment_AddPaymentPageTest.testPayment_AddPaymentPageTest(Payment_AddPaymentPageTest.java:20)
                        	at sun.reflect.NativeMethodAccessorImpl.invoke0(Native Method)
                        	at sun.reflect.NativeMethodAccessorImpl.invoke(NativeMethodAccessorImpl.java:62)
                        	at sun.reflect.DelegatingMethodAccessorImpl.invoke(DelegatingMethodAccessorImpl.java:43)
                        	at java.lang.reflect.Method.invoke(Method.java:498)
                        	at org.testng.internal.MethodInvocationHelper.invokeMethod(MethodInvocationHelper.java:108)
                        	at org.testng.internal.Invoker.invokeMethod(Invoker.java:661)
                        	at org.testng.internal.Invoker.invokeTestMethod(Invoker.java:869)
                        	at org.testng.internal.Invoker.invokeTestMethods(Invoker.java:1193)
                        	at org.testng.internal.TestMethodWorker.invokeTestMethods(TestMethodWorker.java:126)
                        	at org.testng.internal.TestMethodWorker.run(TestMethodWorker.java:109)
                        	at org.testng.TestRunner.privateRun(TestRunner.java:744)
                        	at org.testng.TestRunner.run(TestRunner.java:602)
                        	at org.testng.SuiteRunner.runTest(SuiteRunner.java:380)
                        	at org.testng.SuiteRunner.runSequentially(SuiteRunner.java:375)
                        	at org.testng.SuiteRunner.privateRun(SuiteRunner.java:340)
                        	at org.testng.SuiteRunner.run(SuiteRunner.java:289)
                        	at org.testng.SuiteRunnerWorker.runSuite(SuiteRunnerWorker.java:52)
                        	at org.testng.SuiteRunnerWorker.run(SuiteRunnerWorker.java:86)
                        	at org.testng.TestNG.runSuitesSequentially(TestNG.java:1301)
                        	at org.testng.TestNG.runSuitesLocally(TestNG.java:1226)
                        	at org.testng.TestNG.runSuites(TestNG.java:1144)
                        	at org.testng.TestNG.run(TestNG.java:1115)
                        	at org.testng.remote.AbstractRemoteTestNG.run(AbstractRemoteTestNG.java:132)
                        	at org.testng.remote.RemoteTestNG.initAndRun(RemoteTestNG.java:230)
                        	at org.testng.remote.RemoteTestNG.main(RemoteTestNG.java:76)
                        Caused by: org.openqa.selenium.NoSuchElementException: no such element: Unable to locate element: {"method":"xpath","selector":"//input[@id='systemp_Mobile']"}
                        (Session info: chrome=59.0.3071.115)
                        (Driver info: chromedriver=2.28.455520 (cc17746adff54984afff480136733114c6b3704b),platform=Windows NT 6.1.7601 SP1 x86_64)
                        (WARNING: The server did not provide any stacktrace information)
                        Command duration or timeout: 20.06 seconds
                        For documentation on this error, please visit: http://seleniumhq.org/exceptions/no_such_element.html
                        Build info: version: 'unknown', revision: '5234b32', time: '2017-03-10 09:00:17 -0800'
                        System info: host: 'SANTHOSH', ip: '192.168.91.1', os.name: 'Windows 7', os.arch: 'amd64', os.version: '6.1', java.version:
                        '1.8.0_121'
                        Driver info: org.openqa.selenium.chrome.ChromeDriver
                        Capabilities [{applicationCacheEnabled=false, rotatable=false, mobileEmulationEnabled=false, networkConnectionEnabled=false,
                        chrome={chromedriverVersion=2.28.455520 (cc17746adff54984afff480136733114c6b3704b), userDataDir=C:\Users\Santhu\AppData\Local\Temp\scoped_dir5456_23865},
                        takesHeapSnapshot=true, pageLoadStrategy=normal, databaseEnabled=false, handlesAlerts=true, hasTouchScreen=false, version=59.0.3071.115,
                        platform=XP, browserConnectionEnabled=false, nativeEvents=true, acceptSslCerts=true, locationContextEnabled=true, webStorageEnabled=true,
                        browserName=chrome, takesScreenshot=true, javascriptEnabled=true, cssSelectorsEnabled=true, unexpectedAlertBehaviour=}]
                        Session ID: 28c53deab18adc3f67684c4c35f80194
                        *** Element info: {Using=xpath, value=//input[@id='systemp_Mobile']}
                        	at sun.reflect.NativeConstructorAccessorImpl.newInstance0(Native Method)
                        	at sun.reflect.NativeConstructorAccessorImpl.newInstance(NativeConstructorAccessorImpl.java:62)
                        	at sun.reflect.DelegatingConstructorAccessorImpl.newInstance(DelegatingConstructorAccessorImpl.java:45)
                        	at java.lang.reflect.Constructor.newInstance(Constructor.java:423)
                        	at org.openqa.selenium.remote.ErrorHandler.createThrowable(ErrorHandler.java:216)
                        	at org.openqa.selenium.remote.ErrorHandler.throwIfResponseFailed(ErrorHandler.java:168)
                        	at org.openqa.selenium.remote.RemoteWebDriver.execute(RemoteWebDriver.java:638)
                        	at org.openqa.selenium.remote.RemoteWebDriver.findElement(RemoteWebDriver.java:371)
                        	at org.openqa.selenium.remote.RemoteWebDriver.findElementByXPath(RemoteWebDriver.java:476)
                        	at org.openqa.selenium.By$ByXPath.findElement(By.java:361)
                        	at org.openqa.selenium.remote.RemoteWebDriver.findElement(RemoteWebDriver.java:363)
                        	at org.openqa.selenium.support.pagefactory.DefaultElementLocator.findElement(DefaultElementLocator.java:69)
                        	at org.openqa.selenium.support.pagefactory.internal.LocatingElementHandler.invoke(LocatingElementHandler.java:38)
                        	at com.sun.proxy.$Proxy10.isDisplayed(Unknown Source)
                        	at org.openqa.selenium.support.ui.ExpectedConditions.elementIfVisible(ExpectedConditions.java:305)
                        	at org.openqa.selenium.support.ui.ExpectedConditions.access$100(ExpectedConditions.java:44)
                        	at org.openqa.selenium.support.ui.ExpectedConditions$10.apply(ExpectedConditions.java:291)
                        	at org.openqa.selenium.support.ui.ExpectedConditions$10.apply(ExpectedConditions.java:288)
                        	at org.openqa.selenium.support.ui.FluentWait.until(FluentWait.java:209)
                        	... 28 more
                     </pre>
                  </div>
               </td>
            </tr>
            <tr id="com.mobiotics.hits.TESTCASES.Product_ProductReconnectPageTest_testProduct_ProductReconnectPageTest_byStatus_failed_FAIL6_row"
                class="testMethodStatusFAIL">
               <td width="100%" class="firstMethodCell">
                  <a onclick="toggleDetailsVisibility('com.mobiotics.hits.TESTCASES.Product_ProductReconnectPageTest_testProduct_ProductReconnectPageTest_byStatus_failed_FAIL6_details')">testProduct_ProductReconnectPageTest()</a>
               </td>
               <td nowrap="true">20:33:32</td>
               <td nowrap="true" align="right">21s
                  
               </td>
               <td nowrap="true">
                  <a onclick="toggleDetailsVisibility('com.mobiotics.hits.TESTCASES.Product_ProductReconnectPageTest_testProduct_ProductReconnectPageTest_byStatus_failed_FAIL6_exception')">org.openqa.selenium.NoSuchElementException: 
                     no such element: Unable to locate element: {"method":"xpath","selector":"//div[@class='productsubscription table-responsive']//tbody//td[5]"}
                     (Session info: chrome=59.0.3071.115)
                     (Driver info: chromedriver=2.28.455520 (cc17746adff54984afff480136733114c6b3704b),platform=Windows NT 6.1.7601 SP1 x86_64)
                     (WARNING: The server did not provide any stacktrace information)
                     Command duration or timeout: 20.01 seconds
                     For documentation on this error, please visit: http://seleniumhq.org/exceptions/no_such_element.html
                     Build info: version: 'unknown', revision: '5234b32', time: '2017-03-10 09:00:17 -0800'
                     System info: host: 'SANTHOSH', ip: '192.168.91.1', os.name: 'Windows 7', os.arch: 'amd64', os.version: '6.1', java.version:
                     '1.8.0_121'
                     Driver info: org.openqa.selenium.chrome.ChromeDriver
                     Capabilities [{applicationCacheEnabled=false, rotatable=false, mobileEmulationEnabled=false, networkConnectionEnabled=false,
                     chrome={chromedriverVersion=2.28.455520 (cc17746adff54984afff480136733114c6b3704b), userDataDir=C:\Users\Santhu\AppData\Local\Temp\scoped_dir5456_23865},
                     takesHeapSnapshot=true, pageLoadStrategy=normal, databaseEnabled=false, handlesAlerts=true, hasTouchScreen=false, version=59.0.3071.115,
                     platform=XP, browserConnectionEnabled=false, nativeEvents=true, acceptSslCerts=true, locationContextEnabled=true, webStorageEnabled=true,
                     browserName=chrome, takesScreenshot=true, javascriptEnabled=true, cssSelectorsEnabled=true, unexpectedAlertBehaviour=}]
                     Session ID: 28c53deab18adc3f67684c4c35f80194
                     *** Element info: {Using=xpath, value=//div[@class='productsubscription table-responsive']//tbody//td[5]}
                     
                  </a>
                   
                  
               </td>
            </tr>
            <tr>
               <td colspan="4" class="detailsBox">
                  <div id="com.mobiotics.hits.TESTCASES.Product_ProductReconnectPageTest_testProduct_ProductReconnectPageTest_byStatus_failed_FAIL6_details"
                       class="testMethodDetails">
                     <div>
                        <b>Name: </b>testProduct_ProductReconnectPageTest
                     </div>
                     <div>
                        <b>Signature: </b>testProduct_ProductReconnectPageTest()[pri:0, instance:com.mobiotics.hits.TESTCASES.Product_ProductReconnectPageTest@4232c52b]
                     </div>
                     <div>
                        <b>Start time: </b>20:33:32
                     </div>
                     <div>
                        <b>End time: </b>20:33:53
                     </div>
                     <div>
                        <b>Duration: </b>21s
                        
                     </div>
                  </div>
               </td>
            </tr>
            <tr>
               <td colspan="4" class="detailsBox">
                  <div id="com.mobiotics.hits.TESTCASES.Product_ProductReconnectPageTest_testProduct_ProductReconnectPageTest_byStatus_failed_FAIL6_exception"
                       class="testMethodDetails">
                     <pre style="padding: 5px; margin: 0;">org.openqa.selenium.NoSuchElementException: no such element: Unable to locate element: {"method":"xpath","selector":"//div[@class='productsubscription
                        table-responsive']//tbody//td[5]"}
                        (Session info: chrome=59.0.3071.115)
                        (Driver info: chromedriver=2.28.455520 (cc17746adff54984afff480136733114c6b3704b),platform=Windows NT 6.1.7601 SP1 x86_64)
                        (WARNING: The server did not provide any stacktrace information)
                        Command duration or timeout: 20.01 seconds
                        For documentation on this error, please visit: http://seleniumhq.org/exceptions/no_such_element.html
                        Build info: version: 'unknown', revision: '5234b32', time: '2017-03-10 09:00:17 -0800'
                        System info: host: 'SANTHOSH', ip: '192.168.91.1', os.name: 'Windows 7', os.arch: 'amd64', os.version: '6.1', java.version:
                        '1.8.0_121'
                        Driver info: org.openqa.selenium.chrome.ChromeDriver
                        Capabilities [{applicationCacheEnabled=false, rotatable=false, mobileEmulationEnabled=false, networkConnectionEnabled=false,
                        chrome={chromedriverVersion=2.28.455520 (cc17746adff54984afff480136733114c6b3704b), userDataDir=C:\Users\Santhu\AppData\Local\Temp\scoped_dir5456_23865},
                        takesHeapSnapshot=true, pageLoadStrategy=normal, databaseEnabled=false, handlesAlerts=true, hasTouchScreen=false, version=59.0.3071.115,
                        platform=XP, browserConnectionEnabled=false, nativeEvents=true, acceptSslCerts=true, locationContextEnabled=true, webStorageEnabled=true,
                        browserName=chrome, takesScreenshot=true, javascriptEnabled=true, cssSelectorsEnabled=true, unexpectedAlertBehaviour=}]
                        Session ID: 28c53deab18adc3f67684c4c35f80194
                        *** Element info: {Using=xpath, value=//div[@class='productsubscription table-responsive']//tbody//td[5]}
                        	at sun.reflect.NativeConstructorAccessorImpl.newInstance0(Native Method)
                        	at sun.reflect.NativeConstructorAccessorImpl.newInstance(NativeConstructorAccessorImpl.java:62)
                        	at sun.reflect.DelegatingConstructorAccessorImpl.newInstance(DelegatingConstructorAccessorImpl.java:45)
                        	at java.lang.reflect.Constructor.newInstance(Constructor.java:423)
                        	at org.openqa.selenium.remote.ErrorHandler.createThrowable(ErrorHandler.java:216)
                        	at org.openqa.selenium.remote.ErrorHandler.throwIfResponseFailed(ErrorHandler.java:168)
                        	at org.openqa.selenium.remote.RemoteWebDriver.execute(RemoteWebDriver.java:638)
                        	at org.openqa.selenium.remote.RemoteWebDriver.findElement(RemoteWebDriver.java:371)
                        	at org.openqa.selenium.remote.RemoteWebDriver.findElementByXPath(RemoteWebDriver.java:476)
                        	at org.openqa.selenium.By$ByXPath.findElement(By.java:361)
                        	at org.openqa.selenium.remote.RemoteWebDriver.findElement(RemoteWebDriver.java:363)
                        	at org.openqa.selenium.support.pagefactory.DefaultElementLocator.findElement(DefaultElementLocator.java:69)
                        	at org.openqa.selenium.support.pagefactory.internal.LocatingElementHandler.invoke(LocatingElementHandler.java:38)
                        	at com.sun.proxy.$Proxy10.isDisplayed(Unknown Source)
                        	at com.mobiotics.hits.product_ProductReconnectPage.ProductReconnectPage.reconnectPlan(ProductReconnectPage.java:89)
                        	at com.mobiotics.hits.TESTCASES.Product_ProductReconnectPageTest.testProduct_ProductReconnectPageTest(Product_ProductReconnectPageTest.java:15)
                        	at sun.reflect.NativeMethodAccessorImpl.invoke0(Native Method)
                        	at sun.reflect.NativeMethodAccessorImpl.invoke(NativeMethodAccessorImpl.java:62)
                        	at sun.reflect.DelegatingMethodAccessorImpl.invoke(DelegatingMethodAccessorImpl.java:43)
                        	at java.lang.reflect.Method.invoke(Method.java:498)
                        	at org.testng.internal.MethodInvocationHelper.invokeMethod(MethodInvocationHelper.java:108)
                        	at org.testng.internal.Invoker.invokeMethod(Invoker.java:661)
                        	at org.testng.internal.Invoker.invokeTestMethod(Invoker.java:869)
                        	at org.testng.internal.Invoker.invokeTestMethods(Invoker.java:1193)
                        	at org.testng.internal.TestMethodWorker.invokeTestMethods(TestMethodWorker.java:126)
                        	at org.testng.internal.TestMethodWorker.run(TestMethodWorker.java:109)
                        	at org.testng.TestRunner.privateRun(TestRunner.java:744)
                        	at org.testng.TestRunner.run(TestRunner.java:602)
                        	at org.testng.SuiteRunner.runTest(SuiteRunner.java:380)
                        	at org.testng.SuiteRunner.runSequentially(SuiteRunner.java:375)
                        	at org.testng.SuiteRunner.privateRun(SuiteRunner.java:340)
                        	at org.testng.SuiteRunner.run(SuiteRunner.java:289)
                        	at org.testng.SuiteRunnerWorker.runSuite(SuiteRunnerWorker.java:52)
                        	at org.testng.SuiteRunnerWorker.run(SuiteRunnerWorker.java:86)
                        	at org.testng.TestNG.runSuitesSequentially(TestNG.java:1301)
                        	at org.testng.TestNG.runSuitesLocally(TestNG.java:1226)
                        	at org.testng.TestNG.runSuites(TestNG.java:1144)
                        	at org.testng.TestNG.run(TestNG.java:1115)
                        	at org.testng.remote.AbstractRemoteTestNG.run(AbstractRemoteTestNG.java:132)
                        	at org.testng.remote.RemoteTestNG.initAndRun(RemoteTestNG.java:230)
                        	at org.testng.remote.RemoteTestNG.main(RemoteTestNG.java:76)
                     </pre>
                  </div>
               </td>
            </tr>
            <tr id="com.mobiotics.hits.TESTCASES.Payment_ListPaymentPageTest_testPayment_ListPaymentPageTest_byStatus_passed_PASS1_row"
                class="testMethodStatusPASS">
               <td width="100%" class="firstMethodCell">
                  <a onclick="toggleDetailsVisibility('com.mobiotics.hits.TESTCASES.Payment_ListPaymentPageTest_testPayment_ListPaymentPageTest_byStatus_passed_PASS1_details')">testPayment_ListPaymentPageTest()</a>
               </td>
               <td nowrap="true">20:28:29</td>
               <td nowrap="true" align="right">26s
                  
               </td>
               <td nowrap="true">
                   
                  
               </td>
            </tr>
            <tr>
               <td colspan="4" class="detailsBox">
                  <div id="com.mobiotics.hits.TESTCASES.Payment_ListPaymentPageTest_testPayment_ListPaymentPageTest_byStatus_passed_PASS1_details"
                       class="testMethodDetails">
                     <div>
                        <b>Name: </b>testPayment_ListPaymentPageTest
                     </div>
                     <div>
                        <b>Signature: </b>testPayment_ListPaymentPageTest()[pri:0, instance:com.mobiotics.hits.TESTCASES.Payment_ListPaymentPageTest@e320068]
                     </div>
                     <div>
                        <b>Start time: </b>20:28:29
                     </div>
                     <div>
                        <b>End time: </b>20:28:56
                     </div>
                     <div>
                        <b>Duration: </b>26s
                        
                     </div>
                  </div>
               </td>
            </tr>
            <tr></tr>
            <tr id="com.mobiotics.hits.TESTCASES.Renew_AfterExpiryPageTest_testRenew_AfterExpiryPageTest_byStatus_passed_PASS2_row"
                class="testMethodStatusPASS">
               <td width="100%" class="firstMethodCell">
                  <a onclick="toggleDetailsVisibility('com.mobiotics.hits.TESTCASES.Renew_AfterExpiryPageTest_testRenew_AfterExpiryPageTest_byStatus_passed_PASS2_details')">testRenew_AfterExpiryPageTest()</a>
               </td>
               <td nowrap="true">20:34:13</td>
               <td nowrap="true" align="right">8s
                  
               </td>
               <td nowrap="true">
                   
                  
               </td>
            </tr>
            <tr>
               <td colspan="4" class="detailsBox">
                  <div id="com.mobiotics.hits.TESTCASES.Renew_AfterExpiryPageTest_testRenew_AfterExpiryPageTest_byStatus_passed_PASS2_details"
                       class="testMethodDetails">
                     <div>
                        <b>Name: </b>testRenew_AfterExpiryPageTest
                     </div>
                     <div>
                        <b>Signature: </b>testRenew_AfterExpiryPageTest()[pri:0, instance:com.mobiotics.hits.TESTCASES.Renew_AfterExpiryPageTest@305fd85d]
                     </div>
                     <div>
                        <b>Start time: </b>20:34:13
                     </div>
                     <div>
                        <b>End time: </b>20:34:21
                     </div>
                     <div>
                        <b>Duration: </b>8s
                        
                     </div>
                  </div>
               </td>
            </tr>
            <tr></tr>
            <tr id="com.mobiotics.hits.TESTCASES.Report_JobReportPageTest_testReport_JobReportPageTest_byStatus_passed_PASS3_row"
                class="testMethodStatusPASS">
               <td width="100%" class="firstMethodCell">
                  <a onclick="toggleDetailsVisibility('com.mobiotics.hits.TESTCASES.Report_JobReportPageTest_testReport_JobReportPageTest_byStatus_passed_PASS3_details')">testReport_JobReportPageTest()</a>
               </td>
               <td nowrap="true">20:34:22</td>
               <td nowrap="true" align="right">1m
                  24s
                  
               </td>
               <td nowrap="true">
                   
                  
               </td>
            </tr>
            <tr>
               <td colspan="4" class="detailsBox">
                  <div id="com.mobiotics.hits.TESTCASES.Report_JobReportPageTest_testReport_JobReportPageTest_byStatus_passed_PASS3_details"
                       class="testMethodDetails">
                     <div>
                        <b>Name: </b>testReport_JobReportPageTest
                     </div>
                     <div>
                        <b>Signature: </b>testReport_JobReportPageTest()[pri:0, instance:com.mobiotics.hits.TESTCASES.Report_JobReportPageTest@34cd072c]
                     </div>
                     <div>
                        <b>Start time: </b>20:34:22
                     </div>
                     <div>
                        <b>End time: </b>20:35:47
                     </div>
                     <div>
                        <b>Duration: </b>1m
                        24s
                        
                     </div>
                  </div>
               </td>
            </tr>
            <tr></tr>
            <tr id="com.mobiotics.hits.TESTCASES.Ticket_CreateTicketPageTest_testTicket_CreateTicketPageTest_byStatus_passed_PASS4_row"
                class="testMethodStatusPASS">
               <td width="100%" class="firstMethodCell">
                  <a onclick="toggleDetailsVisibility('com.mobiotics.hits.TESTCASES.Ticket_CreateTicketPageTest_testTicket_CreateTicketPageTest_byStatus_passed_PASS4_details')">testTicket_CreateTicketPageTest()</a>
               </td>
               <td nowrap="true">20:37:47</td>
               <td nowrap="true" align="right">4s
                  
               </td>
               <td nowrap="true">
                   
                  
               </td>
            </tr>
            <tr>
               <td colspan="4" class="detailsBox">
                  <div id="com.mobiotics.hits.TESTCASES.Ticket_CreateTicketPageTest_testTicket_CreateTicketPageTest_byStatus_passed_PASS4_details"
                       class="testMethodDetails">
                     <div>
                        <b>Name: </b>testTicket_CreateTicketPageTest
                     </div>
                     <div>
                        <b>Signature: </b>testTicket_CreateTicketPageTest()[pri:0, instance:com.mobiotics.hits.TESTCASES.Ticket_CreateTicketPageTest@2bbf4b8b]
                     </div>
                     <div>
                        <b>Start time: </b>20:37:47
                     </div>
                     <div>
                        <b>End time: </b>20:37:51
                     </div>
                     <div>
                        <b>Duration: </b>4s
                        
                     </div>
                  </div>
               </td>
            </tr>
            <tr></tr>
            <tr id="com.mobiotics.hits.TESTCASES.Report_ExpiryReportPageTest_testReport_ExpiryReportPageTest_byStatus_passed_PASS5_row"
                class="testMethodStatusPASS">
               <td width="100%" class="firstMethodCell">
                  <a onclick="toggleDetailsVisibility('com.mobiotics.hits.TESTCASES.Report_ExpiryReportPageTest_testReport_ExpiryReportPageTest_byStatus_passed_PASS5_details')">testReport_ExpiryReportPageTest()</a>
               </td>
               <td nowrap="true">20:34:21</td>
               <td nowrap="true" align="right">1s
                  
               </td>
               <td nowrap="true">
                   
                  
               </td>
            </tr>
            <tr>
               <td colspan="4" class="detailsBox">
                  <div id="com.mobiotics.hits.TESTCASES.Report_ExpiryReportPageTest_testReport_ExpiryReportPageTest_byStatus_passed_PASS5_details"
                       class="testMethodDetails">
                     <div>
                        <b>Name: </b>testReport_ExpiryReportPageTest
                     </div>
                     <div>
                        <b>Signature: </b>testReport_ExpiryReportPageTest()[pri:0, instance:com.mobiotics.hits.TESTCASES.Report_ExpiryReportPageTest@11438d26]
                     </div>
                     <div>
                        <b>Start time: </b>20:34:21
                     </div>
                     <div>
                        <b>End time: </b>20:34:22
                     </div>
                     <div>
                        <b>Duration: </b>1s
                        
                     </div>
                  </div>
               </td>
            </tr>
            <tr></tr>
            <tr id="com.mobiotics.hits.TESTCASES.Profile_ChangePaswdPageTest_testProfile_ChangePaswdPageTest_byStatus_passed_PASS6_row"
                class="testMethodStatusPASS">
               <td width="100%" class="firstMethodCell">
                  <a onclick="toggleDetailsVisibility('com.mobiotics.hits.TESTCASES.Profile_ChangePaswdPageTest_testProfile_ChangePaswdPageTest_byStatus_passed_PASS6_details')">testProfile_ChangePaswdPageTest()</a>
               </td>
               <td nowrap="true">20:37:59</td>
               <td nowrap="true" align="right">2s
                  
               </td>
               <td nowrap="true">
                   
                  
               </td>
            </tr>
            <tr>
               <td colspan="4" class="detailsBox">
                  <div id="com.mobiotics.hits.TESTCASES.Profile_ChangePaswdPageTest_testProfile_ChangePaswdPageTest_byStatus_passed_PASS6_details"
                       class="testMethodDetails">
                     <div>
                        <b>Name: </b>testProfile_ChangePaswdPageTest
                     </div>
                     <div>
                        <b>Signature: </b>testProfile_ChangePaswdPageTest()[pri:0, instance:com.mobiotics.hits.TESTCASES.Profile_ChangePaswdPageTest@34c4973]
                     </div>
                     <div>
                        <b>Start time: </b>20:37:59
                     </div>
                     <div>
                        <b>End time: </b>20:38:01
                     </div>
                     <div>
                        <b>Duration: </b>2s
                        
                     </div>
                  </div>
               </td>
            </tr>
            <tr></tr>
            <tr id="com.mobiotics.hits.TESTCASES.Customer_ListCustomerPageTest_testCustomer_ListCustomerPageTest_byStatus_passed_PASS7_row"
                class="testMethodStatusPASS">
               <td width="100%" class="firstMethodCell">
                  <a onclick="toggleDetailsVisibility('com.mobiotics.hits.TESTCASES.Customer_ListCustomerPageTest_testCustomer_ListCustomerPageTest_byStatus_passed_PASS7_details')">testCustomer_ListCustomerPageTest()</a>
               </td>
               <td nowrap="true">20:30:22</td>
               <td nowrap="true" align="right">1m
                  48s
                  
               </td>
               <td nowrap="true">
                   
                  
               </td>
            </tr>
            <tr>
               <td colspan="4" class="detailsBox">
                  <div id="com.mobiotics.hits.TESTCASES.Customer_ListCustomerPageTest_testCustomer_ListCustomerPageTest_byStatus_passed_PASS7_details"
                       class="testMethodDetails">
                     <div>
                        <b>Name: </b>testCustomer_ListCustomerPageTest
                     </div>
                     <div>
                        <b>Signature: </b>testCustomer_ListCustomerPageTest()[pri:0, instance:com.mobiotics.hits.TESTCASES.Customer_ListCustomerPageTest@704a52ec]
                     </div>
                     <div>
                        <b>Start time: </b>20:30:22
                     </div>
                     <div>
                        <b>End time: </b>20:32:11
                     </div>
                     <div>
                        <b>Duration: </b>1m
                        48s
                        
                     </div>
                  </div>
               </td>
            </tr>
            <tr></tr>
            <tr id="com.mobiotics.hits.TESTCASES.Device_HardWareReplacementPageTest_testDevice_HardWareReplacementPageTest_byStatus_passed_PASS8_row"
                class="testMethodStatusPASS">
               <td width="100%" class="firstMethodCell">
                  <a onclick="toggleDetailsVisibility('com.mobiotics.hits.TESTCASES.Device_HardWareReplacementPageTest_testDevice_HardWareReplacementPageTest_byStatus_passed_PASS8_details')">testDevice_HardWareReplacementPageTest()</a>
               </td>
               <td nowrap="true">20:37:43</td>
               <td nowrap="true" align="right">3s
                  
               </td>
               <td nowrap="true">
                   
                  
               </td>
            </tr>
            <tr>
               <td colspan="4" class="detailsBox">
                  <div id="com.mobiotics.hits.TESTCASES.Device_HardWareReplacementPageTest_testDevice_HardWareReplacementPageTest_byStatus_passed_PASS8_details"
                       class="testMethodDetails">
                     <div>
                        <b>Name: </b>testDevice_HardWareReplacementPageTest
                     </div>
                     <div>
                        <b>Signature: </b>testDevice_HardWareReplacementPageTest()[pri:0, instance:com.mobiotics.hits.TESTCASES.Device_HardWareReplacementPageTest@1563da5]
                     </div>
                     <div>
                        <b>Start time: </b>20:37:43
                     </div>
                     <div>
                        <b>End time: </b>20:37:47
                     </div>
                     <div>
                        <b>Duration: </b>3s
                        
                     </div>
                  </div>
               </td>
            </tr>
            <tr></tr>
            <tr id="com.mobiotics.hits.TESTCASES.Customer_ModifyCustomerPageTest_testCustomer_ModifyCustomerPageTest_byStatus_passed_PASS9_row"
                class="testMethodStatusPASS">
               <td width="100%" class="firstMethodCell">
                  <a onclick="toggleDetailsVisibility('com.mobiotics.hits.TESTCASES.Customer_ModifyCustomerPageTest_testCustomer_ModifyCustomerPageTest_byStatus_passed_PASS9_details')">testCustomer_ModifyCustomerPageTest()</a>
               </td>
               <td nowrap="true">20:32:11</td>
               <td nowrap="true" align="right">17s
                  
               </td>
               <td nowrap="true">
                   
                  
               </td>
            </tr>
            <tr>
               <td colspan="4" class="detailsBox">
                  <div id="com.mobiotics.hits.TESTCASES.Customer_ModifyCustomerPageTest_testCustomer_ModifyCustomerPageTest_byStatus_passed_PASS9_details"
                       class="testMethodDetails">
                     <div>
                        <b>Name: </b>testCustomer_ModifyCustomerPageTest
                     </div>
                     <div>
                        <b>Signature: </b>testCustomer_ModifyCustomerPageTest()[pri:0, instance:com.mobiotics.hits.TESTCASES.Customer_ModifyCustomerPageTest@6ee52dcd]
                     </div>
                     <div>
                        <b>Start time: </b>20:32:11
                     </div>
                     <div>
                        <b>End time: </b>20:32:28
                     </div>
                     <div>
                        <b>Duration: </b>17s
                        
                     </div>
                  </div>
               </td>
            </tr>
            <tr></tr>
            <tr id="com.mobiotics.hits.TESTCASES.Profile_SubUserPageTest_testProfile_SubUserPageTest_byStatus_passed_PASS10_row"
                class="testMethodStatusPASS">
               <td width="100%" class="firstMethodCell">
                  <a onclick="toggleDetailsVisibility('com.mobiotics.hits.TESTCASES.Profile_SubUserPageTest_testProfile_SubUserPageTest_byStatus_passed_PASS10_details')">testProfile_SubUserPageTest()</a>
               </td>
               <td nowrap="true">20:38:01</td>
               <td nowrap="true" align="right">2s
                  
               </td>
               <td nowrap="true">
                   
                  
               </td>
            </tr>
            <tr>
               <td colspan="4" class="detailsBox">
                  <div id="com.mobiotics.hits.TESTCASES.Profile_SubUserPageTest_testProfile_SubUserPageTest_byStatus_passed_PASS10_details"
                       class="testMethodDetails">
                     <div>
                        <b>Name: </b>testProfile_SubUserPageTest
                     </div>
                     <div>
                        <b>Signature: </b>testProfile_SubUserPageTest()[pri:0, instance:com.mobiotics.hits.TESTCASES.Profile_SubUserPageTest@52feb982]
                     </div>
                     <div>
                        <b>Start time: </b>20:38:01
                     </div>
                     <div>
                        <b>End time: </b>20:38:04
                     </div>
                     <div>
                        <b>Duration: </b>2s
                        
                     </div>
                  </div>
               </td>
            </tr>
            <tr></tr>
            <tr id="com.mobiotics.hits.TESTCASES.Product_ActivatePendingPlanPageTest_testProduct_ActivatePendingPlanPageTest_byStatus_passed_PASS11_row"
                class="testMethodStatusPASS">
               <td width="100%" class="firstMethodCell">
                  <a onclick="toggleDetailsVisibility('com.mobiotics.hits.TESTCASES.Product_ActivatePendingPlanPageTest_testProduct_ActivatePendingPlanPageTest_byStatus_passed_PASS11_details')">testProduct_ActivatePendingPlanPageTest()</a>
               </td>
               <td nowrap="true">20:33:53</td>
               <td nowrap="true" align="right">19s
                  
               </td>
               <td nowrap="true">
                   
                  
               </td>
            </tr>
            <tr>
               <td colspan="4" class="detailsBox">
                  <div id="com.mobiotics.hits.TESTCASES.Product_ActivatePendingPlanPageTest_testProduct_ActivatePendingPlanPageTest_byStatus_passed_PASS11_details"
                       class="testMethodDetails">
                     <div>
                        <b>Name: </b>testProduct_ActivatePendingPlanPageTest
                     </div>
                     <div>
                        <b>Signature: </b>testProduct_ActivatePendingPlanPageTest()[pri:0, instance:com.mobiotics.hits.TESTCASES.Product_ActivatePendingPlanPageTest@1877ab81]
                     </div>
                     <div>
                        <b>Start time: </b>20:33:53
                     </div>
                     <div>
                        <b>End time: </b>20:34:13
                     </div>
                     <div>
                        <b>Duration: </b>19s
                        
                     </div>
                  </div>
               </td>
            </tr>
            <tr></tr>
            <tr id="com.mobiotics.hits.TESTCASES.Profile_ModifySubUserPageTest_testProfile_ModifySubUserPageTest_byStatus_passed_PASS12_row"
                class="testMethodStatusPASS">
               <td width="100%" class="firstMethodCell">
                  <a onclick="toggleDetailsVisibility('com.mobiotics.hits.TESTCASES.Profile_ModifySubUserPageTest_testProfile_ModifySubUserPageTest_byStatus_passed_PASS12_details')">testProfile_ModifySubUserPageTest()</a>
               </td>
               <td nowrap="true">20:38:04</td>
               <td nowrap="true" align="right">1s
                  
               </td>
               <td nowrap="true">
                   
                  
               </td>
            </tr>
            <tr>
               <td colspan="4" class="detailsBox">
                  <div id="com.mobiotics.hits.TESTCASES.Profile_ModifySubUserPageTest_testProfile_ModifySubUserPageTest_byStatus_passed_PASS12_details"
                       class="testMethodDetails">
                     <div>
                        <b>Name: </b>testProfile_ModifySubUserPageTest
                     </div>
                     <div>
                        <b>Signature: </b>testProfile_ModifySubUserPageTest()[pri:0, instance:com.mobiotics.hits.TESTCASES.Profile_ModifySubUserPageTest@7a765367]
                     </div>
                     <div>
                        <b>Start time: </b>20:38:04
                     </div>
                     <div>
                        <b>End time: </b>20:38:05
                     </div>
                     <div>
                        <b>Duration: </b>1s
                        
                     </div>
                  </div>
               </td>
            </tr>
            <tr></tr>
            <tr id="com.mobiotics.hits.TESTCASES.Ticket_ListTicketPageTest_testTicket_ListTicketPageTest_byStatus_passed_PASS13_row"
                class="testMethodStatusPASS">
               <td width="100%" class="firstMethodCell">
                  <a onclick="toggleDetailsVisibility('com.mobiotics.hits.TESTCASES.Ticket_ListTicketPageTest_testTicket_ListTicketPageTest_byStatus_passed_PASS13_details')">testTicket_ListTicketPageTest()</a>
               </td>
               <td nowrap="true">20:37:51</td>
               <td nowrap="true" align="right">7s
                  
               </td>
               <td nowrap="true">
                   
                  
               </td>
            </tr>
            <tr>
               <td colspan="4" class="detailsBox">
                  <div id="com.mobiotics.hits.TESTCASES.Ticket_ListTicketPageTest_testTicket_ListTicketPageTest_byStatus_passed_PASS13_details"
                       class="testMethodDetails">
                     <div>
                        <b>Name: </b>testTicket_ListTicketPageTest
                     </div>
                     <div>
                        <b>Signature: </b>testTicket_ListTicketPageTest()[pri:0, instance:com.mobiotics.hits.TESTCASES.Ticket_ListTicketPageTest@30a3107a]
                     </div>
                     <div>
                        <b>Start time: </b>20:37:51
                     </div>
                     <div>
                        <b>End time: </b>20:37:58
                     </div>
                     <div>
                        <b>Duration: </b>7s
                        
                     </div>
                  </div>
               </td>
            </tr>
            <tr></tr>
            <tr id="com.mobiotics.hits.TESTCASES.Device_RetrackDeActiveDevicePageTest_testDevice_RetrackDeActiveDevicePageTest_byStatus_passed_PASS14_row"
                class="testMethodStatusPASS">
               <td width="100%" class="firstMethodCell">
                  <a onclick="toggleDetailsVisibility('com.mobiotics.hits.TESTCASES.Device_RetrackDeActiveDevicePageTest_testDevice_RetrackDeActiveDevicePageTest_byStatus_passed_PASS14_details')">testDevice_RetrackDeActiveDevicePageTest()</a>
               </td>
               <td nowrap="true">20:37:38</td>
               <td nowrap="true" align="right">4s
                  
               </td>
               <td nowrap="true">
                   
                  
               </td>
            </tr>
            <tr>
               <td colspan="4" class="detailsBox">
                  <div id="com.mobiotics.hits.TESTCASES.Device_RetrackDeActiveDevicePageTest_testDevice_RetrackDeActiveDevicePageTest_byStatus_passed_PASS14_details"
                       class="testMethodDetails">
                     <div>
                        <b>Name: </b>testDevice_RetrackDeActiveDevicePageTest
                     </div>
                     <div>
                        <b>Signature: </b>testDevice_RetrackDeActiveDevicePageTest()[pri:0, instance:com.mobiotics.hits.TESTCASES.Device_RetrackDeActiveDevicePageTest@ea1a8d5]
                     </div>
                     <div>
                        <b>Start time: </b>20:37:38
                     </div>
                     <div>
                        <b>End time: </b>20:37:43
                     </div>
                     <div>
                        <b>Duration: </b>4s
                        
                     </div>
                  </div>
               </td>
            </tr>
            <tr></tr>
            <tr id="com.mobiotics.hits.TESTCASES.Product_AddAla_CartePageTest_testProduct_AddAla_CartePageTest_byStatus_passed_PASS15_row"
                class="testMethodStatusPASS">
               <td width="100%" class="firstMethodCell">
                  <a onclick="toggleDetailsVisibility('com.mobiotics.hits.TESTCASES.Product_AddAla_CartePageTest_testProduct_AddAla_CartePageTest_byStatus_passed_PASS15_details')">testProduct_AddAla_CartePageTest()</a>
               </td>
               <td nowrap="true">20:32:49</td>
               <td nowrap="true" align="right">21s
                  
               </td>
               <td nowrap="true">
                   
                  
               </td>
            </tr>
            <tr>
               <td colspan="4" class="detailsBox">
                  <div id="com.mobiotics.hits.TESTCASES.Product_AddAla_CartePageTest_testProduct_AddAla_CartePageTest_byStatus_passed_PASS15_details"
                       class="testMethodDetails">
                     <div>
                        <b>Name: </b>testProduct_AddAla_CartePageTest
                     </div>
                     <div>
                        <b>Signature: </b>testProduct_AddAla_CartePageTest()[pri:0, instance:com.mobiotics.hits.TESTCASES.Product_AddAla_CartePageTest@2781e022]
                     </div>
                     <div>
                        <b>Start time: </b>20:32:49
                     </div>
                     <div>
                        <b>End time: </b>20:33:10
                     </div>
                     <div>
                        <b>Duration: </b>21s
                        
                     </div>
                  </div>
               </td>
            </tr>
            <tr></tr>
            <tr id="com.mobiotics.hits.TESTCASES.Device_OSDMessageServicePageTest_testDevice_OSDMessageServicePageTest_byStatus_passed_PASS16_row"
                class="testMethodStatusPASS">
               <td width="100%" class="firstMethodCell">
                  <a onclick="toggleDetailsVisibility('com.mobiotics.hits.TESTCASES.Device_OSDMessageServicePageTest_testDevice_OSDMessageServicePageTest_byStatus_passed_PASS16_details')">testDevice_OSDMessageServicePageTest()</a>
               </td>
               <td nowrap="true">20:36:52</td>
               <td nowrap="true" align="right">22s
                  
               </td>
               <td nowrap="true">
                   
                  
               </td>
            </tr>
            <tr>
               <td colspan="4" class="detailsBox">
                  <div id="com.mobiotics.hits.TESTCASES.Device_OSDMessageServicePageTest_testDevice_OSDMessageServicePageTest_byStatus_passed_PASS16_details"
                       class="testMethodDetails">
                     <div>
                        <b>Name: </b>testDevice_OSDMessageServicePageTest
                     </div>
                     <div>
                        <b>Signature: </b>testDevice_OSDMessageServicePageTest()[pri:0, instance:com.mobiotics.hits.TESTCASES.Device_OSDMessageServicePageTest@5faeada1]
                     </div>
                     <div>
                        <b>Start time: </b>20:36:52
                     </div>
                     <div>
                        <b>End time: </b>20:37:14
                     </div>
                     <div>
                        <b>Duration: </b>22s
                        
                     </div>
                  </div>
               </td>
            </tr>
            <tr></tr>
            <tr id="com.mobiotics.hits.TESTCASES.Device_ListDevicePageTest_testDevice_ListDevicePageTest_byStatus_passed_PASS17_row"
                class="testMethodStatusPASS">
               <td width="100%" class="firstMethodCell">
                  <a onclick="toggleDetailsVisibility('com.mobiotics.hits.TESTCASES.Device_ListDevicePageTest_testDevice_ListDevicePageTest_byStatus_passed_PASS17_details')">testDevice_ListDevicePageTest()</a>
               </td>
               <td nowrap="true">20:35:47</td>
               <td nowrap="true" align="right">1m
                  4s
                  
               </td>
               <td nowrap="true">
                   
                  
               </td>
            </tr>
            <tr>
               <td colspan="4" class="detailsBox">
                  <div id="com.mobiotics.hits.TESTCASES.Device_ListDevicePageTest_testDevice_ListDevicePageTest_byStatus_passed_PASS17_details"
                       class="testMethodDetails">
                     <div>
                        <b>Name: </b>testDevice_ListDevicePageTest
                     </div>
                     <div>
                        <b>Signature: </b>testDevice_ListDevicePageTest()[pri:0, instance:com.mobiotics.hits.TESTCASES.Device_ListDevicePageTest@7a1ebcd8]
                     </div>
                     <div>
                        <b>Start time: </b>20:35:47
                     </div>
                     <div>
                        <b>End time: </b>20:36:52
                     </div>
                     <div>
                        <b>Duration: </b>1m
                        4s
                        
                     </div>
                  </div>
               </td>
            </tr>
            <tr></tr>
            <tr id="com.mobiotics.hits.TESTCASES.Payment_AddPaymentPageTest_initApplication_byStatus_passed_PASS18_row"
                class="testMethodStatusPASS testMethodStatusCONF">
               <td width="100%" class="firstMethodCell">
                  <a onclick="toggleDetailsVisibility('com.mobiotics.hits.TESTCASES.Payment_AddPaymentPageTest_initApplication_byStatus_passed_PASS18_details')">initApplication(chrome)</a>
               </td>
               <td nowrap="true">20:27:33</td>
               <td nowrap="true" align="right">13s
                  
               </td>
               <td nowrap="true">
                   
                  
               </td>
            </tr>
            <tr>
               <td colspan="4" class="detailsBox">
                  <div id="com.mobiotics.hits.TESTCASES.Payment_AddPaymentPageTest_initApplication_byStatus_passed_PASS18_details"
                       class="testMethodDetails">
                     <div>
                        <b>Name: </b>initApplication
                     </div>
                     <div>
                        <b>Signature: </b>initApplication(java.lang.String)[pri:0, instance:com.mobiotics.hits.TESTCASES.Payment_AddPaymentPageTest@536aaa8d]
                     </div>
                     <div>
                        <b>Parameters: </b>
                        
                        chrome
                        
                        
                     </div>
                     <div>
                        <b>Start time: </b>20:27:33
                     </div>
                     <div>
                        <b>End time: </b>20:27:47
                     </div>
                     <div>
                        <b>Duration: </b>13s
                        
                     </div>
                  </div>
               </td>
            </tr>
            <tr></tr>
            <tr id="com.mobiotics.hits.TESTCASES.Payment_AddPaymentPageTest_closeFrameWork_byStatus_passed_PASS19_row"
                class="testMethodStatusPASS testMethodStatusCONF">
               <td width="100%" class="firstMethodCell">
                  <a onclick="toggleDetailsVisibility('com.mobiotics.hits.TESTCASES.Payment_AddPaymentPageTest_closeFrameWork_byStatus_passed_PASS19_details')">closeFrameWork()</a>
               </td>
               <td nowrap="true">20:38:05</td>
               <td nowrap="true" align="right">1s
                  
               </td>
               <td nowrap="true">
                   
                  
               </td>
            </tr>
            <tr>
               <td colspan="4" class="detailsBox">
                  <div id="com.mobiotics.hits.TESTCASES.Payment_AddPaymentPageTest_closeFrameWork_byStatus_passed_PASS19_details"
                       class="testMethodDetails">
                     <div>
                        <b>Name: </b>closeFrameWork
                     </div>
                     <div>
                        <b>Signature: </b>closeFrameWork()[pri:0, instance:com.mobiotics.hits.TESTCASES.Payment_AddPaymentPageTest@536aaa8d]
                     </div>
                     <div>
                        <b>Start time: </b>20:38:05
                     </div>
                     <div>
                        <b>End time: </b>20:38:07
                     </div>
                     <div>
                        <b>Duration: </b>1s
                        
                     </div>
                  </div>
               </td>
            </tr>
            <tr></tr>
            <tr id="com.mobiotics.hits.TESTCASES.Device_RetrackActiveDevicePageTest_testDevice_RetrackActiveDevicePageTest_byStatus_passed_PASS20_row"
                class="testMethodStatusPASS">
               <td width="100%" class="firstMethodCell">
                  <a onclick="toggleDetailsVisibility('com.mobiotics.hits.TESTCASES.Device_RetrackActiveDevicePageTest_testDevice_RetrackActiveDevicePageTest_byStatus_passed_PASS20_details')">testDevice_RetrackActiveDevicePageTest()</a>
               </td>
               <td nowrap="true">20:37:14</td>
               <td nowrap="true" align="right">23s
                  
               </td>
               <td nowrap="true">
                   
                  
               </td>
            </tr>
            <tr>
               <td colspan="4" class="detailsBox">
                  <div id="com.mobiotics.hits.TESTCASES.Device_RetrackActiveDevicePageTest_testDevice_RetrackActiveDevicePageTest_byStatus_passed_PASS20_details"
                       class="testMethodDetails">
                     <div>
                        <b>Name: </b>testDevice_RetrackActiveDevicePageTest
                     </div>
                     <div>
                        <b>Signature: </b>testDevice_RetrackActiveDevicePageTest()[pri:0, instance:com.mobiotics.hits.TESTCASES.Device_RetrackActiveDevicePageTest@528931cf]
                     </div>
                     <div>
                        <b>Start time: </b>20:37:14
                     </div>
                     <div>
                        <b>End time: </b>20:37:38
                     </div>
                     <div>
                        <b>Duration: </b>23s
                        
                     </div>
                  </div>
               </td>
            </tr>
            <tr></tr>
            <tr id="com.mobiotics.hits.TESTCASES.Product_AddBasePackPageTest_testProduct_AddBasePackPageTest_byStatus_passed_PASS21_row"
                class="testMethodStatusPASS">
               <td width="100%" class="firstMethodCell">
                  <a onclick="toggleDetailsVisibility('com.mobiotics.hits.TESTCASES.Product_AddBasePackPageTest_testProduct_AddBasePackPageTest_byStatus_passed_PASS21_details')">testProduct_AddBasePackPageTest()</a>
               </td>
               <td nowrap="true">20:32:28</td>
               <td nowrap="true" align="right">21s
                  
               </td>
               <td nowrap="true">
                   
                  
               </td>
            </tr>
            <tr>
               <td colspan="4" class="detailsBox">
                  <div id="com.mobiotics.hits.TESTCASES.Product_AddBasePackPageTest_testProduct_AddBasePackPageTest_byStatus_passed_PASS21_details"
                       class="testMethodDetails">
                     <div>
                        <b>Name: </b>testProduct_AddBasePackPageTest
                     </div>
                     <div>
                        <b>Signature: </b>testProduct_AddBasePackPageTest()[pri:0, instance:com.mobiotics.hits.TESTCASES.Product_AddBasePackPageTest@4493d195]
                     </div>
                     <div>
                        <b>Start time: </b>20:32:28
                     </div>
                     <div>
                        <b>End time: </b>20:32:49
                     </div>
                     <div>
                        <b>Duration: </b>21s
                        
                     </div>
                  </div>
               </td>
            </tr>
            <tr></tr>
            <tr id="com.mobiotics.hits.TESTCASES.Customer_CreateCustomerPageTest_testCustomer_CreateCustomerPageTest_byStatus_passed_PASS22_row"
                class="testMethodStatusPASS">
               <td width="100%" class="firstMethodCell">
                  <a onclick="toggleDetailsVisibility('com.mobiotics.hits.TESTCASES.Customer_CreateCustomerPageTest_testCustomer_CreateCustomerPageTest_byStatus_passed_PASS22_details')">testCustomer_CreateCustomerPageTest()</a>
               </td>
               <td nowrap="true">20:30:05</td>
               <td nowrap="true" align="right">17s
                  
               </td>
               <td nowrap="true">
                   
                  
               </td>
            </tr>
            <tr>
               <td colspan="4" class="detailsBox">
                  <div id="com.mobiotics.hits.TESTCASES.Customer_CreateCustomerPageTest_testCustomer_CreateCustomerPageTest_byStatus_passed_PASS22_details"
                       class="testMethodDetails">
                     <div>
                        <b>Name: </b>testCustomer_CreateCustomerPageTest
                     </div>
                     <div>
                        <b>Signature: </b>testCustomer_CreateCustomerPageTest()[pri:0, instance:com.mobiotics.hits.TESTCASES.Customer_CreateCustomerPageTest@76f2b07d]
                     </div>
                     <div>
                        <b>Start time: </b>20:30:05
                     </div>
                     <div>
                        <b>End time: </b>20:30:22
                     </div>
                     <div>
                        <b>Duration: </b>17s
                        
                     </div>
                  </div>
               </td>
            </tr>
            <tr></tr>
         </table>
      </div>
      <div id="testMethodsByClass">
         <table class="testMethodsTable" cellpadding="0" cellspacing="0">
            <tr>
               <td colspan="4">
                  <h3 style="display: inline;">com.mobiotics.hits.TESTCASES.Customer_CreateCustomerPageTest</h3>
               </td>
            </tr>
            <tr class="methodsTableHeader">
               <td width="100%">Name</td>
               <td nowrap="true">Started</td>
               <td nowrap="true">Duration</td>
               <td>Exception</td>
            </tr>
            <tr id="com.mobiotics.hits.TESTCASES.Customer_CreateCustomerPageTest_testCustomer_CreateCustomerPageTest_byClass_PASS1_row"
                class="testMethodStatusPASS">
               <td width="100%" class="firstMethodCell">
                  <a onclick="toggleDetailsVisibility('com.mobiotics.hits.TESTCASES.Customer_CreateCustomerPageTest_testCustomer_CreateCustomerPageTest_byClass_PASS1_details')">testCustomer_CreateCustomerPageTest()</a>
               </td>
               <td nowrap="true">20:30:05</td>
               <td nowrap="true" align="right">17s
                  
               </td>
               <td nowrap="true">
                   
                  
               </td>
            </tr>
            <tr>
               <td colspan="4" class="detailsBox">
                  <div id="com.mobiotics.hits.TESTCASES.Customer_CreateCustomerPageTest_testCustomer_CreateCustomerPageTest_byClass_PASS1_details"
                       class="testMethodDetails">
                     <div>
                        <b>Name: </b>testCustomer_CreateCustomerPageTest
                     </div>
                     <div>
                        <b>Signature: </b>testCustomer_CreateCustomerPageTest()[pri:0, instance:com.mobiotics.hits.TESTCASES.Customer_CreateCustomerPageTest@76f2b07d]
                     </div>
                     <div>
                        <b>Start time: </b>20:30:05
                     </div>
                     <div>
                        <b>End time: </b>20:30:22
                     </div>
                     <div>
                        <b>Duration: </b>17s
                        
                     </div>
                  </div>
               </td>
            </tr>
            <tr></tr>
         </table>
         <br></br>
         <table class="testMethodsTable" cellpadding="0" cellspacing="0">
            <tr>
               <td colspan="4">
                  <h3 style="display: inline;">com.mobiotics.hits.TESTCASES.Customer_ListCustomerPageTest</h3>
               </td>
            </tr>
            <tr class="methodsTableHeader">
               <td width="100%">Name</td>
               <td nowrap="true">Started</td>
               <td nowrap="true">Duration</td>
               <td>Exception</td>
            </tr>
            <tr id="com.mobiotics.hits.TESTCASES.Customer_ListCustomerPageTest_testCustomer_ListCustomerPageTest_byClass_PASS1_row"
                class="testMethodStatusPASS">
               <td width="100%" class="firstMethodCell">
                  <a onclick="toggleDetailsVisibility('com.mobiotics.hits.TESTCASES.Customer_ListCustomerPageTest_testCustomer_ListCustomerPageTest_byClass_PASS1_details')">testCustomer_ListCustomerPageTest()</a>
               </td>
               <td nowrap="true">20:30:22</td>
               <td nowrap="true" align="right">1m
                  48s
                  
               </td>
               <td nowrap="true">
                   
                  
               </td>
            </tr>
            <tr>
               <td colspan="4" class="detailsBox">
                  <div id="com.mobiotics.hits.TESTCASES.Customer_ListCustomerPageTest_testCustomer_ListCustomerPageTest_byClass_PASS1_details"
                       class="testMethodDetails">
                     <div>
                        <b>Name: </b>testCustomer_ListCustomerPageTest
                     </div>
                     <div>
                        <b>Signature: </b>testCustomer_ListCustomerPageTest()[pri:0, instance:com.mobiotics.hits.TESTCASES.Customer_ListCustomerPageTest@704a52ec]
                     </div>
                     <div>
                        <b>Start time: </b>20:30:22
                     </div>
                     <div>
                        <b>End time: </b>20:32:11
                     </div>
                     <div>
                        <b>Duration: </b>1m
                        48s
                        
                     </div>
                  </div>
               </td>
            </tr>
            <tr></tr>
         </table>
         <br></br>
         <table class="testMethodsTable" cellpadding="0" cellspacing="0">
            <tr>
               <td colspan="4">
                  <h3 style="display: inline;">com.mobiotics.hits.TESTCASES.Customer_ModifyCustomerPageTest</h3>
               </td>
            </tr>
            <tr class="methodsTableHeader">
               <td width="100%">Name</td>
               <td nowrap="true">Started</td>
               <td nowrap="true">Duration</td>
               <td>Exception</td>
            </tr>
            <tr id="com.mobiotics.hits.TESTCASES.Customer_ModifyCustomerPageTest_testCustomer_ModifyCustomerPageTest_byClass_PASS1_row"
                class="testMethodStatusPASS">
               <td width="100%" class="firstMethodCell">
                  <a onclick="toggleDetailsVisibility('com.mobiotics.hits.TESTCASES.Customer_ModifyCustomerPageTest_testCustomer_ModifyCustomerPageTest_byClass_PASS1_details')">testCustomer_ModifyCustomerPageTest()</a>
               </td>
               <td nowrap="true">20:32:11</td>
               <td nowrap="true" align="right">17s
                  
               </td>
               <td nowrap="true">
                   
                  
               </td>
            </tr>
            <tr>
               <td colspan="4" class="detailsBox">
                  <div id="com.mobiotics.hits.TESTCASES.Customer_ModifyCustomerPageTest_testCustomer_ModifyCustomerPageTest_byClass_PASS1_details"
                       class="testMethodDetails">
                     <div>
                        <b>Name: </b>testCustomer_ModifyCustomerPageTest
                     </div>
                     <div>
                        <b>Signature: </b>testCustomer_ModifyCustomerPageTest()[pri:0, instance:com.mobiotics.hits.TESTCASES.Customer_ModifyCustomerPageTest@6ee52dcd]
                     </div>
                     <div>
                        <b>Start time: </b>20:32:11
                     </div>
                     <div>
                        <b>End time: </b>20:32:28
                     </div>
                     <div>
                        <b>Duration: </b>17s
                        
                     </div>
                  </div>
               </td>
            </tr>
            <tr></tr>
         </table>
         <br></br>
         <table class="testMethodsTable" cellpadding="0" cellspacing="0">
            <tr>
               <td colspan="4">
                  <h3 style="display: inline;">com.mobiotics.hits.TESTCASES.Device_HardWareReplacementPageTest</h3>
               </td>
            </tr>
            <tr class="methodsTableHeader">
               <td width="100%">Name</td>
               <td nowrap="true">Started</td>
               <td nowrap="true">Duration</td>
               <td>Exception</td>
            </tr>
            <tr id="com.mobiotics.hits.TESTCASES.Device_HardWareReplacementPageTest_testDevice_HardWareReplacementPageTest_byClass_PASS1_row"
                class="testMethodStatusPASS">
               <td width="100%" class="firstMethodCell">
                  <a onclick="toggleDetailsVisibility('com.mobiotics.hits.TESTCASES.Device_HardWareReplacementPageTest_testDevice_HardWareReplacementPageTest_byClass_PASS1_details')">testDevice_HardWareReplacementPageTest()</a>
               </td>
               <td nowrap="true">20:37:43</td>
               <td nowrap="true" align="right">3s
                  
               </td>
               <td nowrap="true">
                   
                  
               </td>
            </tr>
            <tr>
               <td colspan="4" class="detailsBox">
                  <div id="com.mobiotics.hits.TESTCASES.Device_HardWareReplacementPageTest_testDevice_HardWareReplacementPageTest_byClass_PASS1_details"
                       class="testMethodDetails">
                     <div>
                        <b>Name: </b>testDevice_HardWareReplacementPageTest
                     </div>
                     <div>
                        <b>Signature: </b>testDevice_HardWareReplacementPageTest()[pri:0, instance:com.mobiotics.hits.TESTCASES.Device_HardWareReplacementPageTest@1563da5]
                     </div>
                     <div>
                        <b>Start time: </b>20:37:43
                     </div>
                     <div>
                        <b>End time: </b>20:37:47
                     </div>
                     <div>
                        <b>Duration: </b>3s
                        
                     </div>
                  </div>
               </td>
            </tr>
            <tr></tr>
         </table>
         <br></br>
         <table class="testMethodsTable" cellpadding="0" cellspacing="0">
            <tr>
               <td colspan="4">
                  <h3 style="display: inline;">com.mobiotics.hits.TESTCASES.Device_ListDevicePageTest</h3>
               </td>
            </tr>
            <tr class="methodsTableHeader">
               <td width="100%">Name</td>
               <td nowrap="true">Started</td>
               <td nowrap="true">Duration</td>
               <td>Exception</td>
            </tr>
            <tr id="com.mobiotics.hits.TESTCASES.Device_ListDevicePageTest_testDevice_ListDevicePageTest_byClass_PASS1_row"
                class="testMethodStatusPASS">
               <td width="100%" class="firstMethodCell">
                  <a onclick="toggleDetailsVisibility('com.mobiotics.hits.TESTCASES.Device_ListDevicePageTest_testDevice_ListDevicePageTest_byClass_PASS1_details')">testDevice_ListDevicePageTest()</a>
               </td>
               <td nowrap="true">20:35:47</td>
               <td nowrap="true" align="right">1m
                  4s
                  
               </td>
               <td nowrap="true">
                   
                  
               </td>
            </tr>
            <tr>
               <td colspan="4" class="detailsBox">
                  <div id="com.mobiotics.hits.TESTCASES.Device_ListDevicePageTest_testDevice_ListDevicePageTest_byClass_PASS1_details"
                       class="testMethodDetails">
                     <div>
                        <b>Name: </b>testDevice_ListDevicePageTest
                     </div>
                     <div>
                        <b>Signature: </b>testDevice_ListDevicePageTest()[pri:0, instance:com.mobiotics.hits.TESTCASES.Device_ListDevicePageTest@7a1ebcd8]
                     </div>
                     <div>
                        <b>Start time: </b>20:35:47
                     </div>
                     <div>
                        <b>End time: </b>20:36:52
                     </div>
                     <div>
                        <b>Duration: </b>1m
                        4s
                        
                     </div>
                  </div>
               </td>
            </tr>
            <tr></tr>
         </table>
         <br></br>
         <table class="testMethodsTable" cellpadding="0" cellspacing="0">
            <tr>
               <td colspan="4">
                  <h3 style="display: inline;">com.mobiotics.hits.TESTCASES.Device_OSDMessageServicePageTest</h3>
               </td>
            </tr>
            <tr class="methodsTableHeader">
               <td width="100%">Name</td>
               <td nowrap="true">Started</td>
               <td nowrap="true">Duration</td>
               <td>Exception</td>
            </tr>
            <tr id="com.mobiotics.hits.TESTCASES.Device_OSDMessageServicePageTest_testDevice_OSDMessageServicePageTest_byClass_PASS1_row"
                class="testMethodStatusPASS">
               <td width="100%" class="firstMethodCell">
                  <a onclick="toggleDetailsVisibility('com.mobiotics.hits.TESTCASES.Device_OSDMessageServicePageTest_testDevice_OSDMessageServicePageTest_byClass_PASS1_details')">testDevice_OSDMessageServicePageTest()</a>
               </td>
               <td nowrap="true">20:36:52</td>
               <td nowrap="true" align="right">22s
                  
               </td>
               <td nowrap="true">
                   
                  
               </td>
            </tr>
            <tr>
               <td colspan="4" class="detailsBox">
                  <div id="com.mobiotics.hits.TESTCASES.Device_OSDMessageServicePageTest_testDevice_OSDMessageServicePageTest_byClass_PASS1_details"
                       class="testMethodDetails">
                     <div>
                        <b>Name: </b>testDevice_OSDMessageServicePageTest
                     </div>
                     <div>
                        <b>Signature: </b>testDevice_OSDMessageServicePageTest()[pri:0, instance:com.mobiotics.hits.TESTCASES.Device_OSDMessageServicePageTest@5faeada1]
                     </div>
                     <div>
                        <b>Start time: </b>20:36:52
                     </div>
                     <div>
                        <b>End time: </b>20:37:14
                     </div>
                     <div>
                        <b>Duration: </b>22s
                        
                     </div>
                  </div>
               </td>
            </tr>
            <tr></tr>
         </table>
         <br></br>
         <table class="testMethodsTable" cellpadding="0" cellspacing="0">
            <tr>
               <td colspan="4">
                  <h3 style="display: inline;">com.mobiotics.hits.TESTCASES.Device_RetrackActiveDevicePageTest</h3>
               </td>
            </tr>
            <tr class="methodsTableHeader">
               <td width="100%">Name</td>
               <td nowrap="true">Started</td>
               <td nowrap="true">Duration</td>
               <td>Exception</td>
            </tr>
            <tr id="com.mobiotics.hits.TESTCASES.Device_RetrackActiveDevicePageTest_testDevice_RetrackActiveDevicePageTest_byClass_PASS1_row"
                class="testMethodStatusPASS">
               <td width="100%" class="firstMethodCell">
                  <a onclick="toggleDetailsVisibility('com.mobiotics.hits.TESTCASES.Device_RetrackActiveDevicePageTest_testDevice_RetrackActiveDevicePageTest_byClass_PASS1_details')">testDevice_RetrackActiveDevicePageTest()</a>
               </td>
               <td nowrap="true">20:37:14</td>
               <td nowrap="true" align="right">23s
                  
               </td>
               <td nowrap="true">
                   
                  
               </td>
            </tr>
            <tr>
               <td colspan="4" class="detailsBox">
                  <div id="com.mobiotics.hits.TESTCASES.Device_RetrackActiveDevicePageTest_testDevice_RetrackActiveDevicePageTest_byClass_PASS1_details"
                       class="testMethodDetails">
                     <div>
                        <b>Name: </b>testDevice_RetrackActiveDevicePageTest
                     </div>
                     <div>
                        <b>Signature: </b>testDevice_RetrackActiveDevicePageTest()[pri:0, instance:com.mobiotics.hits.TESTCASES.Device_RetrackActiveDevicePageTest@528931cf]
                     </div>
                     <div>
                        <b>Start time: </b>20:37:14
                     </div>
                     <div>
                        <b>End time: </b>20:37:38
                     </div>
                     <div>
                        <b>Duration: </b>23s
                        
                     </div>
                  </div>
               </td>
            </tr>
            <tr></tr>
         </table>
         <br></br>
         <table class="testMethodsTable" cellpadding="0" cellspacing="0">
            <tr>
               <td colspan="4">
                  <h3 style="display: inline;">com.mobiotics.hits.TESTCASES.Device_RetrackDeActiveDevicePageTest</h3>
               </td>
            </tr>
            <tr class="methodsTableHeader">
               <td width="100%">Name</td>
               <td nowrap="true">Started</td>
               <td nowrap="true">Duration</td>
               <td>Exception</td>
            </tr>
            <tr id="com.mobiotics.hits.TESTCASES.Device_RetrackDeActiveDevicePageTest_testDevice_RetrackDeActiveDevicePageTest_byClass_PASS1_row"
                class="testMethodStatusPASS">
               <td width="100%" class="firstMethodCell">
                  <a onclick="toggleDetailsVisibility('com.mobiotics.hits.TESTCASES.Device_RetrackDeActiveDevicePageTest_testDevice_RetrackDeActiveDevicePageTest_byClass_PASS1_details')">testDevice_RetrackDeActiveDevicePageTest()</a>
               </td>
               <td nowrap="true">20:37:38</td>
               <td nowrap="true" align="right">4s
                  
               </td>
               <td nowrap="true">
                   
                  
               </td>
            </tr>
            <tr>
               <td colspan="4" class="detailsBox">
                  <div id="com.mobiotics.hits.TESTCASES.Device_RetrackDeActiveDevicePageTest_testDevice_RetrackDeActiveDevicePageTest_byClass_PASS1_details"
                       class="testMethodDetails">
                     <div>
                        <b>Name: </b>testDevice_RetrackDeActiveDevicePageTest
                     </div>
                     <div>
                        <b>Signature: </b>testDevice_RetrackDeActiveDevicePageTest()[pri:0, instance:com.mobiotics.hits.TESTCASES.Device_RetrackDeActiveDevicePageTest@ea1a8d5]
                     </div>
                     <div>
                        <b>Start time: </b>20:37:38
                     </div>
                     <div>
                        <b>End time: </b>20:37:43
                     </div>
                     <div>
                        <b>Duration: </b>4s
                        
                     </div>
                  </div>
               </td>
            </tr>
            <tr></tr>
         </table>
         <br></br>
         <table class="testMethodsTable" cellpadding="0" cellspacing="0">
            <tr>
               <td colspan="4">
                  <h3 style="display: inline;">com.mobiotics.hits.TESTCASES.Payment_AddPaymentPageTest</h3>
               </td>
            </tr>
            <tr class="methodsTableHeader">
               <td width="100%">Name</td>
               <td nowrap="true">Started</td>
               <td nowrap="true">Duration</td>
               <td>Exception</td>
            </tr>
            <tr id="com.mobiotics.hits.TESTCASES.Payment_AddPaymentPageTest_initApplication_byClass_PASS1_row"
                class="testMethodStatusPASS testMethodStatusCONF">
               <td width="100%" class="firstMethodCell">
                  <a onclick="toggleDetailsVisibility('com.mobiotics.hits.TESTCASES.Payment_AddPaymentPageTest_initApplication_byClass_PASS1_details')">initApplication(chrome)</a>
               </td>
               <td nowrap="true">20:27:33</td>
               <td nowrap="true" align="right">13s
                  
               </td>
               <td nowrap="true">
                   
                  
               </td>
            </tr>
            <tr>
               <td colspan="4" class="detailsBox">
                  <div id="com.mobiotics.hits.TESTCASES.Payment_AddPaymentPageTest_initApplication_byClass_PASS1_details"
                       class="testMethodDetails">
                     <div>
                        <b>Name: </b>initApplication
                     </div>
                     <div>
                        <b>Signature: </b>initApplication(java.lang.String)[pri:0, instance:com.mobiotics.hits.TESTCASES.Payment_AddPaymentPageTest@536aaa8d]
                     </div>
                     <div>
                        <b>Parameters: </b>
                        
                        chrome
                        
                        
                     </div>
                     <div>
                        <b>Start time: </b>20:27:33
                     </div>
                     <div>
                        <b>End time: </b>20:27:47
                     </div>
                     <div>
                        <b>Duration: </b>13s
                        
                     </div>
                  </div>
               </td>
            </tr>
            <tr></tr>
            <tr id="com.mobiotics.hits.TESTCASES.Payment_AddPaymentPageTest_testPayment_AddPaymentPageTest_byClass_FAIL2_row"
                class="testMethodStatusFAIL">
               <td width="100%" class="firstMethodCell">
                  <a onclick="toggleDetailsVisibility('com.mobiotics.hits.TESTCASES.Payment_AddPaymentPageTest_testPayment_AddPaymentPageTest_byClass_FAIL2_details')">testPayment_AddPaymentPageTest()</a>
               </td>
               <td nowrap="true">20:27:47</td>
               <td nowrap="true" align="right">41s
                  
               </td>
               <td nowrap="true">
                  <a onclick="toggleDetailsVisibility('com.mobiotics.hits.TESTCASES.Payment_AddPaymentPageTest_testPayment_AddPaymentPageTest_byClass_FAIL2_exception')">org.openqa.selenium.TimeoutException: 
                     Expected condition failed: waiting for visibility of Proxy element for: DefaultElementLocator 'By.xpath: //input[@id='systemp_Mobile']'
                     (tried for 20 second(s) with 500 MILLISECONDS interval)
                     
                  </a>
                   
                  
               </td>
            </tr>
            <tr>
               <td colspan="4" class="detailsBox">
                  <div id="com.mobiotics.hits.TESTCASES.Payment_AddPaymentPageTest_testPayment_AddPaymentPageTest_byClass_FAIL2_details"
                       class="testMethodDetails">
                     <div>
                        <b>Name: </b>testPayment_AddPaymentPageTest
                     </div>
                     <div>
                        <b>Signature: </b>testPayment_AddPaymentPageTest()[pri:0, instance:com.mobiotics.hits.TESTCASES.Payment_AddPaymentPageTest@536aaa8d]
                     </div>
                     <div>
                        <b>Start time: </b>20:27:47
                     </div>
                     <div>
                        <b>End time: </b>20:28:29
                     </div>
                     <div>
                        <b>Duration: </b>41s
                        
                     </div>
                  </div>
               </td>
            </tr>
            <tr>
               <td colspan="4" class="detailsBox">
                  <div id="com.mobiotics.hits.TESTCASES.Payment_AddPaymentPageTest_testPayment_AddPaymentPageTest_byClass_FAIL2_exception"
                       class="testMethodDetails">
                     <pre style="padding: 5px; margin: 0;">org.openqa.selenium.TimeoutException: Expected condition failed: waiting for visibility of Proxy element for: DefaultElementLocator
                        'By.xpath: //input[@id='systemp_Mobile']' (tried for 20 second(s) with 500 MILLISECONDS interval)
                        	at org.openqa.selenium.support.ui.WebDriverWait.timeoutException(WebDriverWait.java:80)
                        	at org.openqa.selenium.support.ui.FluentWait.until(FluentWait.java:232)
                        	at com.mobiotics.hits.commompages.BasePage.waitTillElementIsVisible(BasePage.java:32)
                        	at com.mobiotics.hits.paymentmenu_AddPayment.CitrusPaymentPage.goToCirtusPaymentPage(CitrusPaymentPage.java:57)
                        	at com.mobiotics.hits.TESTCASES.Payment_AddPaymentPageTest.testPayment_AddPaymentPageTest(Payment_AddPaymentPageTest.java:20)
                        	at sun.reflect.NativeMethodAccessorImpl.invoke0(Native Method)
                        	at sun.reflect.NativeMethodAccessorImpl.invoke(NativeMethodAccessorImpl.java:62)
                        	at sun.reflect.DelegatingMethodAccessorImpl.invoke(DelegatingMethodAccessorImpl.java:43)
                        	at java.lang.reflect.Method.invoke(Method.java:498)
                        	at org.testng.internal.MethodInvocationHelper.invokeMethod(MethodInvocationHelper.java:108)
                        	at org.testng.internal.Invoker.invokeMethod(Invoker.java:661)
                        	at org.testng.internal.Invoker.invokeTestMethod(Invoker.java:869)
                        	at org.testng.internal.Invoker.invokeTestMethods(Invoker.java:1193)
                        	at org.testng.internal.TestMethodWorker.invokeTestMethods(TestMethodWorker.java:126)
                        	at org.testng.internal.TestMethodWorker.run(TestMethodWorker.java:109)
                        	at org.testng.TestRunner.privateRun(TestRunner.java:744)
                        	at org.testng.TestRunner.run(TestRunner.java:602)
                        	at org.testng.SuiteRunner.runTest(SuiteRunner.java:380)
                        	at org.testng.SuiteRunner.runSequentially(SuiteRunner.java:375)
                        	at org.testng.SuiteRunner.privateRun(SuiteRunner.java:340)
                        	at org.testng.SuiteRunner.run(SuiteRunner.java:289)
                        	at org.testng.SuiteRunnerWorker.runSuite(SuiteRunnerWorker.java:52)
                        	at org.testng.SuiteRunnerWorker.run(SuiteRunnerWorker.java:86)
                        	at org.testng.TestNG.runSuitesSequentially(TestNG.java:1301)
                        	at org.testng.TestNG.runSuitesLocally(TestNG.java:1226)
                        	at org.testng.TestNG.runSuites(TestNG.java:1144)
                        	at org.testng.TestNG.run(TestNG.java:1115)
                        	at org.testng.remote.AbstractRemoteTestNG.run(AbstractRemoteTestNG.java:132)
                        	at org.testng.remote.RemoteTestNG.initAndRun(RemoteTestNG.java:230)
                        	at org.testng.remote.RemoteTestNG.main(RemoteTestNG.java:76)
                        Caused by: org.openqa.selenium.NoSuchElementException: no such element: Unable to locate element: {"method":"xpath","selector":"//input[@id='systemp_Mobile']"}
                        (Session info: chrome=59.0.3071.115)
                        (Driver info: chromedriver=2.28.455520 (cc17746adff54984afff480136733114c6b3704b),platform=Windows NT 6.1.7601 SP1 x86_64)
                        (WARNING: The server did not provide any stacktrace information)
                        Command duration or timeout: 20.06 seconds
                        For documentation on this error, please visit: http://seleniumhq.org/exceptions/no_such_element.html
                        Build info: version: 'unknown', revision: '5234b32', time: '2017-03-10 09:00:17 -0800'
                        System info: host: 'SANTHOSH', ip: '192.168.91.1', os.name: 'Windows 7', os.arch: 'amd64', os.version: '6.1', java.version:
                        '1.8.0_121'
                        Driver info: org.openqa.selenium.chrome.ChromeDriver
                        Capabilities [{applicationCacheEnabled=false, rotatable=false, mobileEmulationEnabled=false, networkConnectionEnabled=false,
                        chrome={chromedriverVersion=2.28.455520 (cc17746adff54984afff480136733114c6b3704b), userDataDir=C:\Users\Santhu\AppData\Local\Temp\scoped_dir5456_23865},
                        takesHeapSnapshot=true, pageLoadStrategy=normal, databaseEnabled=false, handlesAlerts=true, hasTouchScreen=false, version=59.0.3071.115,
                        platform=XP, browserConnectionEnabled=false, nativeEvents=true, acceptSslCerts=true, locationContextEnabled=true, webStorageEnabled=true,
                        browserName=chrome, takesScreenshot=true, javascriptEnabled=true, cssSelectorsEnabled=true, unexpectedAlertBehaviour=}]
                        Session ID: 28c53deab18adc3f67684c4c35f80194
                        *** Element info: {Using=xpath, value=//input[@id='systemp_Mobile']}
                        	at sun.reflect.NativeConstructorAccessorImpl.newInstance0(Native Method)
                        	at sun.reflect.NativeConstructorAccessorImpl.newInstance(NativeConstructorAccessorImpl.java:62)
                        	at sun.reflect.DelegatingConstructorAccessorImpl.newInstance(DelegatingConstructorAccessorImpl.java:45)
                        	at java.lang.reflect.Constructor.newInstance(Constructor.java:423)
                        	at org.openqa.selenium.remote.ErrorHandler.createThrowable(ErrorHandler.java:216)
                        	at org.openqa.selenium.remote.ErrorHandler.throwIfResponseFailed(ErrorHandler.java:168)
                        	at org.openqa.selenium.remote.RemoteWebDriver.execute(RemoteWebDriver.java:638)
                        	at org.openqa.selenium.remote.RemoteWebDriver.findElement(RemoteWebDriver.java:371)
                        	at org.openqa.selenium.remote.RemoteWebDriver.findElementByXPath(RemoteWebDriver.java:476)
                        	at org.openqa.selenium.By$ByXPath.findElement(By.java:361)
                        	at org.openqa.selenium.remote.RemoteWebDriver.findElement(RemoteWebDriver.java:363)
                        	at org.openqa.selenium.support.pagefactory.DefaultElementLocator.findElement(DefaultElementLocator.java:69)
                        	at org.openqa.selenium.support.pagefactory.internal.LocatingElementHandler.invoke(LocatingElementHandler.java:38)
                        	at com.sun.proxy.$Proxy10.isDisplayed(Unknown Source)
                        	at org.openqa.selenium.support.ui.ExpectedConditions.elementIfVisible(ExpectedConditions.java:305)
                        	at org.openqa.selenium.support.ui.ExpectedConditions.access$100(ExpectedConditions.java:44)
                        	at org.openqa.selenium.support.ui.ExpectedConditions$10.apply(ExpectedConditions.java:291)
                        	at org.openqa.selenium.support.ui.ExpectedConditions$10.apply(ExpectedConditions.java:288)
                        	at org.openqa.selenium.support.ui.FluentWait.until(FluentWait.java:209)
                        	... 28 more
                     </pre>
                  </div>
               </td>
            </tr>
            <tr id="com.mobiotics.hits.TESTCASES.Payment_AddPaymentPageTest_closeFrameWork_byClass_PASS3_row"
                class="testMethodStatusPASS testMethodStatusCONF">
               <td width="100%" class="firstMethodCell">
                  <a onclick="toggleDetailsVisibility('com.mobiotics.hits.TESTCASES.Payment_AddPaymentPageTest_closeFrameWork_byClass_PASS3_details')">closeFrameWork()</a>
               </td>
               <td nowrap="true">20:38:05</td>
               <td nowrap="true" align="right">1s
                  
               </td>
               <td nowrap="true">
                   
                  
               </td>
            </tr>
            <tr>
               <td colspan="4" class="detailsBox">
                  <div id="com.mobiotics.hits.TESTCASES.Payment_AddPaymentPageTest_closeFrameWork_byClass_PASS3_details"
                       class="testMethodDetails">
                     <div>
                        <b>Name: </b>closeFrameWork
                     </div>
                     <div>
                        <b>Signature: </b>closeFrameWork()[pri:0, instance:com.mobiotics.hits.TESTCASES.Payment_AddPaymentPageTest@536aaa8d]
                     </div>
                     <div>
                        <b>Start time: </b>20:38:05
                     </div>
                     <div>
                        <b>End time: </b>20:38:07
                     </div>
                     <div>
                        <b>Duration: </b>1s
                        
                     </div>
                  </div>
               </td>
            </tr>
            <tr></tr>
         </table>
         <br></br>
         <table class="testMethodsTable" cellpadding="0" cellspacing="0">
            <tr>
               <td colspan="4">
                  <h3 style="display: inline;">com.mobiotics.hits.TESTCASES.Payment_ListPaymentPageTest</h3>
               </td>
            </tr>
            <tr class="methodsTableHeader">
               <td width="100%">Name</td>
               <td nowrap="true">Started</td>
               <td nowrap="true">Duration</td>
               <td>Exception</td>
            </tr>
            <tr id="com.mobiotics.hits.TESTCASES.Payment_ListPaymentPageTest_testPayment_ListPaymentPageTest_byClass_PASS1_row"
                class="testMethodStatusPASS">
               <td width="100%" class="firstMethodCell">
                  <a onclick="toggleDetailsVisibility('com.mobiotics.hits.TESTCASES.Payment_ListPaymentPageTest_testPayment_ListPaymentPageTest_byClass_PASS1_details')">testPayment_ListPaymentPageTest()</a>
               </td>
               <td nowrap="true">20:28:29</td>
               <td nowrap="true" align="right">26s
                  
               </td>
               <td nowrap="true">
                   
                  
               </td>
            </tr>
            <tr>
               <td colspan="4" class="detailsBox">
                  <div id="com.mobiotics.hits.TESTCASES.Payment_ListPaymentPageTest_testPayment_ListPaymentPageTest_byClass_PASS1_details"
                       class="testMethodDetails">
                     <div>
                        <b>Name: </b>testPayment_ListPaymentPageTest
                     </div>
                     <div>
                        <b>Signature: </b>testPayment_ListPaymentPageTest()[pri:0, instance:com.mobiotics.hits.TESTCASES.Payment_ListPaymentPageTest@e320068]
                     </div>
                     <div>
                        <b>Start time: </b>20:28:29
                     </div>
                     <div>
                        <b>End time: </b>20:28:56
                     </div>
                     <div>
                        <b>Duration: </b>26s
                        
                     </div>
                  </div>
               </td>
            </tr>
            <tr></tr>
         </table>
         <br></br>
         <table class="testMethodsTable" cellpadding="0" cellspacing="0">
            <tr>
               <td colspan="4">
                  <h3 style="display: inline;">com.mobiotics.hits.TESTCASES.Payment_PayForBoxPageTest</h3>
               </td>
            </tr>
            <tr class="methodsTableHeader">
               <td width="100%">Name</td>
               <td nowrap="true">Started</td>
               <td nowrap="true">Duration</td>
               <td>Exception</td>
            </tr>
            <tr id="com.mobiotics.hits.TESTCASES.Payment_PayForBoxPageTest_testPayment_PayForBoxPageTest_byClass_FAIL1_row"
                class="testMethodStatusFAIL">
               <td width="100%" class="firstMethodCell">
                  <a onclick="toggleDetailsVisibility('com.mobiotics.hits.TESTCASES.Payment_PayForBoxPageTest_testPayment_PayForBoxPageTest_byClass_FAIL1_details')">testPayment_PayForBoxPageTest()</a>
               </td>
               <td nowrap="true">20:28:56</td>
               <td nowrap="true" align="right">1m
                  9s
                  
               </td>
               <td nowrap="true">
                  <a onclick="toggleDetailsVisibility('com.mobiotics.hits.TESTCASES.Payment_PayForBoxPageTest_testPayment_PayForBoxPageTest_byClass_FAIL1_exception')">org.openqa.selenium.TimeoutException: 
                     Expected condition failed: waiting for visibility of Proxy element for: DefaultElementLocator 'By.xpath: //input[@id='systemp_Mobile']'
                     (tried for 20 second(s) with 500 MILLISECONDS interval)
                     
                  </a>
                   
                  
               </td>
            </tr>
            <tr>
               <td colspan="4" class="detailsBox">
                  <div id="com.mobiotics.hits.TESTCASES.Payment_PayForBoxPageTest_testPayment_PayForBoxPageTest_byClass_FAIL1_details"
                       class="testMethodDetails">
                     <div>
                        <b>Name: </b>testPayment_PayForBoxPageTest
                     </div>
                     <div>
                        <b>Signature: </b>testPayment_PayForBoxPageTest()[pri:0, instance:com.mobiotics.hits.TESTCASES.Payment_PayForBoxPageTest@1f57539]
                     </div>
                     <div>
                        <b>Start time: </b>20:28:56
                     </div>
                     <div>
                        <b>End time: </b>20:30:05
                     </div>
                     <div>
                        <b>Duration: </b>1m
                        9s
                        
                     </div>
                  </div>
               </td>
            </tr>
            <tr>
               <td colspan="4" class="detailsBox">
                  <div id="com.mobiotics.hits.TESTCASES.Payment_PayForBoxPageTest_testPayment_PayForBoxPageTest_byClass_FAIL1_exception"
                       class="testMethodDetails">
                     <pre style="padding: 5px; margin: 0;">org.openqa.selenium.TimeoutException: Expected condition failed: waiting for visibility of Proxy element for: DefaultElementLocator
                        'By.xpath: //input[@id='systemp_Mobile']' (tried for 20 second(s) with 500 MILLISECONDS interval)
                        	at org.openqa.selenium.support.ui.WebDriverWait.timeoutException(WebDriverWait.java:80)
                        	at org.openqa.selenium.support.ui.FluentWait.until(FluentWait.java:232)
                        	at com.mobiotics.hits.commompages.BasePage.waitTillElementIsVisible(BasePage.java:32)
                        	at com.mobiotics.hits.paymentmenu_AddPayment.CitrusPaymentPage.goToCirtusPaymentPage(CitrusPaymentPage.java:57)
                        	at com.mobiotics.hits.paymentmenu_PayForBox.PayForBoxPage.goTOPayForBoxReport(PayForBoxPage.java:115)
                        	at com.mobiotics.hits.TESTCASES.Payment_PayForBoxPageTest.testPayment_PayForBoxPageTest(Payment_PayForBoxPageTest.java:16)
                        	at sun.reflect.NativeMethodAccessorImpl.invoke0(Native Method)
                        	at sun.reflect.NativeMethodAccessorImpl.invoke(NativeMethodAccessorImpl.java:62)
                        	at sun.reflect.DelegatingMethodAccessorImpl.invoke(DelegatingMethodAccessorImpl.java:43)
                        	at java.lang.reflect.Method.invoke(Method.java:498)
                        	at org.testng.internal.MethodInvocationHelper.invokeMethod(MethodInvocationHelper.java:108)
                        	at org.testng.internal.Invoker.invokeMethod(Invoker.java:661)
                        	at org.testng.internal.Invoker.invokeTestMethod(Invoker.java:869)
                        	at org.testng.internal.Invoker.invokeTestMethods(Invoker.java:1193)
                        	at org.testng.internal.TestMethodWorker.invokeTestMethods(TestMethodWorker.java:126)
                        	at org.testng.internal.TestMethodWorker.run(TestMethodWorker.java:109)
                        	at org.testng.TestRunner.privateRun(TestRunner.java:744)
                        	at org.testng.TestRunner.run(TestRunner.java:602)
                        	at org.testng.SuiteRunner.runTest(SuiteRunner.java:380)
                        	at org.testng.SuiteRunner.runSequentially(SuiteRunner.java:375)
                        	at org.testng.SuiteRunner.privateRun(SuiteRunner.java:340)
                        	at org.testng.SuiteRunner.run(SuiteRunner.java:289)
                        	at org.testng.SuiteRunnerWorker.runSuite(SuiteRunnerWorker.java:52)
                        	at org.testng.SuiteRunnerWorker.run(SuiteRunnerWorker.java:86)
                        	at org.testng.TestNG.runSuitesSequentially(TestNG.java:1301)
                        	at org.testng.TestNG.runSuitesLocally(TestNG.java:1226)
                        	at org.testng.TestNG.runSuites(TestNG.java:1144)
                        	at org.testng.TestNG.run(TestNG.java:1115)
                        	at org.testng.remote.AbstractRemoteTestNG.run(AbstractRemoteTestNG.java:132)
                        	at org.testng.remote.RemoteTestNG.initAndRun(RemoteTestNG.java:230)
                        	at org.testng.remote.RemoteTestNG.main(RemoteTestNG.java:76)
                        Caused by: org.openqa.selenium.NoSuchElementException: no such element: Unable to locate element: {"method":"xpath","selector":"//input[@id='systemp_Mobile']"}
                        (Session info: chrome=59.0.3071.115)
                        (Driver info: chromedriver=2.28.455520 (cc17746adff54984afff480136733114c6b3704b),platform=Windows NT 6.1.7601 SP1 x86_64)
                        (WARNING: The server did not provide any stacktrace information)
                        Command duration or timeout: 23.00 seconds
                        For documentation on this error, please visit: http://seleniumhq.org/exceptions/no_such_element.html
                        Build info: version: 'unknown', revision: '5234b32', time: '2017-03-10 09:00:17 -0800'
                        System info: host: 'SANTHOSH', ip: '192.168.91.1', os.name: 'Windows 7', os.arch: 'amd64', os.version: '6.1', java.version:
                        '1.8.0_121'
                        Driver info: org.openqa.selenium.chrome.ChromeDriver
                        Capabilities [{applicationCacheEnabled=false, rotatable=false, mobileEmulationEnabled=false, networkConnectionEnabled=false,
                        chrome={chromedriverVersion=2.28.455520 (cc17746adff54984afff480136733114c6b3704b), userDataDir=C:\Users\Santhu\AppData\Local\Temp\scoped_dir5456_23865},
                        takesHeapSnapshot=true, pageLoadStrategy=normal, databaseEnabled=false, handlesAlerts=true, hasTouchScreen=false, version=59.0.3071.115,
                        platform=XP, browserConnectionEnabled=false, nativeEvents=true, acceptSslCerts=true, locationContextEnabled=true, webStorageEnabled=true,
                        browserName=chrome, takesScreenshot=true, javascriptEnabled=true, cssSelectorsEnabled=true, unexpectedAlertBehaviour=}]
                        Session ID: 28c53deab18adc3f67684c4c35f80194
                        *** Element info: {Using=xpath, value=//input[@id='systemp_Mobile']}
                        	at sun.reflect.NativeConstructorAccessorImpl.newInstance0(Native Method)
                        	at sun.reflect.NativeConstructorAccessorImpl.newInstance(NativeConstructorAccessorImpl.java:62)
                        	at sun.reflect.DelegatingConstructorAccessorImpl.newInstance(DelegatingConstructorAccessorImpl.java:45)
                        	at java.lang.reflect.Constructor.newInstance(Constructor.java:423)
                        	at org.openqa.selenium.remote.ErrorHandler.createThrowable(ErrorHandler.java:216)
                        	at org.openqa.selenium.remote.ErrorHandler.throwIfResponseFailed(ErrorHandler.java:168)
                        	at org.openqa.selenium.remote.RemoteWebDriver.execute(RemoteWebDriver.java:638)
                        	at org.openqa.selenium.remote.RemoteWebDriver.findElement(RemoteWebDriver.java:371)
                        	at org.openqa.selenium.remote.RemoteWebDriver.findElementByXPath(RemoteWebDriver.java:476)
                        	at org.openqa.selenium.By$ByXPath.findElement(By.java:361)
                        	at org.openqa.selenium.remote.RemoteWebDriver.findElement(RemoteWebDriver.java:363)
                        	at org.openqa.selenium.support.pagefactory.DefaultElementLocator.findElement(DefaultElementLocator.java:69)
                        	at org.openqa.selenium.support.pagefactory.internal.LocatingElementHandler.invoke(LocatingElementHandler.java:38)
                        	at com.sun.proxy.$Proxy10.isDisplayed(Unknown Source)
                        	at org.openqa.selenium.support.ui.ExpectedConditions.elementIfVisible(ExpectedConditions.java:305)
                        	at org.openqa.selenium.support.ui.ExpectedConditions.access$100(ExpectedConditions.java:44)
                        	at org.openqa.selenium.support.ui.ExpectedConditions$10.apply(ExpectedConditions.java:291)
                        	at org.openqa.selenium.support.ui.ExpectedConditions$10.apply(ExpectedConditions.java:288)
                        	at org.openqa.selenium.support.ui.FluentWait.until(FluentWait.java:209)
                        	... 29 more
                     </pre>
                  </div>
               </td>
            </tr>
         </table>
         <br></br>
         <table class="testMethodsTable" cellpadding="0" cellspacing="0">
            <tr>
               <td colspan="4">
                  <h3 style="display: inline;">com.mobiotics.hits.TESTCASES.Product_ActivatePendingPlanPageTest</h3>
               </td>
            </tr>
            <tr class="methodsTableHeader">
               <td width="100%">Name</td>
               <td nowrap="true">Started</td>
               <td nowrap="true">Duration</td>
               <td>Exception</td>
            </tr>
            <tr id="com.mobiotics.hits.TESTCASES.Product_ActivatePendingPlanPageTest_testProduct_ActivatePendingPlanPageTest_byClass_PASS1_row"
                class="testMethodStatusPASS">
               <td width="100%" class="firstMethodCell">
                  <a onclick="toggleDetailsVisibility('com.mobiotics.hits.TESTCASES.Product_ActivatePendingPlanPageTest_testProduct_ActivatePendingPlanPageTest_byClass_PASS1_details')">testProduct_ActivatePendingPlanPageTest()</a>
               </td>
               <td nowrap="true">20:33:53</td>
               <td nowrap="true" align="right">19s
                  
               </td>
               <td nowrap="true">
                   
                  
               </td>
            </tr>
            <tr>
               <td colspan="4" class="detailsBox">
                  <div id="com.mobiotics.hits.TESTCASES.Product_ActivatePendingPlanPageTest_testProduct_ActivatePendingPlanPageTest_byClass_PASS1_details"
                       class="testMethodDetails">
                     <div>
                        <b>Name: </b>testProduct_ActivatePendingPlanPageTest
                     </div>
                     <div>
                        <b>Signature: </b>testProduct_ActivatePendingPlanPageTest()[pri:0, instance:com.mobiotics.hits.TESTCASES.Product_ActivatePendingPlanPageTest@1877ab81]
                     </div>
                     <div>
                        <b>Start time: </b>20:33:53
                     </div>
                     <div>
                        <b>End time: </b>20:34:13
                     </div>
                     <div>
                        <b>Duration: </b>19s
                        
                     </div>
                  </div>
               </td>
            </tr>
            <tr></tr>
         </table>
         <br></br>
         <table class="testMethodsTable" cellpadding="0" cellspacing="0">
            <tr>
               <td colspan="4">
                  <h3 style="display: inline;">com.mobiotics.hits.TESTCASES.Product_AddAla_CartePageTest</h3>
               </td>
            </tr>
            <tr class="methodsTableHeader">
               <td width="100%">Name</td>
               <td nowrap="true">Started</td>
               <td nowrap="true">Duration</td>
               <td>Exception</td>
            </tr>
            <tr id="com.mobiotics.hits.TESTCASES.Product_AddAla_CartePageTest_testProduct_AddAla_CartePageTest_byClass_PASS1_row"
                class="testMethodStatusPASS">
               <td width="100%" class="firstMethodCell">
                  <a onclick="toggleDetailsVisibility('com.mobiotics.hits.TESTCASES.Product_AddAla_CartePageTest_testProduct_AddAla_CartePageTest_byClass_PASS1_details')">testProduct_AddAla_CartePageTest()</a>
               </td>
               <td nowrap="true">20:32:49</td>
               <td nowrap="true" align="right">21s
                  
               </td>
               <td nowrap="true">
                   
                  
               </td>
            </tr>
            <tr>
               <td colspan="4" class="detailsBox">
                  <div id="com.mobiotics.hits.TESTCASES.Product_AddAla_CartePageTest_testProduct_AddAla_CartePageTest_byClass_PASS1_details"
                       class="testMethodDetails">
                     <div>
                        <b>Name: </b>testProduct_AddAla_CartePageTest
                     </div>
                     <div>
                        <b>Signature: </b>testProduct_AddAla_CartePageTest()[pri:0, instance:com.mobiotics.hits.TESTCASES.Product_AddAla_CartePageTest@2781e022]
                     </div>
                     <div>
                        <b>Start time: </b>20:32:49
                     </div>
                     <div>
                        <b>End time: </b>20:33:10
                     </div>
                     <div>
                        <b>Duration: </b>21s
                        
                     </div>
                  </div>
               </td>
            </tr>
            <tr></tr>
         </table>
         <br></br>
         <table class="testMethodsTable" cellpadding="0" cellspacing="0">
            <tr>
               <td colspan="4">
                  <h3 style="display: inline;">com.mobiotics.hits.TESTCASES.Product_AddBasePackPageTest</h3>
               </td>
            </tr>
            <tr class="methodsTableHeader">
               <td width="100%">Name</td>
               <td nowrap="true">Started</td>
               <td nowrap="true">Duration</td>
               <td>Exception</td>
            </tr>
            <tr id="com.mobiotics.hits.TESTCASES.Product_AddBasePackPageTest_testProduct_AddBasePackPageTest_byClass_PASS1_row"
                class="testMethodStatusPASS">
               <td width="100%" class="firstMethodCell">
                  <a onclick="toggleDetailsVisibility('com.mobiotics.hits.TESTCASES.Product_AddBasePackPageTest_testProduct_AddBasePackPageTest_byClass_PASS1_details')">testProduct_AddBasePackPageTest()</a>
               </td>
               <td nowrap="true">20:32:28</td>
               <td nowrap="true" align="right">21s
                  
               </td>
               <td nowrap="true">
                   
                  
               </td>
            </tr>
            <tr>
               <td colspan="4" class="detailsBox">
                  <div id="com.mobiotics.hits.TESTCASES.Product_AddBasePackPageTest_testProduct_AddBasePackPageTest_byClass_PASS1_details"
                       class="testMethodDetails">
                     <div>
                        <b>Name: </b>testProduct_AddBasePackPageTest
                     </div>
                     <div>
                        <b>Signature: </b>testProduct_AddBasePackPageTest()[pri:0, instance:com.mobiotics.hits.TESTCASES.Product_AddBasePackPageTest@4493d195]
                     </div>
                     <div>
                        <b>Start time: </b>20:32:28
                     </div>
                     <div>
                        <b>End time: </b>20:32:49
                     </div>
                     <div>
                        <b>Duration: </b>21s
                        
                     </div>
                  </div>
               </td>
            </tr>
            <tr></tr>
         </table>
         <br></br>
         <table class="testMethodsTable" cellpadding="0" cellspacing="0">
            <tr>
               <td colspan="4">
                  <h3 style="display: inline;">com.mobiotics.hits.TESTCASES.Product_ProductDisconnectPageTest</h3>
               </td>
            </tr>
            <tr class="methodsTableHeader">
               <td width="100%">Name</td>
               <td nowrap="true">Started</td>
               <td nowrap="true">Duration</td>
               <td>Exception</td>
            </tr>
            <tr id="com.mobiotics.hits.TESTCASES.Product_ProductDisconnectPageTest_testProduct_ProductDisconnectPageTest_byClass_FAIL1_row"
                class="testMethodStatusFAIL">
               <td width="100%" class="firstMethodCell">
                  <a onclick="toggleDetailsVisibility('com.mobiotics.hits.TESTCASES.Product_ProductDisconnectPageTest_testProduct_ProductDisconnectPageTest_byClass_FAIL1_details')">testProduct_ProductDisconnectPageTest()</a>
               </td>
               <td nowrap="true">20:33:10</td>
               <td nowrap="true" align="right">21s
                  
               </td>
               <td nowrap="true">
                  <a onclick="toggleDetailsVisibility('com.mobiotics.hits.TESTCASES.Product_ProductDisconnectPageTest_testProduct_ProductDisconnectPageTest_byClass_FAIL1_exception')">org.openqa.selenium.NoSuchElementException: 
                     no such element: Unable to locate element: {"method":"xpath","selector":"//div[@class='productsubscription table-responsive']//tbody//td[5]"}
                     (Session info: chrome=59.0.3071.115)
                     (Driver info: chromedriver=2.28.455520 (cc17746adff54984afff480136733114c6b3704b),platform=Windows NT 6.1.7601 SP1 x86_64)
                     (WARNING: The server did not provide any stacktrace information)
                     Command duration or timeout: 20.05 seconds
                     For documentation on this error, please visit: http://seleniumhq.org/exceptions/no_such_element.html
                     Build info: version: 'unknown', revision: '5234b32', time: '2017-03-10 09:00:17 -0800'
                     System info: host: 'SANTHOSH', ip: '192.168.91.1', os.name: 'Windows 7', os.arch: 'amd64', os.version: '6.1', java.version:
                     '1.8.0_121'
                     Driver info: org.openqa.selenium.chrome.ChromeDriver
                     Capabilities [{applicationCacheEnabled=false, rotatable=false, mobileEmulationEnabled=false, networkConnectionEnabled=false,
                     chrome={chromedriverVersion=2.28.455520 (cc17746adff54984afff480136733114c6b3704b), userDataDir=C:\Users\Santhu\AppData\Local\Temp\scoped_dir5456_23865},
                     takesHeapSnapshot=true, pageLoadStrategy=normal, databaseEnabled=false, handlesAlerts=true, hasTouchScreen=false, version=59.0.3071.115,
                     platform=XP, browserConnectionEnabled=false, nativeEvents=true, acceptSslCerts=true, locationContextEnabled=true, webStorageEnabled=true,
                     browserName=chrome, takesScreenshot=true, javascriptEnabled=true, cssSelectorsEnabled=true, unexpectedAlertBehaviour=}]
                     Session ID: 28c53deab18adc3f67684c4c35f80194
                     *** Element info: {Using=xpath, value=//div[@class='productsubscription table-responsive']//tbody//td[5]}
                     
                  </a>
                   
                  
               </td>
            </tr>
            <tr>
               <td colspan="4" class="detailsBox">
                  <div id="com.mobiotics.hits.TESTCASES.Product_ProductDisconnectPageTest_testProduct_ProductDisconnectPageTest_byClass_FAIL1_details"
                       class="testMethodDetails">
                     <div>
                        <b>Name: </b>testProduct_ProductDisconnectPageTest
                     </div>
                     <div>
                        <b>Signature: </b>testProduct_ProductDisconnectPageTest()[pri:0, instance:com.mobiotics.hits.TESTCASES.Product_ProductDisconnectPageTest@57e1b0c]
                     </div>
                     <div>
                        <b>Start time: </b>20:33:10
                     </div>
                     <div>
                        <b>End time: </b>20:33:32
                     </div>
                     <div>
                        <b>Duration: </b>21s
                        
                     </div>
                  </div>
               </td>
            </tr>
            <tr>
               <td colspan="4" class="detailsBox">
                  <div id="com.mobiotics.hits.TESTCASES.Product_ProductDisconnectPageTest_testProduct_ProductDisconnectPageTest_byClass_FAIL1_exception"
                       class="testMethodDetails">
                     <pre style="padding: 5px; margin: 0;">org.openqa.selenium.NoSuchElementException: no such element: Unable to locate element: {"method":"xpath","selector":"//div[@class='productsubscription
                        table-responsive']//tbody//td[5]"}
                        (Session info: chrome=59.0.3071.115)
                        (Driver info: chromedriver=2.28.455520 (cc17746adff54984afff480136733114c6b3704b),platform=Windows NT 6.1.7601 SP1 x86_64)
                        (WARNING: The server did not provide any stacktrace information)
                        Command duration or timeout: 20.05 seconds
                        For documentation on this error, please visit: http://seleniumhq.org/exceptions/no_such_element.html
                        Build info: version: 'unknown', revision: '5234b32', time: '2017-03-10 09:00:17 -0800'
                        System info: host: 'SANTHOSH', ip: '192.168.91.1', os.name: 'Windows 7', os.arch: 'amd64', os.version: '6.1', java.version:
                        '1.8.0_121'
                        Driver info: org.openqa.selenium.chrome.ChromeDriver
                        Capabilities [{applicationCacheEnabled=false, rotatable=false, mobileEmulationEnabled=false, networkConnectionEnabled=false,
                        chrome={chromedriverVersion=2.28.455520 (cc17746adff54984afff480136733114c6b3704b), userDataDir=C:\Users\Santhu\AppData\Local\Temp\scoped_dir5456_23865},
                        takesHeapSnapshot=true, pageLoadStrategy=normal, databaseEnabled=false, handlesAlerts=true, hasTouchScreen=false, version=59.0.3071.115,
                        platform=XP, browserConnectionEnabled=false, nativeEvents=true, acceptSslCerts=true, locationContextEnabled=true, webStorageEnabled=true,
                        browserName=chrome, takesScreenshot=true, javascriptEnabled=true, cssSelectorsEnabled=true, unexpectedAlertBehaviour=}]
                        Session ID: 28c53deab18adc3f67684c4c35f80194
                        *** Element info: {Using=xpath, value=//div[@class='productsubscription table-responsive']//tbody//td[5]}
                        	at sun.reflect.NativeConstructorAccessorImpl.newInstance0(Native Method)
                        	at sun.reflect.NativeConstructorAccessorImpl.newInstance(NativeConstructorAccessorImpl.java:62)
                        	at sun.reflect.DelegatingConstructorAccessorImpl.newInstance(DelegatingConstructorAccessorImpl.java:45)
                        	at java.lang.reflect.Constructor.newInstance(Constructor.java:423)
                        	at org.openqa.selenium.remote.ErrorHandler.createThrowable(ErrorHandler.java:216)
                        	at org.openqa.selenium.remote.ErrorHandler.throwIfResponseFailed(ErrorHandler.java:168)
                        	at org.openqa.selenium.remote.RemoteWebDriver.execute(RemoteWebDriver.java:638)
                        	at org.openqa.selenium.remote.RemoteWebDriver.findElement(RemoteWebDriver.java:371)
                        	at org.openqa.selenium.remote.RemoteWebDriver.findElementByXPath(RemoteWebDriver.java:476)
                        	at org.openqa.selenium.By$ByXPath.findElement(By.java:361)
                        	at org.openqa.selenium.remote.RemoteWebDriver.findElement(RemoteWebDriver.java:363)
                        	at org.openqa.selenium.support.pagefactory.DefaultElementLocator.findElement(DefaultElementLocator.java:69)
                        	at org.openqa.selenium.support.pagefactory.internal.LocatingElementHandler.invoke(LocatingElementHandler.java:38)
                        	at com.sun.proxy.$Proxy10.isEnabled(Unknown Source)
                        	at com.mobiotics.hits.product_ProductDisconnect.ProductDisconnectPage.disconnectPlan(ProductDisconnectPage.java:65)
                        	at com.mobiotics.hits.TESTCASES.Product_ProductDisconnectPageTest.testProduct_ProductDisconnectPageTest(Product_ProductDisconnectPageTest.java:16)
                        	at sun.reflect.NativeMethodAccessorImpl.invoke0(Native Method)
                        	at sun.reflect.NativeMethodAccessorImpl.invoke(NativeMethodAccessorImpl.java:62)
                        	at sun.reflect.DelegatingMethodAccessorImpl.invoke(DelegatingMethodAccessorImpl.java:43)
                        	at java.lang.reflect.Method.invoke(Method.java:498)
                        	at org.testng.internal.MethodInvocationHelper.invokeMethod(MethodInvocationHelper.java:108)
                        	at org.testng.internal.Invoker.invokeMethod(Invoker.java:661)
                        	at org.testng.internal.Invoker.invokeTestMethod(Invoker.java:869)
                        	at org.testng.internal.Invoker.invokeTestMethods(Invoker.java:1193)
                        	at org.testng.internal.TestMethodWorker.invokeTestMethods(TestMethodWorker.java:126)
                        	at org.testng.internal.TestMethodWorker.run(TestMethodWorker.java:109)
                        	at org.testng.TestRunner.privateRun(TestRunner.java:744)
                        	at org.testng.TestRunner.run(TestRunner.java:602)
                        	at org.testng.SuiteRunner.runTest(SuiteRunner.java:380)
                        	at org.testng.SuiteRunner.runSequentially(SuiteRunner.java:375)
                        	at org.testng.SuiteRunner.privateRun(SuiteRunner.java:340)
                        	at org.testng.SuiteRunner.run(SuiteRunner.java:289)
                        	at org.testng.SuiteRunnerWorker.runSuite(SuiteRunnerWorker.java:52)
                        	at org.testng.SuiteRunnerWorker.run(SuiteRunnerWorker.java:86)
                        	at org.testng.TestNG.runSuitesSequentially(TestNG.java:1301)
                        	at org.testng.TestNG.runSuitesLocally(TestNG.java:1226)
                        	at org.testng.TestNG.runSuites(TestNG.java:1144)
                        	at org.testng.TestNG.run(TestNG.java:1115)
                        	at org.testng.remote.AbstractRemoteTestNG.run(AbstractRemoteTestNG.java:132)
                        	at org.testng.remote.RemoteTestNG.initAndRun(RemoteTestNG.java:230)
                        	at org.testng.remote.RemoteTestNG.main(RemoteTestNG.java:76)
                     </pre>
                  </div>
               </td>
            </tr>
         </table>
         <br></br>
         <table class="testMethodsTable" cellpadding="0" cellspacing="0">
            <tr>
               <td colspan="4">
                  <h3 style="display: inline;">com.mobiotics.hits.TESTCASES.Product_ProductReconnectPageTest</h3>
               </td>
            </tr>
            <tr class="methodsTableHeader">
               <td width="100%">Name</td>
               <td nowrap="true">Started</td>
               <td nowrap="true">Duration</td>
               <td>Exception</td>
            </tr>
            <tr id="com.mobiotics.hits.TESTCASES.Product_ProductReconnectPageTest_testProduct_ProductReconnectPageTest_byClass_FAIL1_row"
                class="testMethodStatusFAIL">
               <td width="100%" class="firstMethodCell">
                  <a onclick="toggleDetailsVisibility('com.mobiotics.hits.TESTCASES.Product_ProductReconnectPageTest_testProduct_ProductReconnectPageTest_byClass_FAIL1_details')">testProduct_ProductReconnectPageTest()</a>
               </td>
               <td nowrap="true">20:33:32</td>
               <td nowrap="true" align="right">21s
                  
               </td>
               <td nowrap="true">
                  <a onclick="toggleDetailsVisibility('com.mobiotics.hits.TESTCASES.Product_ProductReconnectPageTest_testProduct_ProductReconnectPageTest_byClass_FAIL1_exception')">org.openqa.selenium.NoSuchElementException: 
                     no such element: Unable to locate element: {"method":"xpath","selector":"//div[@class='productsubscription table-responsive']//tbody//td[5]"}
                     (Session info: chrome=59.0.3071.115)
                     (Driver info: chromedriver=2.28.455520 (cc17746adff54984afff480136733114c6b3704b),platform=Windows NT 6.1.7601 SP1 x86_64)
                     (WARNING: The server did not provide any stacktrace information)
                     Command duration or timeout: 20.01 seconds
                     For documentation on this error, please visit: http://seleniumhq.org/exceptions/no_such_element.html
                     Build info: version: 'unknown', revision: '5234b32', time: '2017-03-10 09:00:17 -0800'
                     System info: host: 'SANTHOSH', ip: '192.168.91.1', os.name: 'Windows 7', os.arch: 'amd64', os.version: '6.1', java.version:
                     '1.8.0_121'
                     Driver info: org.openqa.selenium.chrome.ChromeDriver
                     Capabilities [{applicationCacheEnabled=false, rotatable=false, mobileEmulationEnabled=false, networkConnectionEnabled=false,
                     chrome={chromedriverVersion=2.28.455520 (cc17746adff54984afff480136733114c6b3704b), userDataDir=C:\Users\Santhu\AppData\Local\Temp\scoped_dir5456_23865},
                     takesHeapSnapshot=true, pageLoadStrategy=normal, databaseEnabled=false, handlesAlerts=true, hasTouchScreen=false, version=59.0.3071.115,
                     platform=XP, browserConnectionEnabled=false, nativeEvents=true, acceptSslCerts=true, locationContextEnabled=true, webStorageEnabled=true,
                     browserName=chrome, takesScreenshot=true, javascriptEnabled=true, cssSelectorsEnabled=true, unexpectedAlertBehaviour=}]
                     Session ID: 28c53deab18adc3f67684c4c35f80194
                     *** Element info: {Using=xpath, value=//div[@class='productsubscription table-responsive']//tbody//td[5]}
                     
                  </a>
                   
                  
               </td>
            </tr>
            <tr>
               <td colspan="4" class="detailsBox">
                  <div id="com.mobiotics.hits.TESTCASES.Product_ProductReconnectPageTest_testProduct_ProductReconnectPageTest_byClass_FAIL1_details"
                       class="testMethodDetails">
                     <div>
                        <b>Name: </b>testProduct_ProductReconnectPageTest
                     </div>
                     <div>
                        <b>Signature: </b>testProduct_ProductReconnectPageTest()[pri:0, instance:com.mobiotics.hits.TESTCASES.Product_ProductReconnectPageTest@4232c52b]
                     </div>
                     <div>
                        <b>Start time: </b>20:33:32
                     </div>
                     <div>
                        <b>End time: </b>20:33:53
                     </div>
                     <div>
                        <b>Duration: </b>21s
                        
                     </div>
                  </div>
               </td>
            </tr>
            <tr>
               <td colspan="4" class="detailsBox">
                  <div id="com.mobiotics.hits.TESTCASES.Product_ProductReconnectPageTest_testProduct_ProductReconnectPageTest_byClass_FAIL1_exception"
                       class="testMethodDetails">
                     <pre style="padding: 5px; margin: 0;">org.openqa.selenium.NoSuchElementException: no such element: Unable to locate element: {"method":"xpath","selector":"//div[@class='productsubscription
                        table-responsive']//tbody//td[5]"}
                        (Session info: chrome=59.0.3071.115)
                        (Driver info: chromedriver=2.28.455520 (cc17746adff54984afff480136733114c6b3704b),platform=Windows NT 6.1.7601 SP1 x86_64)
                        (WARNING: The server did not provide any stacktrace information)
                        Command duration or timeout: 20.01 seconds
                        For documentation on this error, please visit: http://seleniumhq.org/exceptions/no_such_element.html
                        Build info: version: 'unknown', revision: '5234b32', time: '2017-03-10 09:00:17 -0800'
                        System info: host: 'SANTHOSH', ip: '192.168.91.1', os.name: 'Windows 7', os.arch: 'amd64', os.version: '6.1', java.version:
                        '1.8.0_121'
                        Driver info: org.openqa.selenium.chrome.ChromeDriver
                        Capabilities [{applicationCacheEnabled=false, rotatable=false, mobileEmulationEnabled=false, networkConnectionEnabled=false,
                        chrome={chromedriverVersion=2.28.455520 (cc17746adff54984afff480136733114c6b3704b), userDataDir=C:\Users\Santhu\AppData\Local\Temp\scoped_dir5456_23865},
                        takesHeapSnapshot=true, pageLoadStrategy=normal, databaseEnabled=false, handlesAlerts=true, hasTouchScreen=false, version=59.0.3071.115,
                        platform=XP, browserConnectionEnabled=false, nativeEvents=true, acceptSslCerts=true, locationContextEnabled=true, webStorageEnabled=true,
                        browserName=chrome, takesScreenshot=true, javascriptEnabled=true, cssSelectorsEnabled=true, unexpectedAlertBehaviour=}]
                        Session ID: 28c53deab18adc3f67684c4c35f80194
                        *** Element info: {Using=xpath, value=//div[@class='productsubscription table-responsive']//tbody//td[5]}
                        	at sun.reflect.NativeConstructorAccessorImpl.newInstance0(Native Method)
                        	at sun.reflect.NativeConstructorAccessorImpl.newInstance(NativeConstructorAccessorImpl.java:62)
                        	at sun.reflect.DelegatingConstructorAccessorImpl.newInstance(DelegatingConstructorAccessorImpl.java:45)
                        	at java.lang.reflect.Constructor.newInstance(Constructor.java:423)
                        	at org.openqa.selenium.remote.ErrorHandler.createThrowable(ErrorHandler.java:216)
                        	at org.openqa.selenium.remote.ErrorHandler.throwIfResponseFailed(ErrorHandler.java:168)
                        	at org.openqa.selenium.remote.RemoteWebDriver.execute(RemoteWebDriver.java:638)
                        	at org.openqa.selenium.remote.RemoteWebDriver.findElement(RemoteWebDriver.java:371)
                        	at org.openqa.selenium.remote.RemoteWebDriver.findElementByXPath(RemoteWebDriver.java:476)
                        	at org.openqa.selenium.By$ByXPath.findElement(By.java:361)
                        	at org.openqa.selenium.remote.RemoteWebDriver.findElement(RemoteWebDriver.java:363)
                        	at org.openqa.selenium.support.pagefactory.DefaultElementLocator.findElement(DefaultElementLocator.java:69)
                        	at org.openqa.selenium.support.pagefactory.internal.LocatingElementHandler.invoke(LocatingElementHandler.java:38)
                        	at com.sun.proxy.$Proxy10.isDisplayed(Unknown Source)
                        	at com.mobiotics.hits.product_ProductReconnectPage.ProductReconnectPage.reconnectPlan(ProductReconnectPage.java:89)
                        	at com.mobiotics.hits.TESTCASES.Product_ProductReconnectPageTest.testProduct_ProductReconnectPageTest(Product_ProductReconnectPageTest.java:15)
                        	at sun.reflect.NativeMethodAccessorImpl.invoke0(Native Method)
                        	at sun.reflect.NativeMethodAccessorImpl.invoke(NativeMethodAccessorImpl.java:62)
                        	at sun.reflect.DelegatingMethodAccessorImpl.invoke(DelegatingMethodAccessorImpl.java:43)
                        	at java.lang.reflect.Method.invoke(Method.java:498)
                        	at org.testng.internal.MethodInvocationHelper.invokeMethod(MethodInvocationHelper.java:108)
                        	at org.testng.internal.Invoker.invokeMethod(Invoker.java:661)
                        	at org.testng.internal.Invoker.invokeTestMethod(Invoker.java:869)
                        	at org.testng.internal.Invoker.invokeTestMethods(Invoker.java:1193)
                        	at org.testng.internal.TestMethodWorker.invokeTestMethods(TestMethodWorker.java:126)
                        	at org.testng.internal.TestMethodWorker.run(TestMethodWorker.java:109)
                        	at org.testng.TestRunner.privateRun(TestRunner.java:744)
                        	at org.testng.TestRunner.run(TestRunner.java:602)
                        	at org.testng.SuiteRunner.runTest(SuiteRunner.java:380)
                        	at org.testng.SuiteRunner.runSequentially(SuiteRunner.java:375)
                        	at org.testng.SuiteRunner.privateRun(SuiteRunner.java:340)
                        	at org.testng.SuiteRunner.run(SuiteRunner.java:289)
                        	at org.testng.SuiteRunnerWorker.runSuite(SuiteRunnerWorker.java:52)
                        	at org.testng.SuiteRunnerWorker.run(SuiteRunnerWorker.java:86)
                        	at org.testng.TestNG.runSuitesSequentially(TestNG.java:1301)
                        	at org.testng.TestNG.runSuitesLocally(TestNG.java:1226)
                        	at org.testng.TestNG.runSuites(TestNG.java:1144)
                        	at org.testng.TestNG.run(TestNG.java:1115)
                        	at org.testng.remote.AbstractRemoteTestNG.run(AbstractRemoteTestNG.java:132)
                        	at org.testng.remote.RemoteTestNG.initAndRun(RemoteTestNG.java:230)
                        	at org.testng.remote.RemoteTestNG.main(RemoteTestNG.java:76)
                     </pre>
                  </div>
               </td>
            </tr>
         </table>
         <br></br>
         <table class="testMethodsTable" cellpadding="0" cellspacing="0">
            <tr>
               <td colspan="4">
                  <h3 style="display: inline;">com.mobiotics.hits.TESTCASES.Profile_ChangePaswdPageTest</h3>
               </td>
            </tr>
            <tr class="methodsTableHeader">
               <td width="100%">Name</td>
               <td nowrap="true">Started</td>
               <td nowrap="true">Duration</td>
               <td>Exception</td>
            </tr>
            <tr id="com.mobiotics.hits.TESTCASES.Profile_ChangePaswdPageTest_testProfile_ChangePaswdPageTest_byClass_PASS1_row"
                class="testMethodStatusPASS">
               <td width="100%" class="firstMethodCell">
                  <a onclick="toggleDetailsVisibility('com.mobiotics.hits.TESTCASES.Profile_ChangePaswdPageTest_testProfile_ChangePaswdPageTest_byClass_PASS1_details')">testProfile_ChangePaswdPageTest()</a>
               </td>
               <td nowrap="true">20:37:59</td>
               <td nowrap="true" align="right">2s
                  
               </td>
               <td nowrap="true">
                   
                  
               </td>
            </tr>
            <tr>
               <td colspan="4" class="detailsBox">
                  <div id="com.mobiotics.hits.TESTCASES.Profile_ChangePaswdPageTest_testProfile_ChangePaswdPageTest_byClass_PASS1_details"
                       class="testMethodDetails">
                     <div>
                        <b>Name: </b>testProfile_ChangePaswdPageTest
                     </div>
                     <div>
                        <b>Signature: </b>testProfile_ChangePaswdPageTest()[pri:0, instance:com.mobiotics.hits.TESTCASES.Profile_ChangePaswdPageTest@34c4973]
                     </div>
                     <div>
                        <b>Start time: </b>20:37:59
                     </div>
                     <div>
                        <b>End time: </b>20:38:01
                     </div>
                     <div>
                        <b>Duration: </b>2s
                        
                     </div>
                  </div>
               </td>
            </tr>
            <tr></tr>
         </table>
         <br></br>
         <table class="testMethodsTable" cellpadding="0" cellspacing="0">
            <tr>
               <td colspan="4">
                  <h3 style="display: inline;">com.mobiotics.hits.TESTCASES.Profile_ModifySubUserPageTest</h3>
               </td>
            </tr>
            <tr class="methodsTableHeader">
               <td width="100%">Name</td>
               <td nowrap="true">Started</td>
               <td nowrap="true">Duration</td>
               <td>Exception</td>
            </tr>
            <tr id="com.mobiotics.hits.TESTCASES.Profile_ModifySubUserPageTest_testProfile_ModifySubUserPageTest_byClass_PASS1_row"
                class="testMethodStatusPASS">
               <td width="100%" class="firstMethodCell">
                  <a onclick="toggleDetailsVisibility('com.mobiotics.hits.TESTCASES.Profile_ModifySubUserPageTest_testProfile_ModifySubUserPageTest_byClass_PASS1_details')">testProfile_ModifySubUserPageTest()</a>
               </td>
               <td nowrap="true">20:38:04</td>
               <td nowrap="true" align="right">1s
                  
               </td>
               <td nowrap="true">
                   
                  
               </td>
            </tr>
            <tr>
               <td colspan="4" class="detailsBox">
                  <div id="com.mobiotics.hits.TESTCASES.Profile_ModifySubUserPageTest_testProfile_ModifySubUserPageTest_byClass_PASS1_details"
                       class="testMethodDetails">
                     <div>
                        <b>Name: </b>testProfile_ModifySubUserPageTest
                     </div>
                     <div>
                        <b>Signature: </b>testProfile_ModifySubUserPageTest()[pri:0, instance:com.mobiotics.hits.TESTCASES.Profile_ModifySubUserPageTest@7a765367]
                     </div>
                     <div>
                        <b>Start time: </b>20:38:04
                     </div>
                     <div>
                        <b>End time: </b>20:38:05
                     </div>
                     <div>
                        <b>Duration: </b>1s
                        
                     </div>
                  </div>
               </td>
            </tr>
            <tr></tr>
         </table>
         <br></br>
         <table class="testMethodsTable" cellpadding="0" cellspacing="0">
            <tr>
               <td colspan="4">
                  <h3 style="display: inline;">com.mobiotics.hits.TESTCASES.Profile_MyProfilePageTest</h3>
               </td>
            </tr>
            <tr class="methodsTableHeader">
               <td width="100%">Name</td>
               <td nowrap="true">Started</td>
               <td nowrap="true">Duration</td>
               <td>Exception</td>
            </tr>
            <tr id="com.mobiotics.hits.TESTCASES.Profile_MyProfilePageTest_testProfile_MyProfilePageTest_byClass_FAIL1_row"
                class="testMethodStatusFAIL">
               <td width="100%" class="firstMethodCell">
                  <a onclick="toggleDetailsVisibility('com.mobiotics.hits.TESTCASES.Profile_MyProfilePageTest_testProfile_MyProfilePageTest_byClass_FAIL1_details')">testProfile_MyProfilePageTest()</a>
               </td>
               <td nowrap="true">20:37:58</td>
               <td nowrap="true" align="right">183 ms
                  
               </td>
               <td nowrap="true">
                  <a onclick="toggleDetailsVisibility('com.mobiotics.hits.TESTCASES.Profile_MyProfilePageTest_testProfile_MyProfilePageTest_byClass_FAIL1_exception')">org.openqa.selenium.WebDriverException: 
                     unknown error: Element &lt;a class="dropdown-toggle" data-toggle="dropdown" role="button" href=""&gt;...&lt;/a&gt; is not clickable at
                     point (1211, 36). Other element would receive the click: &lt;div class="loading"&gt;&lt;/div&gt;
                     (Session info: chrome=59.0.3071.115)
                     (Driver info: chromedriver=2.28.455520 (cc17746adff54984afff480136733114c6b3704b),platform=Windows NT 6.1.7601 SP1 x86_64)
                     (WARNING: The server did not provide any stacktrace information)
                     Command duration or timeout: 136 milliseconds
                     Build info: version: 'unknown', revision: '5234b32', time: '2017-03-10 09:00:17 -0800'
                     System info: host: 'SANTHOSH', ip: '192.168.91.1', os.name: 'Windows 7', os.arch: 'amd64', os.version: '6.1', java.version:
                     '1.8.0_121'
                     Driver info: org.openqa.selenium.chrome.ChromeDriver
                     Capabilities [{applicationCacheEnabled=false, rotatable=false, mobileEmulationEnabled=false, networkConnectionEnabled=false,
                     chrome={chromedriverVersion=2.28.455520 (cc17746adff54984afff480136733114c6b3704b), userDataDir=C:\Users\Santhu\AppData\Local\Temp\scoped_dir5456_23865},
                     takesHeapSnapshot=true, pageLoadStrategy=normal, databaseEnabled=false, handlesAlerts=true, hasTouchScreen=false, version=59.0.3071.115,
                     platform=XP, browserConnectionEnabled=false, nativeEvents=true, acceptSslCerts=true, locationContextEnabled=true, webStorageEnabled=true,
                     browserName=chrome, takesScreenshot=true, javascriptEnabled=true, cssSelectorsEnabled=true, unexpectedAlertBehaviour=}]
                     Session ID: 28c53deab18adc3f67684c4c35f80194
                     
                  </a>
                   
                  
               </td>
            </tr>
            <tr>
               <td colspan="4" class="detailsBox">
                  <div id="com.mobiotics.hits.TESTCASES.Profile_MyProfilePageTest_testProfile_MyProfilePageTest_byClass_FAIL1_details"
                       class="testMethodDetails">
                     <div>
                        <b>Name: </b>testProfile_MyProfilePageTest
                     </div>
                     <div>
                        <b>Signature: </b>testProfile_MyProfilePageTest()[pri:0, instance:com.mobiotics.hits.TESTCASES.Profile_MyProfilePageTest@33c7e1bb]
                     </div>
                     <div>
                        <b>Start time: </b>20:37:58
                     </div>
                     <div>
                        <b>End time: </b>20:37:58
                     </div>
                     <div>
                        <b>Duration: </b>183 ms
                        
                     </div>
                  </div>
               </td>
            </tr>
            <tr>
               <td colspan="4" class="detailsBox">
                  <div id="com.mobiotics.hits.TESTCASES.Profile_MyProfilePageTest_testProfile_MyProfilePageTest_byClass_FAIL1_exception"
                       class="testMethodDetails">
                     <pre style="padding: 5px; margin: 0;">org.openqa.selenium.WebDriverException: unknown error: Element &lt;a class="dropdown-toggle" data-toggle="dropdown" role="button"
                        href=""&gt;...&lt;/a&gt; is not clickable at point (1211, 36). Other element would receive the click: &lt;div class="loading"&gt;&lt;/div&gt;
                        (Session info: chrome=59.0.3071.115)
                        (Driver info: chromedriver=2.28.455520 (cc17746adff54984afff480136733114c6b3704b),platform=Windows NT 6.1.7601 SP1 x86_64)
                        (WARNING: The server did not provide any stacktrace information)
                        Command duration or timeout: 136 milliseconds
                        Build info: version: 'unknown', revision: '5234b32', time: '2017-03-10 09:00:17 -0800'
                        System info: host: 'SANTHOSH', ip: '192.168.91.1', os.name: 'Windows 7', os.arch: 'amd64', os.version: '6.1', java.version:
                        '1.8.0_121'
                        Driver info: org.openqa.selenium.chrome.ChromeDriver
                        Capabilities [{applicationCacheEnabled=false, rotatable=false, mobileEmulationEnabled=false, networkConnectionEnabled=false,
                        chrome={chromedriverVersion=2.28.455520 (cc17746adff54984afff480136733114c6b3704b), userDataDir=C:\Users\Santhu\AppData\Local\Temp\scoped_dir5456_23865},
                        takesHeapSnapshot=true, pageLoadStrategy=normal, databaseEnabled=false, handlesAlerts=true, hasTouchScreen=false, version=59.0.3071.115,
                        platform=XP, browserConnectionEnabled=false, nativeEvents=true, acceptSslCerts=true, locationContextEnabled=true, webStorageEnabled=true,
                        browserName=chrome, takesScreenshot=true, javascriptEnabled=true, cssSelectorsEnabled=true, unexpectedAlertBehaviour=}]
                        Session ID: 28c53deab18adc3f67684c4c35f80194
                        	at sun.reflect.NativeConstructorAccessorImpl.newInstance0(Native Method)
                        	at sun.reflect.NativeConstructorAccessorImpl.newInstance(NativeConstructorAccessorImpl.java:62)
                        	at sun.reflect.DelegatingConstructorAccessorImpl.newInstance(DelegatingConstructorAccessorImpl.java:45)
                        	at java.lang.reflect.Constructor.newInstance(Constructor.java:423)
                        	at org.openqa.selenium.remote.ErrorHandler.createThrowable(ErrorHandler.java:216)
                        	at org.openqa.selenium.remote.ErrorHandler.throwIfResponseFailed(ErrorHandler.java:168)
                        	at org.openqa.selenium.remote.RemoteWebDriver.execute(RemoteWebDriver.java:638)
                        	at org.openqa.selenium.remote.RemoteWebElement.execute(RemoteWebElement.java:274)
                        	at org.openqa.selenium.remote.RemoteWebElement.click(RemoteWebElement.java:84)
                        	at sun.reflect.GeneratedMethodAccessor2.invoke(Unknown Source)
                        	at sun.reflect.DelegatingMethodAccessorImpl.invoke(DelegatingMethodAccessorImpl.java:43)
                        	at java.lang.reflect.Method.invoke(Method.java:498)
                        	at org.openqa.selenium.support.pagefactory.internal.LocatingElementHandler.invoke(LocatingElementHandler.java:51)
                        	at com.sun.proxy.$Proxy10.click(Unknown Source)
                        	at com.mobiotics.hits.commompages.HomePage.navigateToProfileMenu_MyProfile(HomePage.java:304)
                        	at com.mobiotics.hits.TESTCASES.Profile_MyProfilePageTest.testProfile_MyProfilePageTest(Profile_MyProfilePageTest.java:14)
                        	at sun.reflect.NativeMethodAccessorImpl.invoke0(Native Method)
                        	at sun.reflect.NativeMethodAccessorImpl.invoke(NativeMethodAccessorImpl.java:62)
                        	at sun.reflect.DelegatingMethodAccessorImpl.invoke(DelegatingMethodAccessorImpl.java:43)
                        	at java.lang.reflect.Method.invoke(Method.java:498)
                        	at org.testng.internal.MethodInvocationHelper.invokeMethod(MethodInvocationHelper.java:108)
                        	at org.testng.internal.Invoker.invokeMethod(Invoker.java:661)
                        	at org.testng.internal.Invoker.invokeTestMethod(Invoker.java:869)
                        	at org.testng.internal.Invoker.invokeTestMethods(Invoker.java:1193)
                        	at org.testng.internal.TestMethodWorker.invokeTestMethods(TestMethodWorker.java:126)
                        	at org.testng.internal.TestMethodWorker.run(TestMethodWorker.java:109)
                        	at org.testng.TestRunner.privateRun(TestRunner.java:744)
                        	at org.testng.TestRunner.run(TestRunner.java:602)
                        	at org.testng.SuiteRunner.runTest(SuiteRunner.java:380)
                        	at org.testng.SuiteRunner.runSequentially(SuiteRunner.java:375)
                        	at org.testng.SuiteRunner.privateRun(SuiteRunner.java:340)
                        	at org.testng.SuiteRunner.run(SuiteRunner.java:289)
                        	at org.testng.SuiteRunnerWorker.runSuite(SuiteRunnerWorker.java:52)
                        	at org.testng.SuiteRunnerWorker.run(SuiteRunnerWorker.java:86)
                        	at org.testng.TestNG.runSuitesSequentially(TestNG.java:1301)
                        	at org.testng.TestNG.runSuitesLocally(TestNG.java:1226)
                        	at org.testng.TestNG.runSuites(TestNG.java:1144)
                        	at org.testng.TestNG.run(TestNG.java:1115)
                        	at org.testng.remote.AbstractRemoteTestNG.run(AbstractRemoteTestNG.java:132)
                        	at org.testng.remote.RemoteTestNG.initAndRun(RemoteTestNG.java:230)
                        	at org.testng.remote.RemoteTestNG.main(RemoteTestNG.java:76)
                     </pre>
                  </div>
               </td>
            </tr>
         </table>
         <br></br>
         <table class="testMethodsTable" cellpadding="0" cellspacing="0">
            <tr>
               <td colspan="4">
                  <h3 style="display: inline;">com.mobiotics.hits.TESTCASES.Profile_SubUserPageTest</h3>
               </td>
            </tr>
            <tr class="methodsTableHeader">
               <td width="100%">Name</td>
               <td nowrap="true">Started</td>
               <td nowrap="true">Duration</td>
               <td>Exception</td>
            </tr>
            <tr id="com.mobiotics.hits.TESTCASES.Profile_SubUserPageTest_testProfile_SubUserPageTest_byClass_PASS1_row"
                class="testMethodStatusPASS">
               <td width="100%" class="firstMethodCell">
                  <a onclick="toggleDetailsVisibility('com.mobiotics.hits.TESTCASES.Profile_SubUserPageTest_testProfile_SubUserPageTest_byClass_PASS1_details')">testProfile_SubUserPageTest()</a>
               </td>
               <td nowrap="true">20:38:01</td>
               <td nowrap="true" align="right">2s
                  
               </td>
               <td nowrap="true">
                   
                  
               </td>
            </tr>
            <tr>
               <td colspan="4" class="detailsBox">
                  <div id="com.mobiotics.hits.TESTCASES.Profile_SubUserPageTest_testProfile_SubUserPageTest_byClass_PASS1_details"
                       class="testMethodDetails">
                     <div>
                        <b>Name: </b>testProfile_SubUserPageTest
                     </div>
                     <div>
                        <b>Signature: </b>testProfile_SubUserPageTest()[pri:0, instance:com.mobiotics.hits.TESTCASES.Profile_SubUserPageTest@52feb982]
                     </div>
                     <div>
                        <b>Start time: </b>20:38:01
                     </div>
                     <div>
                        <b>End time: </b>20:38:04
                     </div>
                     <div>
                        <b>Duration: </b>2s
                        
                     </div>
                  </div>
               </td>
            </tr>
            <tr></tr>
         </table>
         <br></br>
         <table class="testMethodsTable" cellpadding="0" cellspacing="0">
            <tr>
               <td colspan="4">
                  <h3 style="display: inline;">com.mobiotics.hits.TESTCASES.Renew_AfterExpiryPageTest</h3>
               </td>
            </tr>
            <tr class="methodsTableHeader">
               <td width="100%">Name</td>
               <td nowrap="true">Started</td>
               <td nowrap="true">Duration</td>
               <td>Exception</td>
            </tr>
            <tr id="com.mobiotics.hits.TESTCASES.Renew_AfterExpiryPageTest_testRenew_AfterExpiryPageTest_byClass_PASS1_row"
                class="testMethodStatusPASS">
               <td width="100%" class="firstMethodCell">
                  <a onclick="toggleDetailsVisibility('com.mobiotics.hits.TESTCASES.Renew_AfterExpiryPageTest_testRenew_AfterExpiryPageTest_byClass_PASS1_details')">testRenew_AfterExpiryPageTest()</a>
               </td>
               <td nowrap="true">20:34:13</td>
               <td nowrap="true" align="right">8s
                  
               </td>
               <td nowrap="true">
                   
                  
               </td>
            </tr>
            <tr>
               <td colspan="4" class="detailsBox">
                  <div id="com.mobiotics.hits.TESTCASES.Renew_AfterExpiryPageTest_testRenew_AfterExpiryPageTest_byClass_PASS1_details"
                       class="testMethodDetails">
                     <div>
                        <b>Name: </b>testRenew_AfterExpiryPageTest
                     </div>
                     <div>
                        <b>Signature: </b>testRenew_AfterExpiryPageTest()[pri:0, instance:com.mobiotics.hits.TESTCASES.Renew_AfterExpiryPageTest@305fd85d]
                     </div>
                     <div>
                        <b>Start time: </b>20:34:13
                     </div>
                     <div>
                        <b>End time: </b>20:34:21
                     </div>
                     <div>
                        <b>Duration: </b>8s
                        
                     </div>
                  </div>
               </td>
            </tr>
            <tr></tr>
         </table>
         <br></br>
         <table class="testMethodsTable" cellpadding="0" cellspacing="0">
            <tr>
               <td colspan="4">
                  <h3 style="display: inline;">com.mobiotics.hits.TESTCASES.Renew_BeforeExpiryPageTest</h3>
               </td>
            </tr>
            <tr class="methodsTableHeader">
               <td width="100%">Name</td>
               <td nowrap="true">Started</td>
               <td nowrap="true">Duration</td>
               <td>Exception</td>
            </tr>
            <tr id="com.mobiotics.hits.TESTCASES.Renew_BeforeExpiryPageTest_testRenew_BeforeExpiryPageTest_byClass_FAIL1_row"
                class="testMethodStatusFAIL">
               <td width="100%" class="firstMethodCell">
                  <a onclick="toggleDetailsVisibility('com.mobiotics.hits.TESTCASES.Renew_BeforeExpiryPageTest_testRenew_BeforeExpiryPageTest_byClass_FAIL1_details')">testRenew_BeforeExpiryPageTest()</a>
               </td>
               <td nowrap="true">20:34:21</td>
               <td nowrap="true" align="right">117 ms
                  
               </td>
               <td nowrap="true">
                  <a onclick="toggleDetailsVisibility('com.mobiotics.hits.TESTCASES.Renew_BeforeExpiryPageTest_testRenew_BeforeExpiryPageTest_byClass_FAIL1_exception')">org.openqa.selenium.WebDriverException: 
                     unknown error: Element &lt;a class="dropdown-toggle" data-toggle="dropdown" role="button" href=""&gt;...&lt;/a&gt; is not clickable at
                     point (860, 36). Other element would receive the click: &lt;h4 class="modal-title" id="myModalLabel"&gt;...&lt;/h4&gt;
                     (Session info: chrome=59.0.3071.115)
                     (Driver info: chromedriver=2.28.455520 (cc17746adff54984afff480136733114c6b3704b),platform=Windows NT 6.1.7601 SP1 x86_64)
                     (WARNING: The server did not provide any stacktrace information)
                     Command duration or timeout: 86 milliseconds
                     Build info: version: 'unknown', revision: '5234b32', time: '2017-03-10 09:00:17 -0800'
                     System info: host: 'SANTHOSH', ip: '192.168.91.1', os.name: 'Windows 7', os.arch: 'amd64', os.version: '6.1', java.version:
                     '1.8.0_121'
                     Driver info: org.openqa.selenium.chrome.ChromeDriver
                     Capabilities [{applicationCacheEnabled=false, rotatable=false, mobileEmulationEnabled=false, networkConnectionEnabled=false,
                     chrome={chromedriverVersion=2.28.455520 (cc17746adff54984afff480136733114c6b3704b), userDataDir=C:\Users\Santhu\AppData\Local\Temp\scoped_dir5456_23865},
                     takesHeapSnapshot=true, pageLoadStrategy=normal, databaseEnabled=false, handlesAlerts=true, hasTouchScreen=false, version=59.0.3071.115,
                     platform=XP, browserConnectionEnabled=false, nativeEvents=true, acceptSslCerts=true, locationContextEnabled=true, webStorageEnabled=true,
                     browserName=chrome, takesScreenshot=true, javascriptEnabled=true, cssSelectorsEnabled=true, unexpectedAlertBehaviour=}]
                     Session ID: 28c53deab18adc3f67684c4c35f80194
                     
                  </a>
                   
                  
               </td>
            </tr>
            <tr>
               <td colspan="4" class="detailsBox">
                  <div id="com.mobiotics.hits.TESTCASES.Renew_BeforeExpiryPageTest_testRenew_BeforeExpiryPageTest_byClass_FAIL1_details"
                       class="testMethodDetails">
                     <div>
                        <b>Name: </b>testRenew_BeforeExpiryPageTest
                     </div>
                     <div>
                        <b>Signature: </b>testRenew_BeforeExpiryPageTest()[pri:0, instance:com.mobiotics.hits.TESTCASES.Renew_BeforeExpiryPageTest@458c1321]
                     </div>
                     <div>
                        <b>Start time: </b>20:34:21
                     </div>
                     <div>
                        <b>End time: </b>20:34:21
                     </div>
                     <div>
                        <b>Duration: </b>117 ms
                        
                     </div>
                  </div>
               </td>
            </tr>
            <tr>
               <td colspan="4" class="detailsBox">
                  <div id="com.mobiotics.hits.TESTCASES.Renew_BeforeExpiryPageTest_testRenew_BeforeExpiryPageTest_byClass_FAIL1_exception"
                       class="testMethodDetails">
                     <pre style="padding: 5px; margin: 0;">org.openqa.selenium.WebDriverException: unknown error: Element &lt;a class="dropdown-toggle" data-toggle="dropdown" role="button"
                        href=""&gt;...&lt;/a&gt; is not clickable at point (860, 36). Other element would receive the click: &lt;h4 class="modal-title" id="myModalLabel"&gt;...&lt;/h4&gt;
                        (Session info: chrome=59.0.3071.115)
                        (Driver info: chromedriver=2.28.455520 (cc17746adff54984afff480136733114c6b3704b),platform=Windows NT 6.1.7601 SP1 x86_64)
                        (WARNING: The server did not provide any stacktrace information)
                        Command duration or timeout: 86 milliseconds
                        Build info: version: 'unknown', revision: '5234b32', time: '2017-03-10 09:00:17 -0800'
                        System info: host: 'SANTHOSH', ip: '192.168.91.1', os.name: 'Windows 7', os.arch: 'amd64', os.version: '6.1', java.version:
                        '1.8.0_121'
                        Driver info: org.openqa.selenium.chrome.ChromeDriver
                        Capabilities [{applicationCacheEnabled=false, rotatable=false, mobileEmulationEnabled=false, networkConnectionEnabled=false,
                        chrome={chromedriverVersion=2.28.455520 (cc17746adff54984afff480136733114c6b3704b), userDataDir=C:\Users\Santhu\AppData\Local\Temp\scoped_dir5456_23865},
                        takesHeapSnapshot=true, pageLoadStrategy=normal, databaseEnabled=false, handlesAlerts=true, hasTouchScreen=false, version=59.0.3071.115,
                        platform=XP, browserConnectionEnabled=false, nativeEvents=true, acceptSslCerts=true, locationContextEnabled=true, webStorageEnabled=true,
                        browserName=chrome, takesScreenshot=true, javascriptEnabled=true, cssSelectorsEnabled=true, unexpectedAlertBehaviour=}]
                        Session ID: 28c53deab18adc3f67684c4c35f80194
                        	at sun.reflect.NativeConstructorAccessorImpl.newInstance0(Native Method)
                        	at sun.reflect.NativeConstructorAccessorImpl.newInstance(NativeConstructorAccessorImpl.java:62)
                        	at sun.reflect.DelegatingConstructorAccessorImpl.newInstance(DelegatingConstructorAccessorImpl.java:45)
                        	at java.lang.reflect.Constructor.newInstance(Constructor.java:423)
                        	at org.openqa.selenium.remote.ErrorHandler.createThrowable(ErrorHandler.java:216)
                        	at org.openqa.selenium.remote.ErrorHandler.throwIfResponseFailed(ErrorHandler.java:168)
                        	at org.openqa.selenium.remote.RemoteWebDriver.execute(RemoteWebDriver.java:638)
                        	at org.openqa.selenium.remote.RemoteWebElement.execute(RemoteWebElement.java:274)
                        	at org.openqa.selenium.remote.RemoteWebElement.click(RemoteWebElement.java:84)
                        	at sun.reflect.GeneratedMethodAccessor2.invoke(Unknown Source)
                        	at sun.reflect.DelegatingMethodAccessorImpl.invoke(DelegatingMethodAccessorImpl.java:43)
                        	at java.lang.reflect.Method.invoke(Method.java:498)
                        	at org.openqa.selenium.support.pagefactory.internal.LocatingElementHandler.invoke(LocatingElementHandler.java:51)
                        	at com.sun.proxy.$Proxy10.click(Unknown Source)
                        	at com.mobiotics.hits.commompages.HomePage.navigateToRenewMenu_BeforeExpiryPage(HomePage.java:204)
                        	at com.mobiotics.hits.TESTCASES.Renew_BeforeExpiryPageTest.testRenew_BeforeExpiryPageTest(Renew_BeforeExpiryPageTest.java:14)
                        	at sun.reflect.NativeMethodAccessorImpl.invoke0(Native Method)
                        	at sun.reflect.NativeMethodAccessorImpl.invoke(NativeMethodAccessorImpl.java:62)
                        	at sun.reflect.DelegatingMethodAccessorImpl.invoke(DelegatingMethodAccessorImpl.java:43)
                        	at java.lang.reflect.Method.invoke(Method.java:498)
                        	at org.testng.internal.MethodInvocationHelper.invokeMethod(MethodInvocationHelper.java:108)
                        	at org.testng.internal.Invoker.invokeMethod(Invoker.java:661)
                        	at org.testng.internal.Invoker.invokeTestMethod(Invoker.java:869)
                        	at org.testng.internal.Invoker.invokeTestMethods(Invoker.java:1193)
                        	at org.testng.internal.TestMethodWorker.invokeTestMethods(TestMethodWorker.java:126)
                        	at org.testng.internal.TestMethodWorker.run(TestMethodWorker.java:109)
                        	at org.testng.TestRunner.privateRun(TestRunner.java:744)
                        	at org.testng.TestRunner.run(TestRunner.java:602)
                        	at org.testng.SuiteRunner.runTest(SuiteRunner.java:380)
                        	at org.testng.SuiteRunner.runSequentially(SuiteRunner.java:375)
                        	at org.testng.SuiteRunner.privateRun(SuiteRunner.java:340)
                        	at org.testng.SuiteRunner.run(SuiteRunner.java:289)
                        	at org.testng.SuiteRunnerWorker.runSuite(SuiteRunnerWorker.java:52)
                        	at org.testng.SuiteRunnerWorker.run(SuiteRunnerWorker.java:86)
                        	at org.testng.TestNG.runSuitesSequentially(TestNG.java:1301)
                        	at org.testng.TestNG.runSuitesLocally(TestNG.java:1226)
                        	at org.testng.TestNG.runSuites(TestNG.java:1144)
                        	at org.testng.TestNG.run(TestNG.java:1115)
                        	at org.testng.remote.AbstractRemoteTestNG.run(AbstractRemoteTestNG.java:132)
                        	at org.testng.remote.RemoteTestNG.initAndRun(RemoteTestNG.java:230)
                        	at org.testng.remote.RemoteTestNG.main(RemoteTestNG.java:76)
                     </pre>
                  </div>
               </td>
            </tr>
         </table>
         <br></br>
         <table class="testMethodsTable" cellpadding="0" cellspacing="0">
            <tr>
               <td colspan="4">
                  <h3 style="display: inline;">com.mobiotics.hits.TESTCASES.Report_ExpiryReportPageTest</h3>
               </td>
            </tr>
            <tr class="methodsTableHeader">
               <td width="100%">Name</td>
               <td nowrap="true">Started</td>
               <td nowrap="true">Duration</td>
               <td>Exception</td>
            </tr>
            <tr id="com.mobiotics.hits.TESTCASES.Report_ExpiryReportPageTest_testReport_ExpiryReportPageTest_byClass_PASS1_row"
                class="testMethodStatusPASS">
               <td width="100%" class="firstMethodCell">
                  <a onclick="toggleDetailsVisibility('com.mobiotics.hits.TESTCASES.Report_ExpiryReportPageTest_testReport_ExpiryReportPageTest_byClass_PASS1_details')">testReport_ExpiryReportPageTest()</a>
               </td>
               <td nowrap="true">20:34:21</td>
               <td nowrap="true" align="right">1s
                  
               </td>
               <td nowrap="true">
                   
                  
               </td>
            </tr>
            <tr>
               <td colspan="4" class="detailsBox">
                  <div id="com.mobiotics.hits.TESTCASES.Report_ExpiryReportPageTest_testReport_ExpiryReportPageTest_byClass_PASS1_details"
                       class="testMethodDetails">
                     <div>
                        <b>Name: </b>testReport_ExpiryReportPageTest
                     </div>
                     <div>
                        <b>Signature: </b>testReport_ExpiryReportPageTest()[pri:0, instance:com.mobiotics.hits.TESTCASES.Report_ExpiryReportPageTest@11438d26]
                     </div>
                     <div>
                        <b>Start time: </b>20:34:21
                     </div>
                     <div>
                        <b>End time: </b>20:34:22
                     </div>
                     <div>
                        <b>Duration: </b>1s
                        
                     </div>
                  </div>
               </td>
            </tr>
            <tr></tr>
         </table>
         <br></br>
         <table class="testMethodsTable" cellpadding="0" cellspacing="0">
            <tr>
               <td colspan="4">
                  <h3 style="display: inline;">com.mobiotics.hits.TESTCASES.Report_JobReportPageTest</h3>
               </td>
            </tr>
            <tr class="methodsTableHeader">
               <td width="100%">Name</td>
               <td nowrap="true">Started</td>
               <td nowrap="true">Duration</td>
               <td>Exception</td>
            </tr>
            <tr id="com.mobiotics.hits.TESTCASES.Report_JobReportPageTest_testReport_JobReportPageTest_byClass_PASS1_row"
                class="testMethodStatusPASS">
               <td width="100%" class="firstMethodCell">
                  <a onclick="toggleDetailsVisibility('com.mobiotics.hits.TESTCASES.Report_JobReportPageTest_testReport_JobReportPageTest_byClass_PASS1_details')">testReport_JobReportPageTest()</a>
               </td>
               <td nowrap="true">20:34:22</td>
               <td nowrap="true" align="right">1m
                  24s
                  
               </td>
               <td nowrap="true">
                   
                  
               </td>
            </tr>
            <tr>
               <td colspan="4" class="detailsBox">
                  <div id="com.mobiotics.hits.TESTCASES.Report_JobReportPageTest_testReport_JobReportPageTest_byClass_PASS1_details"
                       class="testMethodDetails">
                     <div>
                        <b>Name: </b>testReport_JobReportPageTest
                     </div>
                     <div>
                        <b>Signature: </b>testReport_JobReportPageTest()[pri:0, instance:com.mobiotics.hits.TESTCASES.Report_JobReportPageTest@34cd072c]
                     </div>
                     <div>
                        <b>Start time: </b>20:34:22
                     </div>
                     <div>
                        <b>End time: </b>20:35:47
                     </div>
                     <div>
                        <b>Duration: </b>1m
                        24s
                        
                     </div>
                  </div>
               </td>
            </tr>
            <tr></tr>
         </table>
         <br></br>
         <table class="testMethodsTable" cellpadding="0" cellspacing="0">
            <tr>
               <td colspan="4">
                  <h3 style="display: inline;">com.mobiotics.hits.TESTCASES.Ticket_CreateTicketPageTest</h3>
               </td>
            </tr>
            <tr class="methodsTableHeader">
               <td width="100%">Name</td>
               <td nowrap="true">Started</td>
               <td nowrap="true">Duration</td>
               <td>Exception</td>
            </tr>
            <tr id="com.mobiotics.hits.TESTCASES.Ticket_CreateTicketPageTest_testTicket_CreateTicketPageTest_byClass_PASS1_row"
                class="testMethodStatusPASS">
               <td width="100%" class="firstMethodCell">
                  <a onclick="toggleDetailsVisibility('com.mobiotics.hits.TESTCASES.Ticket_CreateTicketPageTest_testTicket_CreateTicketPageTest_byClass_PASS1_details')">testTicket_CreateTicketPageTest()</a>
               </td>
               <td nowrap="true">20:37:47</td>
               <td nowrap="true" align="right">4s
                  
               </td>
               <td nowrap="true">
                   
                  
               </td>
            </tr>
            <tr>
               <td colspan="4" class="detailsBox">
                  <div id="com.mobiotics.hits.TESTCASES.Ticket_CreateTicketPageTest_testTicket_CreateTicketPageTest_byClass_PASS1_details"
                       class="testMethodDetails">
                     <div>
                        <b>Name: </b>testTicket_CreateTicketPageTest
                     </div>
                     <div>
                        <b>Signature: </b>testTicket_CreateTicketPageTest()[pri:0, instance:com.mobiotics.hits.TESTCASES.Ticket_CreateTicketPageTest@2bbf4b8b]
                     </div>
                     <div>
                        <b>Start time: </b>20:37:47
                     </div>
                     <div>
                        <b>End time: </b>20:37:51
                     </div>
                     <div>
                        <b>Duration: </b>4s
                        
                     </div>
                  </div>
               </td>
            </tr>
            <tr></tr>
         </table>
         <br></br>
         <table class="testMethodsTable" cellpadding="0" cellspacing="0">
            <tr>
               <td colspan="4">
                  <h3 style="display: inline;">com.mobiotics.hits.TESTCASES.Ticket_ListTicketPageTest</h3>
               </td>
            </tr>
            <tr class="methodsTableHeader">
               <td width="100%">Name</td>
               <td nowrap="true">Started</td>
               <td nowrap="true">Duration</td>
               <td>Exception</td>
            </tr>
            <tr id="com.mobiotics.hits.TESTCASES.Ticket_ListTicketPageTest_testTicket_ListTicketPageTest_byClass_PASS1_row"
                class="testMethodStatusPASS">
               <td width="100%" class="firstMethodCell">
                  <a onclick="toggleDetailsVisibility('com.mobiotics.hits.TESTCASES.Ticket_ListTicketPageTest_testTicket_ListTicketPageTest_byClass_PASS1_details')">testTicket_ListTicketPageTest()</a>
               </td>
               <td nowrap="true">20:37:51</td>
               <td nowrap="true" align="right">7s
                  
               </td>
               <td nowrap="true">
                   
                  
               </td>
            </tr>
            <tr>
               <td colspan="4" class="detailsBox">
                  <div id="com.mobiotics.hits.TESTCASES.Ticket_ListTicketPageTest_testTicket_ListTicketPageTest_byClass_PASS1_details"
                       class="testMethodDetails">
                     <div>
                        <b>Name: </b>testTicket_ListTicketPageTest
                     </div>
                     <div>
                        <b>Signature: </b>testTicket_ListTicketPageTest()[pri:0, instance:com.mobiotics.hits.TESTCASES.Ticket_ListTicketPageTest@30a3107a]
                     </div>
                     <div>
                        <b>Start time: </b>20:37:51
                     </div>
                     <div>
                        <b>End time: </b>20:37:58
                     </div>
                     <div>
                        <b>Duration: </b>7s
                        
                     </div>
                  </div>
               </td>
            </tr>
            <tr></tr>
         </table>
         <br></br>
      </div>
      <div style="margin-top: 15px; color: gray; text-align: center; font-size: 9px;">
         Generated with
         
         <a href="http://code.google.com/p/testng-xslt/" style="color: #8888aa;"
            target="_blank">
            TestNG XSLT
            
         </a>
      </div>
   </body>
</html>